Determining if the pthread_create exist failed with the following output:
Change Dir: /home/nuc/yi/vins/vins_catkin_ws/build/mav_msgs/CMakeFiles/CMakeTmp

Run Build Command:"/usr/bin/make" "cmTC_1f0ce/fast"
/usr/bin/make -f CMakeFiles/cmTC_1f0ce.dir/build.make CMakeFiles/cmTC_1f0ce.dir/build
make[1]: 正在进入目录 `/home/nuc/yi/vins/vins_catkin_ws/build/mav_msgs/CMakeFiles/CMakeTmp'
Building C object CMakeFiles/cmTC_1f0ce.dir/CheckSymbolExists.c.o
/usr/bin/cc    -o CMakeFiles/cmTC_1f0ce.dir/CheckSymbolExists.c.o   -c /home/nuc/yi/vins/vins_catkin_ws/build/mav_msgs/CMakeFiles/CMakeTmp/CheckSymbolExists.c
Linking C executable cmTC_1f0ce
/usr/local/bin/cmake -E cmake_link_script CMakeFiles/cmTC_1f0ce.dir/link.txt --verbose=1
/usr/bin/cc      -rdynamic CMakeFiles/cmTC_1f0ce.dir/CheckSymbolExists.c.o  -o cmTC_1f0ce 
CMakeFiles/cmTC_1f0ce.dir/CheckSymbolExists.c.o：在函数‘main’中：
CheckSymbolExists.c:(.text+0x16)：对‘pthread_create’未定义的引用
collect2: error: ld returned 1 exit status
make[1]: *** [cmTC_1f0ce] 错误 1
make[1]:正在离开目录 `/home/nuc/yi/vins/vins_catkin_ws/build/mav_msgs/CMakeFiles/CMakeTmp'
make: *** [cmTC_1f0ce/fast] 错误 2

File /home/nuc/yi/vins/vins_catkin_ws/build/mav_msgs/CMakeFiles/CMakeTmp/CheckSymbolExists.c:
/* */
#include <pthread.h>

int main(int argc, char** argv)
{
  (void)argv;
#ifndef pthread_create
  return ((int*)(&pthread_create))[argc];
#else
  (void)argc;
  return 0;
#endif
}

Determining if the function pthread_create exists in the pthreads failed with the following output:
Change Dir: /home/nuc/yi/vins/vins_catkin_ws/build/mav_msgs/CMakeFiles/CMakeTmp

Run Build Command:"/usr/bin/make" "cmTC_88185/fast"
/usr/bin/make -f CMakeFiles/cmTC_88185.dir/build.make CMakeFiles/cmTC_88185.dir/build
make[1]: 正在进入目录 `/home/nuc/yi/vins/vins_catkin_ws/build/mav_msgs/CMakeFiles/CMakeTmp'
Building C object CMakeFiles/cmTC_88185.dir/CheckFunctionExists.c.o
/usr/bin/cc   -DCHECK_FUNCTION_EXISTS=pthread_create   -o CMakeFiles/cmTC_88185.dir/CheckFunctionExists.c.o   -c /usr/local/share/cmake-3.9/Modules/CheckFunctionExists.c
Linking C executable cmTC_88185
/usr/local/bin/cmake -E cmake_link_script CMakeFiles/cmTC_88185.dir/link.txt --verbose=1
/usr/bin/cc  -DCHECK_FUNCTION_EXISTS=pthread_create    -rdynamic CMakeFiles/cmTC_88185.dir/CheckFunctionExists.c.o  -o cmTC_88185 -lpthreads 
/usr/bin/ld: 找不到 -lpthreads
collect2: error: ld returned 1 exit status
make[1]: *** [cmTC_88185] 错误 1
make[1]:正在离开目录 `/home/nuc/yi/vins/vins_catkin_ws/build/mav_msgs/CMakeFiles/CMakeTmp'
make: *** [cmTC_88185/fast] 错误 2


