Determining if the pthread_create exist failed with the following output:
Change Dir: /home/nuc/yi/vins/vins_catkin_ws/build/waypoint_navigator/CMakeFiles/CMakeTmp

Run Build Command:"/usr/bin/make" "cmTC_0864b/fast"
/usr/bin/make -f CMakeFiles/cmTC_0864b.dir/build.make CMakeFiles/cmTC_0864b.dir/build
make[1]: 正在进入目录 `/home/nuc/yi/vins/vins_catkin_ws/build/waypoint_navigator/CMakeFiles/CMakeTmp'
Building C object CMakeFiles/cmTC_0864b.dir/CheckSymbolExists.c.o
/usr/bin/cc    -o CMakeFiles/cmTC_0864b.dir/CheckSymbolExists.c.o   -c /home/nuc/yi/vins/vins_catkin_ws/build/waypoint_navigator/CMakeFiles/CMakeTmp/CheckSymbolExists.c
Linking C executable cmTC_0864b
/usr/local/bin/cmake -E cmake_link_script CMakeFiles/cmTC_0864b.dir/link.txt --verbose=1
/usr/bin/cc      -rdynamic CMakeFiles/cmTC_0864b.dir/CheckSymbolExists.c.o  -o cmTC_0864b 
CMakeFiles/cmTC_0864b.dir/CheckSymbolExists.c.o：在函数‘main’中：
CheckSymbolExists.c:(.text+0x16)：对‘pthread_create’未定义的引用
collect2: error: ld returned 1 exit status
make[1]: *** [cmTC_0864b] 错误 1
make[1]:正在离开目录 `/home/nuc/yi/vins/vins_catkin_ws/build/waypoint_navigator/CMakeFiles/CMakeTmp'
make: *** [cmTC_0864b/fast] 错误 2

File /home/nuc/yi/vins/vins_catkin_ws/build/waypoint_navigator/CMakeFiles/CMakeTmp/CheckSymbolExists.c:
/* */
#include <pthread.h>

int main(int argc, char** argv)
{
  (void)argv;
#ifndef pthread_create
  return ((int*)(&pthread_create))[argc];
#else
  (void)argc;
  return 0;
#endif
}

Determining if the function pthread_create exists in the pthreads failed with the following output:
Change Dir: /home/nuc/yi/vins/vins_catkin_ws/build/waypoint_navigator/CMakeFiles/CMakeTmp

Run Build Command:"/usr/bin/make" "cmTC_ce6f1/fast"
/usr/bin/make -f CMakeFiles/cmTC_ce6f1.dir/build.make CMakeFiles/cmTC_ce6f1.dir/build
make[1]: 正在进入目录 `/home/nuc/yi/vins/vins_catkin_ws/build/waypoint_navigator/CMakeFiles/CMakeTmp'
Building C object CMakeFiles/cmTC_ce6f1.dir/CheckFunctionExists.c.o
/usr/bin/cc   -DCHECK_FUNCTION_EXISTS=pthread_create   -o CMakeFiles/cmTC_ce6f1.dir/CheckFunctionExists.c.o   -c /usr/local/share/cmake-3.9/Modules/CheckFunctionExists.c
Linking C executable cmTC_ce6f1
/usr/local/bin/cmake -E cmake_link_script CMakeFiles/cmTC_ce6f1.dir/link.txt --verbose=1
/usr/bin/cc  -DCHECK_FUNCTION_EXISTS=pthread_create    -rdynamic CMakeFiles/cmTC_ce6f1.dir/CheckFunctionExists.c.o  -o cmTC_ce6f1 -lpthreads 
/usr/bin/ld: 找不到 -lpthreads
collect2: error: ld returned 1 exit status
make[1]: *** [cmTC_ce6f1] 错误 1
make[1]:正在离开目录 `/home/nuc/yi/vins/vins_catkin_ws/build/waypoint_navigator/CMakeFiles/CMakeTmp'
make: *** [cmTC_ce6f1/fast] 错误 2


