/home/nuc/wangl/vins_catkin_ws/build/glog_catkin/glog_src-prefix/src/glog_src/missing: Unknown `--is-lightweight' option
Try `/home/nuc/wangl/vins_catkin_ws/build/glog_catkin/glog_src-prefix/src/glog_src/missing --help' for more information
configure: WARNING: 'missing' script is too old or missing
make[3]: 警告: 子 make 中强制 -jN: 关闭 jobserver 模式。
In file included from [01m[Ksrc/utilities.h:82:0[m[K,
                 from [01m[Ksrc/logging_unittest.cc:33[m[K:
[01m[Ksrc/logging_unittest.cc:[m[K In function ‘[01m[Kvoid TestLogging(bool)[m[K’:
[01m[Ksrc/glog/logging.h:917:30:[m[K [01;35m[Kwarning: [m[Ktypedef ‘[01m[KINVALID_REQUESTED_LOG_SEVERITY[m[K’ locally defined but not used [-Wunused-local-typedefs]
                              INVALID_REQUESTED_LOG_SEVERITY);           \
[01;32m[K                              ^[m[K
[01m[Ksrc/glog/logging.h:912:73:[m[K [01;36m[Knote: [m[Kin definition of macro ‘[01m[KGOOGLE_GLOG_COMPILE_ASSERT[m[K’
   typedef google::glog_internal_namespace_::CompileAssert<(bool(expr))> msg[bool(expr) ? 1 : -1]
[01;32m[K                                                                         ^[m[K
[01m[Ksrc/logging_unittest.cc:254:5:[m[K [01;36m[Knote: [m[Kin expansion of macro ‘[01m[KLOG_EVERY_N[m[K’
     LOG_EVERY_N(ERROR, 4) << "Log every 4, iteration " << COUNTER << endl;
[01;32m[K     ^[m[K
In file included from [01m[K/usr/include/c++/5/ext/hash_set:60:0[m[K,
                 from [01m[Ksrc/glog/stl_logging.h:73[m[K,
                 from [01m[Ksrc/stl_logging_unittest.cc:53[m[K:
[01m[K/usr/include/c++/5/backward/backward_warning.h:32:2:[m[K [01;35m[Kwarning: [m[K#warning This file includes at least one deprecated or antiquated header which may be removed without further notice at a future date. Please use a non-deprecated interface with equivalent functionality instead. For a listing of replacement headers and interfaces, consult the file backward_warning.h. To disable this warning use -Wno-deprecated. [-Wcpp]
 #warning \
[01;32m[K  ^[m[K
In file included from [01m[Ksrc/utilities.h:73:0[m[K,
                 from [01m[Ksrc/googletest.h:38[m[K,
                 from [01m[Ksrc/stl_logging_unittest.cc:54[m[K:
[01m[Ksrc/base/mutex.h:137:0:[m[K [01;35m[Kwarning: [m[K"_XOPEN_SOURCE" redefined
 #   define _XOPEN_SOURCE 500  // may be needed to get the rwlock calls
[01;32m[K ^[m[K
In file included from [01m[K/usr/include/x86_64-linux-gnu/c++/5/bits/os_defines.h:39:0[m[K,
                 from [01m[K/usr/include/x86_64-linux-gnu/c++/5/bits/c++config.h:489[m[K,
                 from [01m[K/usr/include/c++/5/iostream:38[m[K,
                 from [01m[Ksrc/stl_logging_unittest.cc:34[m[K:
[01m[K/usr/include/features.h:162:0:[m[K [01;36m[Knote: [m[Kthis is the location of the previous definition
 # define _XOPEN_SOURCE 700
[01;32m[K ^[m[K
make[3]: 警告: 子 make 中强制 -jN: 关闭 jobserver 模式。
