In file included from [01m[K/home/nuc/yi/vins/vins_catkin_ws/src/waypoint_navigator/src/waypoint_navigator_node.cpp:33:0[m[K:
[01m[K/home/nuc/yi/vins/vins_catkin_ws/src/waypoint_navigator/include/waypoint_navigator/waypoint_navigator_node.h:155:5:[m[K [01;31m[Kerror: [m[K‘[01m[KRect2d[m[K’ does not name a type; did you mean ‘[01m[Kgetwd[m[K’?
     [01;31m[KRect2d[m[K computeGoal();
     [01;31m[K^~~~~~[m[K
     [32m[Kgetwd[m[K
[01m[K/home/nuc/yi/vins/vins_catkin_ws/src/waypoint_navigator/src/waypoint_navigator_node.cpp:59:1:[m[K [01;31m[Kerror: [m[K‘[01m[KPtr[m[K’ does not name a type
 [01;31m[KPtr[m[K<Tracker> tarck = TrackerKCF::create();
 [01;31m[K^~~[m[K
[01m[K/home/nuc/yi/vins/vins_catkin_ws/src/waypoint_navigator/src/waypoint_navigator_node.cpp:372:51:[m[K [01;31m[Kerror: [m[Kno ‘[01m[Kcv::Rect2d waypoint_navigator::WaypointNavigatorNode::computeGoal()[m[K’ member function declared in class ‘[01m[Kwaypoint_navigator::WaypointNavigatorNode[m[K’
     cv::Rect2d WaypointNavigatorNode::computeGoal([01;31m[K)[m[K {
                                                   [01;31m[K^[m[K
[01m[K/home/nuc/yi/vins/vins_catkin_ws/src/waypoint_navigator/src/waypoint_navigator_node.cpp:[m[K In member function ‘[01m[Kbool waypoint_navigator::WaypointNavigatorNode::addGoalToPath()[m[K’:
[01m[K/home/nuc/yi/vins/vins_catkin_ws/src/waypoint_navigator/src/waypoint_navigator_node.cpp:447:15:[m[K [01;31m[Kerror: [m[K‘[01m[KcomputeGoal[m[K’ was not declared in this scope
         ROI = [01;31m[KcomputeGoal[m[K();
               [01;31m[K^~~~~~~~~~~[m[K
[01m[K/home/nuc/yi/vins/vins_catkin_ws/src/waypoint_navigator/src/waypoint_navigator_node.cpp:447:15:[m[K [01;36m[Knote: [m[Ksuggested alternative: ‘[01m[Kcomputelocation[m[K’
         ROI = [01;36m[KcomputeGoal[m[K();
               [01;36m[K^~~~~~~~~~~[m[K
               [32m[Kcomputelocation[m[K
make[2]: *** [CMakeFiles/waypoint_navigator_node.dir/src/waypoint_navigator_node.cpp.o] 错误 1
make[1]: *** [CMakeFiles/waypoint_navigator_node.dir/all] 错误 2
make: *** [all] 错误 2
