[01m[K/home/nuc/yi/vins/vins_catkin_ws/src/waypoint_navigator/src/waypoint_navigator_node.cpp:[m[K In member function ‘[01m[Kvoid waypoint_navigator::WaypointNavigatorNode::computeGoal()[m[K’:
[01m[K/home/nuc/yi/vins/vins_catkin_ws/src/waypoint_navigator/src/waypoint_navigator_node.cpp:329:51:[m[K [01;31m[Kerror: [m[Kno match for call to ‘[01m[K(cv::Point {aka cv::Point_<int>}) (double&, double&)[m[K’
                 goal_location(goal_east,goal_north[01;31m[K)[m[K;
                                                   [01;31m[K^[m[K
[01m[K/home/nuc/yi/vins/vins_catkin_ws/src/waypoint_navigator/src/waypoint_navigator_node.cpp:331:28:[m[K [01;31m[Kerror: [m[K‘[01m[Kpic[m[K’ was not declared in this scope
                 std::cout<<[01;31m[Kpic[m[K.at<uint16_t>(goal_east,goal_north)<<std::endl;
                            [01;31m[K^~~[m[K
[01m[K/home/nuc/yi/vins/vins_catkin_ws/src/waypoint_navigator/src/waypoint_navigator_node.cpp:331:28:[m[K [01;36m[Knote: [m[Ksuggested alternative: ‘[01m[Knice[m[K’
                 std::cout<<[01;36m[Kpic[m[K.at<uint16_t>(goal_east,goal_north)<<std::endl;
                            [01;36m[K^~~[m[K
                            [32m[Knice[m[K
[01m[K/home/nuc/yi/vins/vins_catkin_ws/src/waypoint_navigator/src/waypoint_navigator_node.cpp:331:43:[m[K [01;31m[Kerror: [m[Kexpected primary-expression before ‘[01m[K>[m[K’ token
                 std::cout<<pic.at<uint16_t[01;31m[K>[m[K(goal_east,goal_north)<<std::endl;
                                           [01;31m[K^[m[K
[01m[K/home/nuc/yi/vins/vins_catkin_ws/src/waypoint_navigator/src/waypoint_navigator_node.cpp:331:66:[m[K [01;31m[Kerror: [m[Kinvalid operands of types ‘[01m[Kdouble[m[K’ and ‘[01m[K<unresolved overloaded function type>[m[K’ to binary ‘[01m[Koperator<<[m[K’
                 std::cout<<pic.at<uint16_t>[01;31m[K(goal_east,goal_north)<<std[m[K::endl;
                                            [01;31m[K~~~~~~~~~~~~~~~~~~~~~~^~~~~[m[K
make[2]: *** [CMakeFiles/waypoint_navigator_node.dir/src/waypoint_navigator_node.cpp.o] 错误 1
make[1]: *** [CMakeFiles/waypoint_navigator_node.dir/all] 错误 2
make: *** [all] 错误 2
