[  0%] Built target mav_planning_msgs_generate_messages_cpp
[  0%] Built target sensor_msgs_generate_messages_py
[  0%] Built target roscpp_generate_messages_py
[  0%] Built target _waypoint_navigator_generate_messages_check_deps_GoToPoseWaypoints
[  0%] Built target std_msgs_generate_messages_py
[  0%] Built target _waypoint_navigator_generate_messages_check_deps_GoToWaypoints
[  0%] Built target geometry_msgs_generate_messages_py
[  0%] Built target _waypoint_navigator_generate_messages_check_deps_ExecutePathFromFile
[  0%] Built target mav_msgs_generate_messages_py
[  0%] Built target mav_planning_msgs_generate_messages_py
[  0%] Built target _waypoint_navigator_generate_messages_check_deps_GoToWaypoint
[  0%] Built target std_msgs_generate_messages_lisp
[  0%] Built target tf_generate_messages_lisp
[  0%] Built target rosgraph_msgs_generate_messages_py
[  0%] Built target sensor_msgs_generate_messages_cpp
[  0%] Built target geometry_msgs_generate_messages_cpp
[  0%] Built target roscpp_generate_messages_cpp
[  0%] Built target _waypoint_navigator_generate_messages_check_deps_GoToHeight
[  0%] Built target std_msgs_generate_messages_cpp
[  0%] Built target mav_msgs_generate_messages_cpp
[  0%] Built target rosgraph_msgs_generate_messages_lisp
[  0%] Built target mav_planning_msgs_generate_messages_lisp
[  0%] Built target mav_msgs_generate_messages_lisp
[  0%] Built target sensor_msgs_generate_messages_lisp
[  0%] Built target geometry_msgs_generate_messages_lisp
[  0%] Built target roscpp_generate_messages_lisp
[  0%] Built target std_srvs_generate_messages_cpp
[  0%] Built target tf_generate_messages_cpp
[  0%] Built target tf_generate_messages_py
[  0%] Built target trajectory_msgs_generate_messages_py
[  0%] Built target tf2_msgs_generate_messages_lisp
[  0%] Built target visualization_msgs_generate_messages_py
[  0%] Built target std_srvs_generate_messages_lisp
[  0%] Built target rosgraph_msgs_generate_messages_cpp
[  0%] Built target trajectory_msgs_generate_messages_cpp
[  0%] Built target tf2_msgs_generate_messages_cpp
[  0%] Built target actionlib_msgs_generate_messages_py
[  0%] Built target actionlib_generate_messages_cpp
[  0%] Built target actionlib_generate_messages_lisp
[  0%] Built target actionlib_msgs_generate_messages_cpp
[  0%] Built target actionlib_generate_messages_py
[  0%] Built target actionlib_msgs_generate_messages_lisp
[  0%] Built target std_srvs_generate_messages_py
[  0%] Built target visualization_msgs_generate_messages_lisp
[  0%] Built target tf2_msgs_generate_messages_py
[  0%] Built target visualization_msgs_generate_messages_cpp
[ 33%] Built target waypoint_navigator_generate_messages_py
[ 61%] Built target waypoint_navigator_generate_messages_cpp
[ 61%] Built target trajectory_msgs_generate_messages_lisp
[ 88%] Built target waypoint_navigator_generate_messages_lisp
[35m[1mScanning dependencies of target waypoint_navigator_node[0m
[ 88%] Built target waypoint_navigator_generate_messages
[ 94%] [32mBuilding CXX object CMakeFiles/waypoint_navigator_node.dir/src/waypoint_navigator_node.cpp.o[0m
[01m[K/home/nuc/yi/vins/vins_catkin_ws/src/waypoint_navigator/src/waypoint_navigator_node.cpp:[m[K In function ‘[01m[Kvoid waypoint_navigator::goal_camCallback(const ImageConstPtr&)[m[K’:
[01m[K/home/nuc/yi/vins/vins_catkin_ws/src/waypoint_navigator/src/waypoint_navigator_node.cpp:168:49:[m[K [01;31m[Kerror: [m[Kcannot convert ‘[01m[Kcv::Mat[m[K’ to ‘[01m[Kconst CvArr* {aka const void*}[m[K’ for argument ‘[01m[K1[m[K’ to ‘[01m[Kvoid cvCvtColor(const CvArr*, CvArr*, int)[m[K’
         cvCvtColor(frame,frame,cv::COLOR_BGR2RGB[01;31m[K)[m[K;
                                                 [01;31m[K^[m[K
make[2]: *** [CMakeFiles/waypoint_navigator_node.dir/src/waypoint_navigator_node.cpp.o] 错误 1
make[1]: *** [CMakeFiles/waypoint_navigator_node.dir/all] 错误 2
make: *** [all] 错误 2
