[  0%] Built target sensor_msgs_generate_messages_py
[  0%] Built target mav_planning_msgs_generate_messages_cpp
[  0%] Built target roscpp_generate_messages_py
[  0%] Built target _waypoint_navigator_generate_messages_check_deps_GoToWaypoints
[  0%] Built target std_msgs_generate_messages_py
[  0%] Built target _waypoint_navigator_generate_messages_check_deps_GoToPoseWaypoints
[  0%] Built target _waypoint_navigator_generate_messages_check_deps_ExecutePathFromFile
[  0%] Built target mav_msgs_generate_messages_py
[  0%] Built target geometry_msgs_generate_messages_py
[  0%] Built target _waypoint_navigator_generate_messages_check_deps_GoToWaypoint
[  0%] Built target mav_planning_msgs_generate_messages_py
[  0%] Built target _waypoint_navigator_generate_messages_check_deps_GoToHeight
[  0%] Built target std_msgs_generate_messages_lisp
[  0%] Built target tf_generate_messages_lisp
[  0%] Built target sensor_msgs_generate_messages_cpp
[  0%] Built target rosgraph_msgs_generate_messages_py
[  0%] Built target geometry_msgs_generate_messages_cpp
[  0%] Built target roscpp_generate_messages_cpp
[  0%] Built target std_msgs_generate_messages_cpp
[  0%] Built target rosgraph_msgs_generate_messages_lisp
[  0%] Built target mav_msgs_generate_messages_cpp
[  0%] Built target mav_msgs_generate_messages_lisp
[  0%] Built target mav_planning_msgs_generate_messages_lisp
[  0%] Built target sensor_msgs_generate_messages_lisp
[  0%] Built target geometry_msgs_generate_messages_lisp
[  0%] Built target roscpp_generate_messages_lisp
[  0%] Built target std_srvs_generate_messages_cpp
[  0%] Built target tf_generate_messages_cpp
[  0%] Built target trajectory_msgs_generate_messages_py
[  0%] Built target tf_generate_messages_py
[  0%] Built target tf2_msgs_generate_messages_lisp
[  0%] Built target visualization_msgs_generate_messages_py
[  0%] Built target std_srvs_generate_messages_lisp
[  0%] Built target rosgraph_msgs_generate_messages_cpp
[  0%] Built target tf2_msgs_generate_messages_cpp
[  0%] Built target trajectory_msgs_generate_messages_cpp
[  0%] Built target actionlib_generate_messages_cpp
[  0%] Built target actionlib_generate_messages_lisp
[  0%] Built target actionlib_msgs_generate_messages_py
[  0%] Built target actionlib_generate_messages_py
[  0%] Built target actionlib_msgs_generate_messages_lisp
[  0%] Built target actionlib_msgs_generate_messages_cpp
[  0%] Built target tf2_msgs_generate_messages_py
[  0%] Built target visualization_msgs_generate_messages_lisp
[  0%] Built target std_srvs_generate_messages_py
[  0%] Built target trajectory_msgs_generate_messages_lisp
[  0%] Built target visualization_msgs_generate_messages_cpp
[ 27%] Built target waypoint_navigator_generate_messages_lisp
[ 61%] Built target waypoint_navigator_generate_messages_py
[ 88%] Built target waypoint_navigator_generate_messages_cpp
[ 88%] Built target waypoint_navigator_generate_messages
[35m[1mScanning dependencies of target waypoint_navigator_node[0m
[ 94%] [32mBuilding CXX object CMakeFiles/waypoint_navigator_node.dir/src/waypoint_navigator_node.cpp.o[0m
[01m[K/home/nuc/yi/vins/vins_catkin_ws/src/waypoint_navigator/src/waypoint_navigator_node.cpp:[m[K In function ‘[01m[Kvoid waypoint_navigator::goal_camCallback(const ImageConstPtr&)[m[K’:
[01m[K/home/nuc/yi/vins/vins_catkin_ws/src/waypoint_navigator/src/waypoint_navigator_node.cpp:168:13:[m[K [01;31m[Kerror: [m[K‘[01m[KcvCvtColor[m[K’ is not a member of ‘[01m[Kcv[m[K’
         cv::[01;31m[KcvCvtColor[m[K(frame,frame,cv::COLOR_BGR2RGB);
             [01;31m[K^~~~~~~~~~[m[K
[01m[K/home/nuc/yi/vins/vins_catkin_ws/src/waypoint_navigator/src/waypoint_navigator_node.cpp:168:13:[m[K [01;36m[Knote: [m[Ksuggested alternative: ‘[01m[KcvtColor[m[K’
         cv::[01;36m[KcvCvtColor[m[K(frame,frame,cv::COLOR_BGR2RGB);
             [01;36m[K^~~~~~~~~~[m[K
             [32m[KcvtColor[m[K
make[2]: *** [CMakeFiles/waypoint_navigator_node.dir/src/waypoint_navigator_node.cpp.o] 错误 1
make[1]: *** [CMakeFiles/waypoint_navigator_node.dir/all] 错误 2
make: *** [all] 错误 2
