[01m[K/home/nuc/yi/vins/vins_catkin_ws/src/waypoint_navigator/src/waypoint_navigator_node.cpp:[m[K In function ‘[01m[Kvoid waypoint_navigator::computelocation()[m[K’:
[01m[K/home/nuc/yi/vins/vins_catkin_ws/src/waypoint_navigator/src/waypoint_navigator_node.cpp:62:18:[m[K [01;31m[Kerror: [m[Kexpected identifier before ‘[01m[K-[m[K’ token
     T_matrix = [ [01;31m[K-[m[K5.7586305857286746e-03, -4.0463318787729019e-03,
                  [01;31m[K^[m[K
[01m[K/home/nuc/yi/vins/vins_catkin_ws/src/waypoint_navigator/src/waypoint_navigator_node.cpp:62:41:[m[K [01;31m[Kerror: [m[Kexpected ‘[01m[K][m[K’ before ‘[01m[K,[m[K’ token
     T_matrix = [ -5.7586305857286746e-03[01;31m[K,[m[K -4.0463318787729019e-03,
                                         [01;31m[K^[m[K
[01m[K/home/nuc/yi/vins/vins_catkin_ws/src/waypoint_navigator/src/waypoint_navigator_node.cpp:[m[K In lambda function:
[01m[K/home/nuc/yi/vins/vins_catkin_ws/src/waypoint_navigator/src/waypoint_navigator_node.cpp:62:41:[m[K [01;31m[Kerror: [m[Kexpected ‘[01m[K{[m[K’ before ‘[01m[K,[m[K’ token
[01m[K/home/nuc/yi/vins/vins_catkin_ws/src/waypoint_navigator/src/waypoint_navigator_node.cpp:[m[K In function ‘[01m[Kvoid waypoint_navigator::computelocation()[m[K’:
[01m[K/home/nuc/yi/vins/vins_catkin_ws/src/waypoint_navigator/src/waypoint_navigator_node.cpp:62:41:[m[K [01;31m[Kerror: [m[Kno match for ‘[01m[Koperator=[m[K’ (operand types are ‘[01m[KEigen::Matrix<double, 4, 4>[m[K’ and ‘[01m[Kwaypoint_navigator::computelocation()::<lambda()>[m[K’)
In file included from [01m[K/usr/local/include/eigen3/Eigen/Core:294:0[m[K,
                 from [01m[K/usr/local/include/eigen3/Eigen/Geometry:4[m[K,
                 from [01m[K/home/nuc/yi/vins/vins_catkin_ws/src/mav_comm/mav_msgs/include/mav_msgs/common.h:29[m[K,
                 from [01m[K/home/nuc/yi/vins/vins_catkin_ws/src/mav_comm/mav_msgs/include/mav_msgs/conversions.h:40[m[K,
                 from [01m[K/home/nuc/yi/vins/vins_catkin_ws/src/waypoint_navigator/include/waypoint_navigator/waypoint_navigator_node.h:25[m[K,
                 from [01m[K/home/nuc/yi/vins/vins_catkin_ws/src/waypoint_navigator/src/waypoint_navigator_node.cpp:33[m[K:
[01m[K/usr/local/include/eigen3/Eigen/src/Core/Matrix.h:154:33:[m[K [01;36m[Knote: [m[Kcandidate: Eigen::Matrix<_Scalar, _Rows, _Cols, _Options, _MaxRows, _MaxCols>& Eigen::Matrix<_Scalar, _Rows, _Cols, _Options, _MaxRows, _MaxCols>::operator=(const Eigen::Matrix<_Scalar, _Rows, _Cols, _Options, _MaxRows, _MaxCols>&) [with _Scalar = double; int _Rows = 4; int _Cols = 4; int _Options = 0; int _MaxRows = 4; int _MaxCols = 4]
     EIGEN_STRONG_INLINE Matrix& [01;36m[Koperator[m[K=(const Matrix& other)
                                 [01;36m[K^~~~~~~~[m[K
[01m[K/usr/local/include/eigen3/Eigen/src/Core/Matrix.h:154:33:[m[K [01;36m[Knote: [m[K  no known conversion for argument 1 from ‘[01m[Kwaypoint_navigator::computelocation()::<lambda()>[m[K’ to ‘[01m[Kconst Eigen::Matrix<double, 4, 4>&[m[K’
[01m[K/usr/local/include/eigen3/Eigen/src/Core/Matrix.h:170:33:[m[K [01;36m[Knote: [m[Kcandidate: template<class OtherDerived> Eigen::Matrix<_Scalar, _Rows, _Cols, _Options, _MaxRows, _MaxCols>& Eigen::Matrix<_Scalar, _Rows, _Cols, _Options, _MaxRows, _MaxCols>::operator=(const Eigen::MatrixBase<OtherDerived>&) [with OtherDerived = OtherDerived; _Scalar = double; int _Rows = 4; int _Cols = 4; int _Options = 0; int _MaxRows = 4; int _MaxCols = 4]
     EIGEN_STRONG_INLINE Matrix& [01;36m[Koperator[m[K=(const MatrixBase<OtherDerived>& other)
                                 [01;36m[K^~~~~~~~[m[K
[01m[K/usr/local/include/eigen3/Eigen/src/Core/Matrix.h:170:33:[m[K [01;36m[Knote: [m[K  template argument deduction/substitution failed:
[01m[K/home/nuc/yi/vins/vins_catkin_ws/src/waypoint_navigator/src/waypoint_navigator_node.cpp:62:41:[m[K [01;36m[Knote: [m[K  ‘[01m[Kwaypoint_navigator::computelocation()::<lambda()>[m[K’ is not derived from ‘[01m[Kconst Eigen::MatrixBase<Derived>[m[K’
     T_matrix = [ -5.7586305857286746e-03[01;36m[K,[m[K -4.0463318787729019e-03,
                                         [01;36m[K^[m[K
In file included from [01m[K/usr/local/include/eigen3/Eigen/Core:294:0[m[K,
                 from [01m[K/usr/local/include/eigen3/Eigen/Geometry:4[m[K,
                 from [01m[K/home/nuc/yi/vins/vins_catkin_ws/src/mav_comm/mav_msgs/include/mav_msgs/common.h:29[m[K,
                 from [01m[K/home/nuc/yi/vins/vins_catkin_ws/src/mav_comm/mav_msgs/include/mav_msgs/conversions.h:40[m[K,
                 from [01m[K/home/nuc/yi/vins/vins_catkin_ws/src/waypoint_navigator/include/waypoint_navigator/waypoint_navigator_node.h:25[m[K,
                 from [01m[K/home/nuc/yi/vins/vins_catkin_ws/src/waypoint_navigator/src/waypoint_navigator_node.cpp:33[m[K:
[01m[K/usr/local/include/eigen3/Eigen/src/Core/Matrix.h:182:33:[m[K [01;36m[Knote: [m[Kcandidate: template<class OtherDerived> Eigen::Matrix<_Scalar, _Rows, _Cols, _Options, _MaxRows, _MaxCols>& Eigen::Matrix<_Scalar, _Rows, _Cols, _Options, _MaxRows, _MaxCols>::operator=(const Eigen::EigenBase<OtherDerived>&) [with OtherDerived = OtherDerived; _Scalar = double; int _Rows = 4; int _Cols = 4; int _Options = 0; int _MaxRows = 4; int _MaxCols = 4]
     EIGEN_STRONG_INLINE Matrix& [01;36m[Koperator[m[K=(const EigenBase<OtherDerived> &other)
                                 [01;36m[K^~~~~~~~[m[K
[01m[K/usr/local/include/eigen3/Eigen/src/Core/Matrix.h:182:33:[m[K [01;36m[Knote: [m[K  template argument deduction/substitution failed:
[01m[K/home/nuc/yi/vins/vins_catkin_ws/src/waypoint_navigator/src/waypoint_navigator_node.cpp:62:41:[m[K [01;36m[Knote: [m[K  ‘[01m[Kwaypoint_navigator::computelocation()::<lambda()>[m[K’ is not derived from ‘[01m[Kconst Eigen::EigenBase<Derived>[m[K’
     T_matrix = [ -5.7586305857286746e-03[01;36m[K,[m[K -4.0463318787729019e-03,
                                         [01;36m[K^[m[K
In file included from [01m[K/usr/local/include/eigen3/Eigen/Core:294:0[m[K,
                 from [01m[K/usr/local/include/eigen3/Eigen/Geometry:4[m[K,
                 from [01m[K/home/nuc/yi/vins/vins_catkin_ws/src/mav_comm/mav_msgs/include/mav_msgs/common.h:29[m[K,
                 from [01m[K/home/nuc/yi/vins/vins_catkin_ws/src/mav_comm/mav_msgs/include/mav_msgs/conversions.h:40[m[K,
                 from [01m[K/home/nuc/yi/vins/vins_catkin_ws/src/waypoint_navigator/include/waypoint_navigator/waypoint_navigator_node.h:25[m[K,
                 from [01m[K/home/nuc/yi/vins/vins_catkin_ws/src/waypoint_navigator/src/waypoint_navigator_node.cpp:33[m[K:
[01m[K/usr/local/include/eigen3/Eigen/src/Core/Matrix.h:188:33:[m[K [01;36m[Knote: [m[Kcandidate: template<class OtherDerived> Eigen::Matrix<_Scalar, _Rows, _Cols, _Options, _MaxRows, _MaxCols>& Eigen::Matrix<_Scalar, _Rows, _Cols, _Options, _MaxRows, _MaxCols>::operator=(const Eigen::ReturnByValue<OtherDerived>&) [with OtherDerived = OtherDerived; _Scalar = double; int _Rows = 4; int _Cols = 4; int _Options = 0; int _MaxRows = 4; int _MaxCols = 4]
     EIGEN_STRONG_INLINE Matrix& [01;36m[Koperator[m[K=(const ReturnByValue<OtherDerived>& func)
                                 [01;36m[K^~~~~~~~[m[K
[01m[K/usr/local/include/eigen3/Eigen/src/Core/Matrix.h:188:33:[m[K [01;36m[Knote: [m[K  template argument deduction/substitution failed:
[01m[K/home/nuc/yi/vins/vins_catkin_ws/src/waypoint_navigator/src/waypoint_navigator_node.cpp:62:41:[m[K [01;36m[Knote: [m[K  ‘[01m[Kwaypoint_navigator::computelocation()::<lambda()>[m[K’ is not derived from ‘[01m[Kconst Eigen::ReturnByValue<Derived>[m[K’
     T_matrix = [ -5.7586305857286746e-03[01;36m[K,[m[K -4.0463318787729019e-03,
                                         [01;36m[K^[m[K
In file included from [01m[K/usr/local/include/eigen3/Eigen/Core:294:0[m[K,
                 from [01m[K/usr/local/include/eigen3/Eigen/Geometry:4[m[K,
                 from [01m[K/home/nuc/yi/vins/vins_catkin_ws/src/mav_comm/mav_msgs/include/mav_msgs/common.h:29[m[K,
                 from [01m[K/home/nuc/yi/vins/vins_catkin_ws/src/mav_comm/mav_msgs/include/mav_msgs/conversions.h:40[m[K,
                 from [01m[K/home/nuc/yi/vins/vins_catkin_ws/src/waypoint_navigator/include/waypoint_navigator/waypoint_navigator_node.h:25[m[K,
                 from [01m[K/home/nuc/yi/vins/vins_catkin_ws/src/waypoint_navigator/src/waypoint_navigator_node.cpp:33[m[K:
[01m[K/usr/local/include/eigen3/Eigen/src/Core/Matrix.h:222:13:[m[K [01;36m[Knote: [m[Kcandidate: Eigen::Matrix<_Scalar, _Rows, _Cols, _Options, _MaxRows, _MaxCols>& Eigen::Matrix<_Scalar, _Rows, _Cols, _Options, _MaxRows, _MaxCols>::operator=(Eigen::Matrix<_Scalar, _Rows, _Cols, _Options, _MaxRows, _MaxCols>&&) [with _Scalar = double; int _Rows = 4; int _Cols = 4; int _Options = 0; int _MaxRows = 4; int _MaxCols = 4]
     Matrix& [01;36m[Koperator[m[K=(Matrix&& other)
             [01;36m[K^~~~~~~~[m[K
[01m[K/usr/local/include/eigen3/Eigen/src/Core/Matrix.h:222:13:[m[K [01;36m[Knote: [m[K  no known conversion for argument 1 from ‘[01m[Kwaypoint_navigator::computelocation()::<lambda()>[m[K’ to ‘[01m[KEigen::Matrix<double, 4, 4>&&[m[K’
[01m[K/usr/local/include/eigen3/Eigen/src/Core/Matrix.h:344:13:[m[K [01;36m[Knote: [m[Kcandidate: template<class OtherDerived> Eigen::Matrix<_Scalar, _Rows, _Cols, _Options, _MaxRows, _MaxCols>& Eigen::Matrix<_Scalar, _Rows, _Cols, _Options, _MaxRows, _MaxCols>::operator=(const Eigen::RotationBase<OtherDerived, ColsAtCompileTime>&) [with OtherDerived = OtherDerived; _Scalar = double; int _Rows = 4; int _Cols = 4; int _Options = 0; int _MaxRows = 4; int _MaxCols = 4]
     Matrix& [01;36m[Koperator[m[K=(const RotationBase<OtherDerived,ColsAtCompileTime>& r);
             [01;36m[K^~~~~~~~[m[K
[01m[K/usr/local/include/eigen3/Eigen/src/Core/Matrix.h:344:13:[m[K [01;36m[Knote: [m[K  template argument deduction/substitution failed:
[01m[K/home/nuc/yi/vins/vins_catkin_ws/src/waypoint_navigator/src/waypoint_navigator_node.cpp:62:41:[m[K [01;36m[Knote: [m[K  ‘[01m[Kwaypoint_navigator::computelocation()::<lambda()>[m[K’ is not derived from ‘[01m[Kconst Eigen::RotationBase<OtherDerived, 4>[m[K’
     T_matrix = [ -5.7586305857286746e-03[01;36m[K,[m[K -4.0463318787729019e-03,
                                         [01;36m[K^[m[K
[01m[K/home/nuc/yi/vins/vins_catkin_ws/src/waypoint_navigator/src/waypoint_navigator_node.cpp:69:26:[m[K [01;31m[Kerror: [m[K‘[01m[Kendl[m[K’ was not declared in this scope
     std::cout<<T_matrix<<[01;31m[Kendl[m[K;
                          [01;31m[K^~~~[m[K
[01m[K/home/nuc/yi/vins/vins_catkin_ws/src/waypoint_navigator/src/waypoint_navigator_node.cpp:69:26:[m[K [01;36m[Knote: [m[Ksuggested alternative:
In file included from [01m[K/usr/include/c++/7/iostream:39:0[m[K,
                 from [01m[K/opt/ros/indigo/include/ros/time.h:54[m[K,
                 from [01m[K/opt/ros/indigo/include/ros/serialization.h:34[m[K,
                 from [01m[K/opt/ros/indigo/include/visualization_msgs/Marker.h:14[m[K,
                 from [01m[K/home/nuc/yi/vins/vins_catkin_ws/src/waypoint_navigator/src/waypoint_navigator_node.cpp:20[m[K:
[01m[K/usr/include/c++/7/ostream:590:5:[m[K [01;36m[Knote: [m[K  ‘[01m[Kstd::endl[m[K’
     [01;36m[Kendl[m[K(basic_ostream<_CharT, _Traits>& __os)
     [01;36m[K^~~~[m[K
make[2]: *** [CMakeFiles/waypoint_navigator_node.dir/src/waypoint_navigator_node.cpp.o] 错误 1
make[1]: *** [CMakeFiles/waypoint_navigator_node.dir/all] 错误 2
make: *** [all] 错误 2
