[  0%] Built target sensor_msgs_generate_messages_py
[  0%] Built target mav_planning_msgs_generate_messages_cpp
[  0%] Built target roscpp_generate_messages_py
[  0%] Built target std_msgs_generate_messages_py
[  0%] Built target _waypoint_navigator_generate_messages_check_deps_GoToPoseWaypoints
[  0%] Built target _waypoint_navigator_generate_messages_check_deps_ExecutePathFromFile
[  0%] Built target _waypoint_navigator_generate_messages_check_deps_GoToWaypoints
[  0%] Built target geometry_msgs_generate_messages_py
[  0%] Built target mav_msgs_generate_messages_py
[  0%] Built target mav_planning_msgs_generate_messages_py
[  0%] Built target _waypoint_navigator_generate_messages_check_deps_GoToWaypoint
[  0%] Built target std_msgs_generate_messages_lisp
[  0%] Built target sensor_msgs_generate_messages_cpp
[  0%] Built target rosgraph_msgs_generate_messages_py
[  0%] Built target tf_generate_messages_lisp
[  0%] Built target geometry_msgs_generate_messages_cpp
[  0%] Built target roscpp_generate_messages_cpp
[  0%] Built target _waypoint_navigator_generate_messages_check_deps_GoToHeight
[  0%] Built target std_msgs_generate_messages_cpp
[  0%] Built target mav_msgs_generate_messages_cpp
[  0%] Built target rosgraph_msgs_generate_messages_lisp
[  0%] Built target sensor_msgs_generate_messages_lisp
[  0%] Built target mav_msgs_generate_messages_lisp
[  0%] Built target mav_planning_msgs_generate_messages_lisp
[  0%] Built target roscpp_generate_messages_lisp
[  0%] Built target std_srvs_generate_messages_cpp
[  0%] Built target geometry_msgs_generate_messages_lisp
[  0%] Built target tf_generate_messages_cpp
[  0%] Built target tf_generate_messages_py
[  0%] Built target trajectory_msgs_generate_messages_py
[  0%] Built target tf2_msgs_generate_messages_lisp
[  0%] Built target visualization_msgs_generate_messages_py
[  0%] Built target std_srvs_generate_messages_lisp
[  0%] Built target rosgraph_msgs_generate_messages_cpp
[  0%] Built target tf2_msgs_generate_messages_cpp
[  0%] Built target trajectory_msgs_generate_messages_cpp
[  0%] Built target actionlib_msgs_generate_messages_py
[  0%] Built target actionlib_generate_messages_py
[  0%] Built target actionlib_generate_messages_lisp
[  0%] Built target actionlib_generate_messages_cpp
[  0%] Built target actionlib_msgs_generate_messages_cpp
[  0%] Built target tf2_msgs_generate_messages_py
[  0%] Built target actionlib_msgs_generate_messages_lisp
[  0%] Built target std_srvs_generate_messages_py
[  0%] Built target visualization_msgs_generate_messages_lisp
[  0%] Built target visualization_msgs_generate_messages_cpp
[  0%] Built target trajectory_msgs_generate_messages_lisp
[ 27%] Built target waypoint_navigator_generate_messages_cpp
[ 61%] Built target waypoint_navigator_generate_messages_py
[ 88%] Built target waypoint_navigator_generate_messages_lisp
[ 88%] Built target waypoint_navigator_generate_messages
[35m[1mScanning dependencies of target waypoint_navigator_node[0m
[ 94%] [32mBuilding CXX object CMakeFiles/waypoint_navigator_node.dir/src/waypoint_navigator_node.cpp.o[0m
[01m[K/home/nuc/yi/vins/vins_catkin_ws/src/waypoint_navigator/src/waypoint_navigator_node.cpp:[m[K In function ‘[01m[Kvoid waypoint_navigator::goal_camCallback(const ImageConstPtr&)[m[K’:
[01m[K/home/nuc/yi/vins/vins_catkin_ws/src/waypoint_navigator/src/waypoint_navigator_node.cpp:179:77:[m[K [01;31m[Kerror: [m[Kbinding reference of type ‘[01m[Kcv::Rect2d& {aka cv::Rect_<double>&}[m[K’ to ‘[01m[Kvolatile Rect2d {aka volatile cv::Rect_<double>}[m[K’ discards qualifiers
              std::cout << "tracker->update    " << tracker->update(frame,ROI[01;31m[K)[m[K << std::endl;
                                                                             [01;31m[K^[m[K
In file included from [01m[K/home/nuc/yi/opencv3.4/cmake/include/opencv2/tracking.hpp:281:0[m[K,
                 from [01m[K/home/nuc/yi/vins/vins_catkin_ws/src/waypoint_navigator/src/waypoint_navigator_node.cpp:35[m[K:
[01m[K/home/nuc/yi/opencv3.4/cmake/include/opencv2/tracking/tracker.hpp:547:16:[m[K [01;36m[Knote: [m[K  initializing argument 2 of ‘[01m[Kbool cv::Tracker::update(cv::InputArray, cv::Rect2d&)[m[K’
   CV_WRAP bool [01;36m[Kupdate[m[K( InputArray image, CV_OUT Rect2d& boundingBox );
                [01;36m[K^~~~~~[m[K
[01m[K/home/nuc/yi/vins/vins_catkin_ws/src/waypoint_navigator/src/waypoint_navigator_node.cpp:180:63:[m[K [01;31m[Kerror: [m[Kpassing ‘[01m[Kvolatile Rect2d {aka volatile cv::Rect_<double>}[m[K’ as ‘[01m[Kthis[m[K’ argument discards qualifiers [[01;31m[K-fpermissive[m[K]
              cv::rectangle(frame,ROI,cv::Scalar(255,0,0),2,8,0[01;31m[K)[m[K;
                                                               [01;31m[K^[m[K
In file included from [01m[K/home/nuc/yi/opencv3.4/cmake/include/opencv2/core.hpp:58:0[m[K,
                 from [01m[K/home/nuc/yi/opencv3.4/cmake/include/opencv2/opencv.hpp:52[m[K,
                 from [01m[K/home/nuc/yi/vins/vins_catkin_ws/src/waypoint_navigator/include/waypoint_navigator/waypoint_navigator_node.h:51[m[K,
                 from [01m[K/home/nuc/yi/vins/vins_catkin_ws/src/waypoint_navigator/src/waypoint_navigator_node.cpp:33[m[K:
[01m[K/home/nuc/yi/opencv3.4/cmake/include/opencv2/core/types.hpp:1848:1:[m[K [01;36m[Knote: [m[K  in call to ‘[01m[Kcv::Rect_<_Tp>::operator cv::Rect_<_Tp2>() const [with _Tp2 = int; _Tp = double][m[K’
 [01;36m[KRect_<_Tp>[m[K::operator Rect_<_Tp2>() const
 [01;36m[K^~~~~~~~~~[m[K
[01m[K/home/nuc/yi/vins/vins_catkin_ws/src/waypoint_navigator/src/waypoint_navigator_node.cpp:184:73:[m[K [01;31m[Kerror: [m[Kbinding reference of type ‘[01m[Kconst Rect2d& {aka const cv::Rect_<double>&}[m[K’ to ‘[01m[Kvolatile Rect2d {aka volatile cv::Rect_<double>}[m[K’ discards qualifiers
             std::cout << "tracker->init    " << tracker->init(frame, ROI[01;31m[K)[m[K << std::endl;
                                                                         [01;31m[K^[m[K
In file included from [01m[K/home/nuc/yi/opencv3.4/cmake/include/opencv2/tracking.hpp:281:0[m[K,
                 from [01m[K/home/nuc/yi/vins/vins_catkin_ws/src/waypoint_navigator/src/waypoint_navigator_node.cpp:35[m[K:
[01m[K/home/nuc/yi/opencv3.4/cmake/include/opencv2/tracking/tracker.hpp:536:16:[m[K [01;36m[Knote: [m[K  initializing argument 2 of ‘[01m[Kbool cv::Tracker::init(cv::InputArray, const Rect2d&)[m[K’
   CV_WRAP bool [01;36m[Kinit[m[K( InputArray image, const Rect2d& boundingBox );
                [01;36m[K^~~~[m[K
[01m[K/home/nuc/yi/vins/vins_catkin_ws/src/waypoint_navigator/src/waypoint_navigator_node.cpp:[m[K In member function ‘[01m[Kbool waypoint_navigator::WaypointNavigatorNode::addGoalToPath()[m[K’:
[01m[K/home/nuc/yi/vins/vins_catkin_ws/src/waypoint_navigator/src/waypoint_navigator_node.cpp:493:27:[m[K [01;31m[Kerror: [m[Kpassing ‘[01m[Kvolatile Rect2d {aka volatile cv::Rect_<double>}[m[K’ as ‘[01m[Kthis[m[K’ argument discards qualifiers [[01;31m[K-fpermissive[m[K]
         ROI = computeGoal([01;31m[K)[m[K;
                           [01;31m[K^[m[K
In file included from [01m[K/home/nuc/yi/opencv3.4/cmake/include/opencv2/core.hpp:58:0[m[K,
                 from [01m[K/home/nuc/yi/opencv3.4/cmake/include/opencv2/opencv.hpp:52[m[K,
                 from [01m[K/home/nuc/yi/vins/vins_catkin_ws/src/waypoint_navigator/include/waypoint_navigator/waypoint_navigator_node.h:51[m[K,
                 from [01m[K/home/nuc/yi/vins/vins_catkin_ws/src/waypoint_navigator/src/waypoint_navigator_node.cpp:33[m[K:
[01m[K/home/nuc/yi/opencv3.4/cmake/include/opencv2/core/types.hpp:1805:13:[m[K [01;36m[Knote: [m[K  in call to ‘[01m[Kcv::Rect_<_Tp>& cv::Rect_<_Tp>::operator=(const cv::Rect_<_Tp>&) [with _Tp = double][m[K’
 Rect_<_Tp>& [01;36m[KRect_<_Tp>[m[K::operator = ( const Rect_<_Tp>& r )
             [01;36m[K^~~~~~~~~~[m[K
[01m[K/home/nuc/yi/vins/vins_catkin_ws/src/waypoint_navigator/src/waypoint_navigator_node.cpp:494:30:[m[K [01;31m[Kerror: [m[Kno match for ‘[01m[Koperator<<[m[K’ (operand types are ‘[01m[Kstd::basic_ostream<char>[m[K’ and ‘[01m[Kvolatile Rect2d {aka volatile cv::Rect_<double>}[m[K’)
         [01;31m[Kstd::cout<< "roi    "<<ROI[m[K<<std::endl;
         [01;31m[K~~~~~~~~~~~~~~~~~~~~~^~~~~[m[K
In file included from [01m[K/usr/include/c++/7/iostream:39:0[m[K,
                 from [01m[K/opt/ros/indigo/include/ros/time.h:54[m[K,
                 from [01m[K/opt/ros/indigo/include/ros/serialization.h:34[m[K,
                 from [01m[K/opt/ros/indigo/include/visualization_msgs/Marker.h:14[m[K,
                 from [01m[K/home/nuc/yi/vins/vins_catkin_ws/src/waypoint_navigator/src/waypoint_navigator_node.cpp:20[m[K:
[01m[K/usr/include/c++/7/ostream:108:7:[m[K [01;36m[Knote: [m[Kcandidate: std::basic_ostream<_CharT, _Traits>::__ostream_type& std::basic_ostream<_CharT, _Traits>::operator<<(std::basic_ostream<_CharT, _Traits>::__ostream_type& (*)(std::basic_ostream<_CharT, _Traits>::__ostream_type&)) [with _CharT = char; _Traits = std::char_traits<char>; std::basic_ostream<_CharT, _Traits>::__ostream_type = std::basic_ostream<char>]
       [01;36m[Koperator[m[K<<(__ostream_type& (*__pf)(__ostream_type&))
       [01;36m[K^~~~~~~~[m[K
[01m[K/usr/include/c++/7/ostream:108:7:[m[K [01;36m[Knote: [m[K  no known conversion for argument 1 from ‘[01m[Kvolatile Rect2d {aka volatile cv::Rect_<double>}[m[K’ to ‘[01m[Kstd::basic_ostream<char>::__ostream_type& (*)(std::basic_ostream<char>::__ostream_type&) {aka std::basic_ostream<char>& (*)(std::basic_ostream<char>&)}[m[K’
[01m[K/usr/include/c++/7/ostream:117:7:[m[K [01;36m[Knote: [m[Kcandidate: std::basic_ostream<_CharT, _Traits>::__ostream_type& std::basic_ostream<_CharT, _Traits>::operator<<(std::basic_ostream<_CharT, _Traits>::__ios_type& (*)(std::basic_ostream<_CharT, _Traits>::__ios_type&)) [with _CharT = char; _Traits = std::char_traits<char>; std::basic_ostream<_CharT, _Traits>::__ostream_type = std::basic_ostream<char>; std::basic_ostream<_CharT, _Traits>::__ios_type = std::basic_ios<char>]
       [01;36m[Koperator[m[K<<(__ios_type& (*__pf)(__ios_type&))
       [01;36m[K^~~~~~~~[m[K
[01m[K/usr/include/c++/7/ostream:117:7:[m[K [01;36m[Knote: [m[K  no known conversion for argument 1 from ‘[01m[Kvolatile Rect2d {aka volatile cv::Rect_<double>}[m[K’ to ‘[01m[Kstd::basic_ostream<char>::__ios_type& (*)(std::basic_ostream<char>::__ios_type&) {aka std::basic_ios<char>& (*)(std::basic_ios<char>&)}[m[K’
[01m[K/usr/include/c++/7/ostream:127:7:[m[K [01;36m[Knote: [m[Kcandidate: std::basic_ostream<_CharT, _Traits>::__ostream_type& std::basic_ostream<_CharT, _Traits>::operator<<(std::ios_base& (*)(std::ios_base&)) [with _CharT = char; _Traits = std::char_traits<char>; std::basic_ostream<_CharT, _Traits>::__ostream_type = std::basic_ostream<char>]
       [01;36m[Koperator[m[K<<(ios_base& (*__pf) (ios_base&))
       [01;36m[K^~~~~~~~[m[K
[01m[K/usr/include/c++/7/ostream:127:7:[m[K [01;36m[Knote: [m[K  no known conversion for argument 1 from ‘[01m[Kvolatile Rect2d {aka volatile cv::Rect_<double>}[m[K’ to ‘[01m[Kstd::ios_base& (*)(std::ios_base&)[m[K’
[01m[K/usr/include/c++/7/ostream:166:7:[m[K [01;36m[Knote: [m[Kcandidate: std::basic_ostream<_CharT, _Traits>::__ostream_type& std::basic_ostream<_CharT, _Traits>::operator<<(long int) [with _CharT = char; _Traits = std::char_traits<char>; std::basic_ostream<_CharT, _Traits>::__ostream_type = std::basic_ostream<char>]
       [01;36m[Koperator[m[K<<(long __n)
       [01;36m[K^~~~~~~~[m[K
[01m[K/usr/include/c++/7/ostream:166:7:[m[K [01;36m[Knote: [m[K  no known conversion for argument 1 from ‘[01m[Kvolatile Rect2d {aka volatile cv::Rect_<double>}[m[K’ to ‘[01m[Klong int[m[K’
[01m[K/usr/include/c++/7/ostream:170:7:[m[K [01;36m[Knote: [m[Kcandidate: std::basic_ostream<_CharT, _Traits>::__ostream_type& std::basic_ostream<_CharT, _Traits>::operator<<(long unsigned int) [with _CharT = char; _Traits = std::char_traits<char>; std::basic_ostream<_CharT, _Traits>::__ostream_type = std::basic_ostream<char>]
       [01;36m[Koperator[m[K<<(unsigned long __n)
       [01;36m[K^~~~~~~~[m[K
[01m[K/usr/include/c++/7/ostream:170:7:[m[K [01;36m[Knote: [m[K  no known conversion for argument 1 from ‘[01m[Kvolatile Rect2d {aka volatile cv::Rect_<double>}[m[K’ to ‘[01m[Klong unsigned int[m[K’
[01m[K/usr/include/c++/7/ostream:174:7:[m[K [01;36m[Knote: [m[Kcandidate: std::basic_ostream<_CharT, _Traits>::__ostream_type& std::basic_ostream<_CharT, _Traits>::operator<<(bool) [with _CharT = char; _Traits = std::char_traits<char>; std::basic_ostream<_CharT, _Traits>::__ostream_type = std::basic_ostream<char>]
       [01;36m[Koperator[m[K<<(bool __n)
       [01;36m[K^~~~~~~~[m[K
[01m[K/usr/include/c++/7/ostream:174:7:[m[K [01;36m[Knote: [m[K  no known conversion for argument 1 from ‘[01m[Kvolatile Rect2d {aka volatile cv::Rect_<double>}[m[K’ to ‘[01m[Kbool[m[K’
In file included from [01m[K/usr/include/c++/7/ostream:693:0[m[K,
                 from [01m[K/usr/include/c++/7/iostream:39[m[K,
                 from [01m[K/opt/ros/indigo/include/ros/time.h:54[m[K,
                 from [01m[K/opt/ros/indigo/include/ros/serialization.h:34[m[K,
                 from [01m[K/opt/ros/indigo/include/visualization_msgs/Marker.h:14[m[K,
                 from [01m[K/home/nuc/yi/vins/vins_catkin_ws/src/waypoint_navigator/src/waypoint_navigator_node.cpp:20[m[K:
[01m[K/usr/include/c++/7/bits/ostream.tcc:91:5:[m[K [01;36m[Knote: [m[Kcandidate: std::basic_ostream<_CharT, _Traits>& std::basic_ostream<_CharT, _Traits>::operator<<(short int) [with _CharT = char; _Traits = std::char_traits<char>]
     [01;36m[Kbasic_ostream<_CharT, _Traits>[m[K::
     [01;36m[K^~~~~~~~~~~~~~~~~~~~~~~~~~~~~~[m[K
[01m[K/usr/include/c++/7/bits/ostream.tcc:91:5:[m[K [01;36m[Knote: [m[K  no known conversion for argument 1 from ‘[01m[Kvolatile Rect2d {aka volatile cv::Rect_<double>}[m[K’ to ‘[01m[Kshort int[m[K’
In file included from [01m[K/usr/include/c++/7/iostream:39:0[m[K,
                 from [01m[K/opt/ros/indigo/include/ros/time.h:54[m[K,
                 from [01m[K/opt/ros/indigo/include/ros/serialization.h:34[m[K,
                 from [01m[K/opt/ros/indigo/include/visualization_msgs/Marker.h:14[m[K,
                 from [01m[K/home/nuc/yi/vins/vins_catkin_ws/src/waypoint_navigator/src/waypoint_navigator_node.cpp:20[m[K:
[01m[K/usr/include/c++/7/ostream:181:7:[m[K [01;36m[Knote: [m[Kcandidate: std::basic_ostream<_CharT, _Traits>::__ostream_type& std::basic_ostream<_CharT, _Traits>::operator<<(short unsigned int) [with _CharT = char; _Traits = std::char_traits<char>; std::basic_ostream<_CharT, _Traits>::__ostream_type = std::basic_ostream<char>]
       [01;36m[Koperator[m[K<<(unsigned short __n)
       [01;36m[K^~~~~~~~[m[K
[01m[K/usr/include/c++/7/ostream:181:7:[m[K [01;36m[Knote: [m[K  no known conversion for argument 1 from ‘[01m[Kvolatile Rect2d {aka volatile cv::Rect_<double>}[m[K’ to ‘[01m[Kshort unsigned int[m[K’
In file included from [01m[K/usr/include/c++/7/ostream:693:0[m[K,
                 from [01m[K/usr/include/c++/7/iostream:39[m[K,
                 from [01m[K/opt/ros/indigo/include/ros/time.h:54[m[K,
                 from [01m[K/opt/ros/indigo/include/ros/serialization.h:34[m[K,
                 from [01m[K/opt/ros/indigo/include/visualization_msgs/Marker.h:14[m[K,
                 from [01m[K/home/nuc/yi/vins/vins_catkin_ws/src/waypoint_navigator/src/waypoint_navigator_node.cpp:20[m[K:
[01m[K/usr/include/c++/7/bits/ostream.tcc:105:5:[m[K [01;36m[Knote: [m[Kcandidate: std::basic_ostream<_CharT, _Traits>& std::basic_ostream<_CharT, _Traits>::operator<<(int) [with _CharT = char; _Traits = std::char_traits<char>]
     [01;36m[Kbasic_ostream<_CharT, _Traits>[m[K::
     [01;36m[K^~~~~~~~~~~~~~~~~~~~~~~~~~~~~~[m[K
[01m[K/usr/include/c++/7/bits/ostream.tcc:105:5:[m[K [01;36m[Knote: [m[K  no known conversion for argument 1 from ‘[01m[Kvolatile Rect2d {aka volatile cv::Rect_<double>}[m[K’ to ‘[01m[Kint[m[K’
In file included from [01m[K/usr/include/c++/7/iostream:39:0[m[K,
                 from [01m[K/opt/ros/indigo/include/ros/time.h:54[m[K,
                 from [01m[K/opt/ros/indigo/include/ros/serialization.h:34[m[K,
                 from [01m[K/opt/ros/indigo/include/visualization_msgs/Marker.h:14[m[K,
                 from [01m[K/home/nuc/yi/vins/vins_catkin_ws/src/waypoint_navigator/src/waypoint_navigator_node.cpp:20[m[K:
[01m[K/usr/include/c++/7/ostream:192:7:[m[K [01;36m[Knote: [m[Kcandidate: std::basic_ostream<_CharT, _Traits>::__ostream_type& std::basic_ostream<_CharT, _Traits>::operator<<(unsigned int) [with _CharT = char; _Traits = std::char_traits<char>; std::basic_ostream<_CharT, _Traits>::__ostream_type = std::basic_ostream<char>]
       [01;36m[Koperator[m[K<<(unsigned int __n)
       [01;36m[K^~~~~~~~[m[K
[01m[K/usr/include/c++/7/ostream:192:7:[m[K [01;36m[Knote: [m[K  no known conversion for argument 1 from ‘[01m[Kvolatile Rect2d {aka volatile cv::Rect_<double>}[m[K’ to ‘[01m[Kunsigned int[m[K’
[01m[K/usr/include/c++/7/ostream:201:7:[m[K [01;36m[Knote: [m[Kcandidate: std::basic_ostream<_CharT, _Traits>::__ostream_type& std::basic_ostream<_CharT, _Traits>::operator<<(long long int) [with _CharT = char; _Traits = std::char_traits<char>; std::basic_ostream<_CharT, _Traits>::__ostream_type = std::basic_ostream<char>]
       [01;36m[Koperator[m[K<<(long long __n)
       [01;36m[K^~~~~~~~[m[K
[01m[K/usr/include/c++/7/ostream:201:7:[m[K [01;36m[Knote: [m[K  no known conversion for argument 1 from ‘[01m[Kvolatile Rect2d {aka volatile cv::Rect_<double>}[m[K’ to ‘[01m[Klong long int[m[K’
[01m[K/usr/include/c++/7/ostream:205:7:[m[K [01;36m[Knote: [m[Kcandidate: std::basic_ostream<_CharT, _Traits>::__ostream_type& std::basic_ostream<_CharT, _Traits>::operator<<(long long unsigned int) [with _CharT = char; _Traits = std::char_traits<char>; std::basic_ostream<_CharT, _Traits>::__ostream_type = std::basic_ostream<char>]
       [01;36m[Koperator[m[K<<(unsigned long long __n)
       [01;36m[K^~~~~~~~[m[K
[01m[K/usr/include/c++/7/ostream:205:7:[m[K [01;36m[Knote: [m[K  no known conversion for argument 1 from ‘[01m[Kvolatile Rect2d {aka volatile cv::Rect_<double>}[m[K’ to ‘[01m[Klong long unsigned int[m[K’
[01m[K/usr/include/c++/7/ostream:220:7:[m[K [01;36m[Knote: [m[Kcandidate: std::basic_ostream<_CharT, _Traits>::__ostream_type& std::basic_ostream<_CharT, _Traits>::operator<<(double) [with _CharT = char; _Traits = std::char_traits<char>; std::basic_ostream<_CharT, _Traits>::__ostream_type = std::basic_ostream<char>]
       [01;36m[Koperator[m[K<<(double __f)
       [01;36m[K^~~~~~~~[m[K
[01m[K/usr/include/c++/7/ostream:220:7:[m[K [01;36m[Knote: [m[K  no known conversion for argument 1 from ‘[01m[Kvolatile Rect2d {aka volatile cv::Rect_<double>}[m[K’ to ‘[01m[Kdouble[m[K’
[01m[K/usr/include/c++/7/ostream:224:7:[m[K [01;36m[Knote: [m[Kcandidate: std::basic_ostream<_CharT, _Traits>::__ostream_type& std::basic_ostream<_CharT, _Traits>::operator<<(float) [with _CharT = char; _Traits = std::char_traits<char>; std::basic_ostream<_CharT, _Traits>::__ostream_type = std::basic_ostream<char>]
       [01;36m[Koperator[m[K<<(float __f)
       [01;36m[K^~~~~~~~[m[K
[01m[K/usr/include/c++/7/ostream:224:7:[m[K [01;36m[Knote: [m[K  no known conversion for argument 1 from ‘[01m[Kvolatile Rect2d {aka volatile cv::Rect_<double>}[m[K’ to ‘[01m[Kfloat[m[K’
[01m[K/usr/include/c++/7/ostream:232:7:[m[K [01;36m[Knote: [m[Kcandidate: std::basic_ostream<_CharT, _Traits>::__ostream_type& std::basic_ostream<_CharT, _Traits>::operator<<(long double) [with _CharT = char; _Traits = std::char_traits<char>; std::basic_ostream<_CharT, _Traits>::__ostream_type = std::basic_ostream<char>]
       [01;36m[Koperator[m[K<<(long double __f)
       [01;36m[K^~~~~~~~[m[K
[01m[K/usr/include/c++/7/ostream:232:7:[m[K [01;36m[Knote: [m[K  no known conversion for argument 1 from ‘[01m[Kvolatile Rect2d {aka volatile cv::Rect_<double>}[m[K’ to ‘[01m[Klong double[m[K’
[01m[K/usr/include/c++/7/ostream:245:7:[m[K [01;36m[Knote: [m[Kcandidate: std::basic_ostream<_CharT, _Traits>::__ostream_type& std::basic_ostream<_CharT, _Traits>::operator<<(const void*) [with _CharT = char; _Traits = std::char_traits<char>; std::basic_ostream<_CharT, _Traits>::__ostream_type = std::basic_ostream<char>]
       [01;36m[Koperator[m[K<<(const void* __p)
       [01;36m[K^~~~~~~~[m[K
[01m[K/usr/include/c++/7/ostream:245:7:[m[K [01;36m[Knote: [m[K  no known conversion for argument 1 from ‘[01m[Kvolatile Rect2d {aka volatile cv::Rect_<double>}[m[K’ to ‘[01m[Kconst void*[m[K’
In file included from [01m[K/usr/include/c++/7/ostream:693:0[m[K,
                 from [01m[K/usr/include/c++/7/iostream:39[m[K,
                 from [01m[K/opt/ros/indigo/include/ros/time.h:54[m[K,
                 from [01m[K/opt/ros/indigo/include/ros/serialization.h:34[m[K,
                 from [01m[K/opt/ros/indigo/include/visualization_msgs/Marker.h:14[m[K,
                 from [01m[K/home/nuc/yi/vins/vins_catkin_ws/src/waypoint_navigator/src/waypoint_navigator_node.cpp:20[m[K:
[01m[K/usr/include/c++/7/bits/ostream.tcc:119:5:[m[K [01;36m[Knote: [m[Kcandidate: std::basic_ostream<_CharT, _Traits>& std::basic_ostream<_CharT, _Traits>::operator<<(std::basic_ostream<_CharT, _Traits>::__streambuf_type*) [with _CharT = char; _Traits = std::char_traits<char>; std::basic_ostream<_CharT, _Traits>::__streambuf_type = std::basic_streambuf<char>]
     [01;36m[Kbasic_ostream<_CharT, _Traits>[m[K::
     [01;36m[K^~~~~~~~~~~~~~~~~~~~~~~~~~~~~~[m[K
[01m[K/usr/include/c++/7/bits/ostream.tcc:119:5:[m[K [01;36m[Knote: [m[K  no known conversion for argument 1 from ‘[01m[Kvolatile Rect2d {aka volatile cv::Rect_<double>}[m[K’ to ‘[01m[Kstd::basic_ostream<char>::__streambuf_type* {aka std::basic_streambuf<char>*}[m[K’
In file included from [01m[K/home/nuc/yi/vins/vins_catkin_ws/devel/include/waypoint_navigator/ExecutePathFromFile.h:11:0[m[K,
                 from [01m[K/home/nuc/yi/vins/vins_catkin_ws/src/waypoint_navigator/include/waypoint_navigator/waypoint_navigator_node.h:43[m[K,
                 from [01m[K/home/nuc/yi/vins/vins_catkin_ws/src/waypoint_navigator/src/waypoint_navigator_node.cpp:33[m[K:
[01m[K/home/nuc/yi/vins/vins_catkin_ws/devel/include/waypoint_navigator/ExecutePathFromFileRequest.h:58:15:[m[K [01;36m[Knote: [m[Kcandidate: template<class ContainerAllocator> std::ostream& waypoint_navigator::operator<<(std::ostream&, const waypoint_navigator::ExecutePathFromFileRequest_<ContainerAllocator>&)
 std::ostream& [01;36m[Koperator[m[K<<(std::ostream& s, const ::waypoint_navigator::ExecutePathFromFileRequest_<ContainerAllocator> & v)
               [01;36m[K^~~~~~~~[m[K
[01m[K/home/nuc/yi/vins/vins_catkin_ws/devel/include/waypoint_navigator/ExecutePathFromFileRequest.h:58:15:[m[K [01;36m[Knote: [m[K  template argument deduction/substitution failed:
[01m[K/home/nuc/yi/vins/vins_catkin_ws/src/waypoint_navigator/src/waypoint_navigator_node.cpp:494:32:[m[K [01;36m[Knote: [m[K  types ‘[01m[Kconst waypoint_navigator::ExecutePathFromFileRequest_<ContainerAllocator>[m[K’ and ‘[01m[Kvolatile Rect2d {aka volatile cv::Rect_<double>}[m[K’ have incompatible cv-qualifiers
         std::cout<< "roi    "<<[01;36m[KROI[m[K<<std::endl;
                                [01;36m[K^~~[m[K
In file included from [01m[K/home/nuc/yi/vins/vins_catkin_ws/devel/include/waypoint_navigator/ExecutePathFromFile.h:12:0[m[K,
                 from [01m[K/home/nuc/yi/vins/vins_catkin_ws/src/waypoint_navigator/include/waypoint_navigator/waypoint_navigator_node.h:43[m[K,
                 from [01m[K/home/nuc/yi/vins/vins_catkin_ws/src/waypoint_navigator/src/waypoint_navigator_node.cpp:33[m[K:
[01m[K/home/nuc/yi/vins/vins_catkin_ws/devel/include/waypoint_navigator/ExecutePathFromFileResponse.h:54:15:[m[K [01;36m[Knote: [m[Kcandidate: template<class ContainerAllocator> std::ostream& waypoint_navigator::operator<<(std::ostream&, const waypoint_navigator::ExecutePathFromFileResponse_<ContainerAllocator>&)
 std::ostream& [01;36m[Koperator[m[K<<(std::ostream& s, const ::waypoint_navigator::ExecutePathFromFileResponse_<ContainerAllocator> & v)
               [01;36m[K^~~~~~~~[m[K
[01m[K/home/nuc/yi/vins/vins_catkin_ws/devel/include/waypoint_navigator/ExecutePathFromFileResponse.h:54:15:[m[K [01;36m[Knote: [m[K  template argument deduction/substitution failed:
[01m[K/home/nuc/yi/vins/vins_catkin_ws/src/waypoint_navigator/src/waypoint_navigator_node.cpp:494:32:[m[K [01;36m[Knote: [m[K  types ‘[01m[Kconst waypoint_navigator::ExecutePathFromFileResponse_<ContainerAllocator>[m[K’ and ‘[01m[Kvolatile Rect2d {aka volatile cv::Rect_<double>}[m[K’ have incompatible cv-qualifiers
         std::cout<< "roi    "<<[01;36m[KROI[m[K<<std::endl;
                                [01;36m[K^~~[m[K
In file included from [01m[K/home/nuc/yi/vins/vins_catkin_ws/devel/include/waypoint_navigator/GoToHeight.h:11:0[m[K,
                 from [01m[K/home/nuc/yi/vins/vins_catkin_ws/src/waypoint_navigator/include/waypoint_navigator/waypoint_navigator_node.h:44[m[K,
                 from [01m[K/home/nuc/yi/vins/vins_catkin_ws/src/waypoint_navigator/src/waypoint_navigator_node.cpp:33[m[K:
[01m[K/home/nuc/yi/vins/vins_catkin_ws/devel/include/waypoint_navigator/GoToHeightRequest.h:58:15:[m[K [01;36m[Knote: [m[Kcandidate: template<class ContainerAllocator> std::ostream& waypoint_navigator::operator<<(std::ostream&, const waypoint_navigator::GoToHeightRequest_<ContainerAllocator>&)
 std::ostream& [01;36m[Koperator[m[K<<(std::ostream& s, const ::waypoint_navigator::GoToHeightRequest_<ContainerAllocator> & v)
               [01;36m[K^~~~~~~~[m[K
[01m[K/home/nuc/yi/vins/vins_catkin_ws/devel/include/waypoint_navigator/GoToHeightRequest.h:58:15:[m[K [01;36m[Knote: [m[K  template argument deduction/substitution failed:
[01m[K/home/nuc/yi/vins/vins_catkin_ws/src/waypoint_navigator/src/waypoint_navigator_node.cpp:494:32:[m[K [01;36m[Knote: [m[K  types ‘[01m[Kconst waypoint_navigator::GoToHeightRequest_<ContainerAllocator>[m[K’ and ‘[01m[Kvolatile Rect2d {aka volatile cv::Rect_<double>}[m[K’ have incompatible cv-qualifiers
         std::cout<< "roi    "<<[01;36m[KROI[m[K<<std::endl;
                                [01;36m[K^~~[m[K
In file included from [01m[K/home/nuc/yi/vins/vins_catkin_ws/devel/include/waypoint_navigator/GoToHeight.h:12:0[m[K,
                 from [01m[K/home/nuc/yi/vins/vins_catkin_ws/src/waypoint_navigator/include/waypoint_navigator/waypoint_navigator_node.h:44[m[K,
                 from [01m[K/home/nuc/yi/vins/vins_catkin_ws/src/waypoint_navigator/src/waypoint_navigator_node.cpp:33[m[K:
[01m[K/home/nuc/yi/vins/vins_catkin_ws/devel/include/waypoint_navigator/GoToHeightResponse.h:54:15:[m[K [01;36m[Knote: [m[Kcandidate: template<class ContainerAllocator> std::ostream& waypoint_navigator::operator<<(std::ostream&, const waypoint_navigator::GoToHeightResponse_<ContainerAllocator>&)
 std::ostream& [01;36m[Koperator[m[K<<(std::ostream& s, const ::waypoint_navigator::GoToHeightResponse_<ContainerAllocator> & v)
               [01;36m[K^~~~~~~~[m[K
[01m[K/home/nuc/yi/vins/vins_catkin_ws/devel/include/waypoint_navigator/GoToHeightResponse.h:54:15:[m[K [01;36m[Knote: [m[K  template argument deduction/substitution failed:
[01m[K/home/nuc/yi/vins/vins_catkin_ws/src/waypoint_navigator/src/waypoint_navigator_node.cpp:494:32:[m[K [01;36m[Knote: [m[K  types ‘[01m[Kconst waypoint_navigator::GoToHeightResponse_<ContainerAllocator>[m[K’ and ‘[01m[Kvolatile Rect2d {aka volatile cv::Rect_<double>}[m[K’ have incompatible cv-qualifiers
         std::cout<< "roi    "<<[01;36m[KROI[m[K<<std::endl;
                                [01;36m[K^~~[m[K
In file included from [01m[K/home/nuc/yi/vins/vins_catkin_ws/devel/include/waypoint_navigator/GoToWaypoint.h:11:0[m[K,
                 from [01m[K/home/nuc/yi/vins/vins_catkin_ws/src/waypoint_navigator/include/waypoint_navigator/waypoint_navigator_node.h:45[m[K,
                 from [01m[K/home/nuc/yi/vins/vins_catkin_ws/src/waypoint_navigator/src/waypoint_navigator_node.cpp:33[m[K:
[01m[K/home/nuc/yi/vins/vins_catkin_ws/devel/include/waypoint_navigator/GoToWaypointRequest.h:58:15:[m[K [01;36m[Knote: [m[Kcandidate: template<class ContainerAllocator> std::ostream& waypoint_navigator::operator<<(std::ostream&, const waypoint_navigator::GoToWaypointRequest_<ContainerAllocator>&)
 std::ostream& [01;36m[Koperator[m[K<<(std::ostream& s, const ::waypoint_navigator::GoToWaypointRequest_<ContainerAllocator> & v)
               [01;36m[K^~~~~~~~[m[K
[01m[K/home/nuc/yi/vins/vins_catkin_ws/devel/include/waypoint_navigator/GoToWaypointRequest.h:58:15:[m[K [01;36m[Knote: [m[K  template argument deduction/substitution failed:
[01m[K/home/nuc/yi/vins/vins_catkin_ws/src/waypoint_navigator/src/waypoint_navigator_node.cpp:494:32:[m[K [01;36m[Knote: [m[K  types ‘[01m[Kconst waypoint_navigator::GoToWaypointRequest_<ContainerAllocator>[m[K’ and ‘[01m[Kvolatile Rect2d {aka volatile cv::Rect_<double>}[m[K’ have incompatible cv-qualifiers
         std::cout<< "roi    "<<[01;36m[KROI[m[K<<std::endl;
                                [01;36m[K^~~[m[K
In file included from [01m[K/home/nuc/yi/vins/vins_catkin_ws/devel/include/waypoint_navigator/GoToWaypoint.h:12:0[m[K,
                 from [01m[K/home/nuc/yi/vins/vins_catkin_ws/src/waypoint_navigator/include/waypoint_navigator/waypoint_navigator_node.h:45[m[K,
                 from [01m[K/home/nuc/yi/vins/vins_catkin_ws/src/waypoint_navigator/src/waypoint_navigator_node.cpp:33[m[K:
[01m[K/home/nuc/yi/vins/vins_catkin_ws/devel/include/waypoint_navigator/GoToWaypointResponse.h:54:15:[m[K [01;36m[Knote: [m[Kcandidate: template<class ContainerAllocator> std::ostream& waypoint_navigator::operator<<(std::ostream&, const waypoint_navigator::GoToWaypointResponse_<ContainerAllocator>&)
 std::ostream& [01;36m[Koperator[m[K<<(std::ostream& s, const ::waypoint_navigator::GoToWaypointResponse_<ContainerAllocator> & v)
               [01;36m[K^~~~~~~~[m[K
[01m[K/home/nuc/yi/vins/vins_catkin_ws/devel/include/waypoint_navigator/GoToWaypointResponse.h:54:15:[m[K [01;36m[Knote: [m[K  template argument deduction/substitution failed:
[01m[K/home/nuc/yi/vins/vins_catkin_ws/src/waypoint_navigator/src/waypoint_navigator_node.cpp:494:32:[m[K [01;36m[Knote: [m[K  types ‘[01m[Kconst waypoint_navigator::GoToWaypointResponse_<ContainerAllocator>[m[K’ and ‘[01m[Kvolatile Rect2d {aka volatile cv::Rect_<double>}[m[K’ have incompatible cv-qualifiers
         std::cout<< "roi    "<<[01;36m[KROI[m[K<<std::endl;
                                [01;36m[K^~~[m[K
In file included from [01m[K/home/nuc/yi/vins/vins_catkin_ws/devel/include/waypoint_navigator/GoToWaypoints.h:11:0[m[K,
                 from [01m[K/home/nuc/yi/vins/vins_catkin_ws/src/waypoint_navigator/include/waypoint_navigator/waypoint_navigator_node.h:46[m[K,
                 from [01m[K/home/nuc/yi/vins/vins_catkin_ws/src/waypoint_navigator/src/waypoint_navigator_node.cpp:33[m[K:
[01m[K/home/nuc/yi/vins/vins_catkin_ws/devel/include/waypoint_navigator/GoToWaypointsRequest.h:58:15:[m[K [01;36m[Knote: [m[Kcandidate: template<class ContainerAllocator> std::ostream& waypoint_navigator::operator<<(std::ostream&, const waypoint_navigator::GoToWaypointsRequest_<ContainerAllocator>&)
 std::ostream& [01;36m[Koperator[m[K<<(std::ostream& s, const ::waypoint_navigator::GoToWaypointsRequest_<ContainerAllocator> & v)
               [01;36m[K^~~~~~~~[m[K
[01m[K/home/nuc/yi/vins/vins_catkin_ws/devel/include/waypoint_navigator/GoToWaypointsRequest.h:58:15:[m[K [01;36m[Knote: [m[K  template argument deduction/substitution failed:
[01m[K/home/nuc/yi/vins/vins_catkin_ws/src/waypoint_navigator/src/waypoint_navigator_node.cpp:494:32:[m[K [01;36m[Knote: [m[K  types ‘[01m[Kconst waypoint_navigator::GoToWaypointsRequest_<ContainerAllocator>[m[K’ and ‘[01m[Kvolatile Rect2d {aka volatile cv::Rect_<double>}[m[K’ have incompatible cv-qualifiers
         std::cout<< "roi    "<<[01;36m[KROI[m[K<<std::endl;
                                [01;36m[K^~~[m[K
In file included from [01m[K/home/nuc/yi/vins/vins_catkin_ws/devel/include/waypoint_navigator/GoToWaypoints.h:12:0[m[K,
                 from [01m[K/home/nuc/yi/vins/vins_catkin_ws/src/waypoint_navigator/include/waypoint_navigator/waypoint_navigator_node.h:46[m[K,
                 from [01m[K/home/nuc/yi/vins/vins_catkin_ws/src/waypoint_navigator/src/waypoint_navigator_node.cpp:33[m[K:
[01m[K/home/nuc/yi/vins/vins_catkin_ws/devel/include/waypoint_navigator/GoToWaypointsResponse.h:54:15:[m[K [01;36m[Knote: [m[Kcandidate: template<class ContainerAllocator> std::ostream& waypoint_navigator::operator<<(std::ostream&, const waypoint_navigator::GoToWaypointsResponse_<ContainerAllocator>&)
 std::ostream& [01;36m[Koperator[m[K<<(std::ostream& s, const ::waypoint_navigator::GoToWaypointsResponse_<ContainerAllocator> & v)
               [01;36m[K^~~~~~~~[m[K
[01m[K/home/nuc/yi/vins/vins_catkin_ws/devel/include/waypoint_navigator/GoToWaypointsResponse.h:54:15:[m[K [01;36m[Knote: [m[K  template argument deduction/substitution failed:
[01m[K/home/nuc/yi/vins/vins_catkin_ws/src/waypoint_navigator/src/waypoint_navigator_node.cpp:494:32:[m[K [01;36m[Knote: [m[K  types ‘[01m[Kconst waypoint_navigator::GoToWaypointsResponse_<ContainerAllocator>[m[K’ and ‘[01m[Kvolatile Rect2d {aka volatile cv::Rect_<double>}[m[K’ have incompatible cv-qualifiers
         std::cout<< "roi    "<<[01;36m[KROI[m[K<<std::endl;
                                [01;36m[K^~~[m[K
In file included from [01m[K/home/nuc/yi/vins/vins_catkin_ws/devel/include/waypoint_navigator/GoToPoseWaypoints.h:11:0[m[K,
                 from [01m[K/home/nuc/yi/vins/vins_catkin_ws/src/waypoint_navigator/include/waypoint_navigator/waypoint_navigator_node.h:47[m[K,
                 from [01m[K/home/nuc/yi/vins/vins_catkin_ws/src/waypoint_navigator/src/waypoint_navigator_node.cpp:33[m[K:
[01m[K/home/nuc/yi/vins/vins_catkin_ws/devel/include/waypoint_navigator/GoToPoseWaypointsRequest.h:64:15:[m[K [01;36m[Knote: [m[Kcandidate: template<class ContainerAllocator> std::ostream& waypoint_navigator::operator<<(std::ostream&, const waypoint_navigator::GoToPoseWaypointsRequest_<ContainerAllocator>&)
 std::ostream& [01;36m[Koperator[m[K<<(std::ostream& s, const ::waypoint_navigator::GoToPoseWaypointsRequest_<ContainerAllocator> & v)
               [01;36m[K^~~~~~~~[m[K
[01m[K/home/nuc/yi/vins/vins_catkin_ws/devel/include/waypoint_navigator/GoToPoseWaypointsRequest.h:64:15:[m[K [01;36m[Knote: [m[K  template argument deduction/substitution failed:
[01m[K/home/nuc/yi/vins/vins_catkin_ws/src/waypoint_navigator/src/waypoint_navigator_node.cpp:494:32:[m[K [01;36m[Knote: [m[K  types ‘[01m[Kconst waypoint_navigator::GoToPoseWaypointsRequest_<ContainerAllocator>[m[K’ and ‘[01m[Kvolatile Rect2d {aka volatile cv::Rect_<double>}[m[K’ have incompatible cv-qualifiers
         std::cout<< "roi    "<<[01;36m[KROI[m[K<<std::endl;
                                [01;36m[K^~~[m[K
In file included from [01m[K/home/nuc/yi/vins/vins_catkin_ws/devel/include/waypoint_navigator/GoToPoseWaypoints.h:12:0[m[K,
                 from [01m[K/home/nuc/yi/vins/vins_catkin_ws/src/waypoint_navigator/include/waypoint_navigator/waypoint_navigator_node.h:47[m[K,
                 from [01m[K/home/nuc/yi/vins/vins_catkin_ws/src/waypoint_navigator/src/waypoint_navigator_node.cpp:33[m[K:
[01m[K/home/nuc/yi/vins/vins_catkin_ws/devel/include/waypoint_navigator/GoToPoseWaypointsResponse.h:54:15:[m[K [01;36m[Knote: [m[Kcandidate: template<class ContainerAllocator> std::ostream& waypoint_navigator::operator<<(std::ostream&, const waypoint_navigator::GoToPoseWaypointsResponse_<ContainerAllocator>&)
 std::ostream& [01;36m[Koperator[m[K<<(std::ostream& s, const ::waypoint_navigator::GoToPoseWaypointsResponse_<ContainerAllocator> & v)
               [01;36m[K^~~~~~~~[m[K
[01m[K/home/nuc/yi/vins/vins_catkin_ws/devel/include/waypoint_navigator/GoToPoseWaypointsResponse.h:54:15:[m[K [01;36m[Knote: [m[K  template argument deduction/substitution failed:
[01m[K/home/nuc/yi/vins/vins_catkin_ws/src/waypoint_navigator/src/waypoint_navigator_node.cpp:494:32:[m[K [01;36m[Knote: [m[K  types ‘[01m[Kconst waypoint_navigator::GoToPoseWaypointsResponse_<ContainerAllocator>[m[K’ and ‘[01m[Kvolatile Rect2d {aka volatile cv::Rect_<double>}[m[K’ have incompatible cv-qualifiers
         std::cout<< "roi    "<<[01;36m[KROI[m[K<<std::endl;
                                [01;36m[K^~~[m[K
In file included from [01m[K/usr/include/boost/detail/container_fwd.hpp:96:0[m[K,
                 from [01m[K/usr/include/boost/functional/hash/extensions.hpp:17[m[K,
                 from [01m[K/usr/include/boost/functional/hash/hash.hpp:529[m[K,
                 from [01m[K/usr/include/boost/functional/hash.hpp:6[m[K,
                 from [01m[K/usr/include/boost/unordered/unordered_map.hpp:20[m[K,
                 from [01m[K/usr/include/boost/unordered_map.hpp:16[m[K,
                 from [01m[K/opt/ros/indigo/include/tf/tf.h:44[m[K,
                 from [01m[K/opt/ros/indigo/include/tf/transform_broadcaster.h:36[m[K,
                 from [01m[K/home/nuc/yi/vins/vins_catkin_ws/src/waypoint_navigator/include/waypoint_navigator/waypoint_navigator_node.h:37[m[K,
                 from [01m[K/home/nuc/yi/vins/vins_catkin_ws/src/waypoint_navigator/src/waypoint_navigator_node.cpp:33[m[K:
[01m[K/usr/include/c++/7/bitset:1530:5:[m[K [01;36m[Knote: [m[Kcandidate: template<class _CharT, class _Traits, long unsigned int _Nb> std::basic_ostream<_CharT, _Traits>& std::operator<<(std::basic_ostream<_CharT, _Traits>&, const std::bitset<_Nb>&)
     [01;36m[Koperator[m[K<<(std::basic_ostream<_CharT, _Traits>& __os,
     [01;36m[K^~~~~~~~[m[K
[01m[K/usr/include/c++/7/bitset:1530:5:[m[K [01;36m[Knote: [m[K  template argument deduction/substitution failed:
[01m[K/home/nuc/yi/vins/vins_catkin_ws/src/waypoint_navigator/src/waypoint_navigator_node.cpp:494:32:[m[K [01;36m[Knote: [m[K  types ‘[01m[Kconst std::bitset<_Nb>[m[K’ and ‘[01m[Kvolatile Rect2d {aka volatile cv::Rect_<double>}[m[K’ have incompatible cv-qualifiers
         std::cout<< "roi    "<<[01;36m[KROI[m[K<<std::endl;
                                [01;36m[K^~~[m[K
In file included from [01m[K/usr/include/c++/7/memory:81:0[m[K,
                 from [01m[K/usr/include/boost/config/no_tr1/memory.hpp:21[m[K,
                 from [01m[K/usr/include/boost/smart_ptr/shared_ptr.hpp:27[m[K,
                 from [01m[K/usr/include/boost/shared_ptr.hpp:17[m[K,
                 from [01m[K/usr/include/boost/format/alt_sstream.hpp:21[m[K,
                 from [01m[K/usr/include/boost/format/internals.hpp:23[m[K,
                 from [01m[K/usr/include/boost/format.hpp:38[m[K,
                 from [01m[K/usr/include/boost/math/policies/error_handling.hpp:31[m[K,
                 from [01m[K/usr/include/boost/math/special_functions/round.hpp:14[m[K,
                 from [01m[K/opt/ros/indigo/include/ros/time.h:58[m[K,
                 from [01m[K/opt/ros/indigo/include/ros/serialization.h:34[m[K,
                 from [01m[K/opt/ros/indigo/include/visualization_msgs/Marker.h:14[m[K,
                 from [01m[K/home/nuc/yi/vins/vins_catkin_ws/src/waypoint_navigator/src/waypoint_navigator_node.cpp:20[m[K:
[01m[K/usr/include/c++/7/bits/shared_ptr.h:66:5:[m[K [01;36m[Knote: [m[Kcandidate: template<class _Ch, class _Tr, class _Tp, __gnu_cxx::_Lock_policy _Lp> std::basic_ostream<_CharT, _Traits>& std::operator<<(std::basic_ostream<_CharT, _Traits>&, const std::__shared_ptr<_Tp, _Lp>&)
     [01;36m[Koperator[m[K<<(std::basic_ostream<_Ch, _Tr>& __os,
     [01;36m[K^~~~~~~~[m[K
[01m[K/usr/include/c++/7/bits/shared_ptr.h:66:5:[m[K [01;36m[Knote: [m[K  template argument deduction/substitution failed:
[01m[K/home/nuc/yi/vins/vins_catkin_ws/src/waypoint_navigator/src/waypoint_navigator_node.cpp:494:32:[m[K [01;36m[Knote: [m[K  types ‘[01m[Kconst std::__shared_ptr<_Tp, _Lp>[m[K’ and ‘[01m[Kvolatile Rect2d {aka volatile cv::Rect_<double>}[m[K’ have incompatible cv-qualifiers
         std::cout<< "roi    "<<[01;36m[KROI[m[K<<std::endl;
                                [01;36m[K^~~[m[K
In file included from [01m[K/usr/include/boost/config/no_tr1/complex.hpp:21:0[m[K,
                 from [01m[K/usr/include/boost/math/policies/error_handling.hpp:15[m[K,
                 from [01m[K/usr/include/boost/math/special_functions/round.hpp:14[m[K,
                 from [01m[K/opt/ros/indigo/include/ros/time.h:58[m[K,
                 from [01m[K/opt/ros/indigo/include/ros/serialization.h:34[m[K,
                 from [01m[K/opt/ros/indigo/include/visualization_msgs/Marker.h:14[m[K,
                 from [01m[K/home/nuc/yi/vins/vins_catkin_ws/src/waypoint_navigator/src/waypoint_navigator_node.cpp:20[m[K:
[01m[K/usr/include/c++/7/complex:528:5:[m[K [01;36m[Knote: [m[Kcandidate: template<class _Tp, class _CharT, class _Traits> std::basic_ostream<_CharT, _Traits>& std::operator<<(std::basic_ostream<_CharT, _Traits>&, const std::complex<_Tp>&)
     [01;36m[Koperator[m[K<<(basic_ostream<_CharT, _Traits>& __os, const complex<_Tp>& __x)
     [01;36m[K^~~~~~~~[m[K
[01m[K/usr/include/c++/7/complex:528:5:[m[K [01;36m[Knote: [m[K  template argument deduction/substitution failed:
[01m[K/home/nuc/yi/vins/vins_catkin_ws/src/waypoint_navigator/src/waypoint_navigator_node.cpp:494:32:[m[K [01;36m[Knote: [m[K  types ‘[01m[Kconst std::complex<_Tp>[m[K’ and ‘[01m[Kvolatile Rect2d {aka volatile cv::Rect_<double>}[m[K’ have incompatible cv-qualifiers
         std::cout<< "roi    "<<[01;36m[KROI[m[K<<std::endl;
                                [01;36m[K^~~[m[K
In file included from [01m[K/usr/include/boost/math/policies/error_handling.hpp:12:0[m[K,
                 from [01m[K/usr/include/boost/math/special_functions/round.hpp:14[m[K,
                 from [01m[K/opt/ros/indigo/include/ros/time.h:58[m[K,
                 from [01m[K/opt/ros/indigo/include/ros/serialization.h:34[m[K,
                 from [01m[K/opt/ros/indigo/include/visualization_msgs/Marker.h:14[m[K,
                 from [01m[K/home/nuc/yi/vins/vins_catkin_ws/src/waypoint_navigator/src/waypoint_navigator_node.cpp:20[m[K:
[01m[K/usr/include/c++/7/iomanip:363:5:[m[K [01;36m[Knote: [m[Kcandidate: template<class _CharT, class _Traits> std::basic_ostream<_CharT, _Traits>& std::operator<<(std::basic_ostream<_CharT, _Traits>&, std::_Put_time<_CharT>)
     [01;36m[Koperator[m[K<<(basic_ostream<_CharT, _Traits>& __os, _Put_time<_CharT> __f)
     [01;36m[K^~~~~~~~[m[K
[01m[K/usr/include/c++/7/iomanip:363:5:[m[K [01;36m[Knote: [m[K  template argument deduction/substitution failed:
[01m[K/home/nuc/yi/vins/vins_catkin_ws/src/waypoint_navigator/src/waypoint_navigator_node.cpp:494:32:[m[K [01;36m[Knote: [m[K  ‘[01m[Kcv::Rect_<double>[m[K’ is not derived from ‘[01m[Kstd::_Put_time<_CharT>[m[K’
         std::cout<< "roi    "<<[01;36m[KROI[m[K<<std::endl;
                                [01;36m[K^~~[m[K
In file included from [01m[K/usr/include/boost/math/policies/error_handling.hpp:12:0[m[K,
                 from [01m[K/usr/include/boost/math/special_functions/round.hpp:14[m[K,
                 from [01m[K/opt/ros/indigo/include/ros/time.h:58[m[K,
                 from [01m[K/opt/ros/indigo/include/ros/serialization.h:34[m[K,
                 from [01m[K/opt/ros/indigo/include/visualization_msgs/Marker.h:14[m[K,
                 from [01m[K/home/nuc/yi/vins/vins_catkin_ws/src/waypoint_navigator/src/waypoint_navigator_node.cpp:20[m[K:
[01m[K/usr/include/c++/7/iomanip:311:5:[m[K [01;36m[Knote: [m[Kcandidate: template<class _CharT, class _Traits, class _MoneyT> std::basic_ostream<_CharT, _Traits>& std::operator<<(std::basic_ostream<_CharT, _Traits>&, std::_Put_money<_MoneyT>)
     [01;36m[Koperator[m[K<<(basic_ostream<_CharT, _Traits>& __os, _Put_money<_MoneyT> __f)
     [01;36m[K^~~~~~~~[m[K
[01m[K/usr/include/c++/7/iomanip:311:5:[m[K [01;36m[Knote: [m[K  template argument deduction/substitution failed:
[01m[K/home/nuc/yi/vins/vins_catkin_ws/src/waypoint_navigator/src/waypoint_navigator_node.cpp:494:32:[m[K [01;36m[Knote: [m[K  ‘[01m[Kcv::Rect_<double>[m[K’ is not derived from ‘[01m[Kstd::_Put_money<_MoneyT>[m[K’
         std::cout<< "roi    "<<[01;36m[KROI[m[K<<std::endl;
                                [01;36m[K^~~[m[K
In file included from [01m[K/usr/include/boost/math/policies/error_handling.hpp:12:0[m[K,
                 from [01m[K/usr/include/boost/math/special_functions/round.hpp:14[m[K,
                 from [01m[K/opt/ros/indigo/include/ros/time.h:58[m[K,
                 from [01m[K/opt/ros/indigo/include/ros/serialization.h:34[m[K,
                 from [01m[K/opt/ros/indigo/include/visualization_msgs/Marker.h:14[m[K,
                 from [01m[K/home/nuc/yi/vins/vins_catkin_ws/src/waypoint_navigator/src/waypoint_navigator_node.cpp:20[m[K:
[01m[K/usr/include/c++/7/iomanip:238:5:[m[K [01;36m[Knote: [m[Kcandidate: template<class _CharT, class _Traits> std::basic_ostream<_CharT, _Traits>& std::operator<<(std::basic_ostream<_CharT, _Traits>&, std::_Setw)
     [01;36m[Koperator[m[K<<(basic_ostream<_CharT, _Traits>& __os, _Setw __f)
     [01;36m[K^~~~~~~~[m[K
[01m[K/usr/include/c++/7/iomanip:238:5:[m[K [01;36m[Knote: [m[K  template argument deduction/substitution failed:
[01m[K/home/nuc/yi/vins/vins_catkin_ws/src/waypoint_navigator/src/waypoint_navigator_node.cpp:494:32:[m[K [01;36m[Knote: [m[K  cannot convert ‘[01m[Kwaypoint_navigator::ROI[m[K’ (type ‘[01m[Kvolatile Rect2d {aka volatile cv::Rect_<double>}[m[K’) to type ‘[01m[Kstd::_Setw[m[K’
         std::cout<< "roi    "<<[01;36m[KROI[m[K<<std::endl;
                                [01;36m[K^~~[m[K
In file included from [01m[K/usr/include/boost/math/policies/error_handling.hpp:12:0[m[K,
                 from [01m[K/usr/include/boost/math/special_functions/round.hpp:14[m[K,
                 from [01m[K/opt/ros/indigo/include/ros/time.h:58[m[K,
                 from [01m[K/opt/ros/indigo/include/ros/serialization.h:34[m[K,
                 from [01m[K/opt/ros/indigo/include/visualization_msgs/Marker.h:14[m[K,
                 from [01m[K/home/nuc/yi/vins/vins_catkin_ws/src/waypoint_navigator/src/waypoint_navigator_node.cpp:20[m[K:
[01m[K/usr/include/c++/7/iomanip:208:5:[m[K [01;36m[Knote: [m[Kcandidate: template<class _CharT, class _Traits> std::basic_ostream<_CharT, _Traits>& std::operator<<(std::basic_ostream<_CharT, _Traits>&, std::_Setprecision)
     [01;36m[Koperator[m[K<<(basic_ostream<_CharT, _Traits>& __os, _Setprecision __f)
     [01;36m[K^~~~~~~~[m[K
[01m[K/usr/include/c++/7/iomanip:208:5:[m[K [01;36m[Knote: [m[K  template argument deduction/substitution failed:
[01m[K/home/nuc/yi/vins/vins_catkin_ws/src/waypoint_navigator/src/waypoint_navigator_node.cpp:494:32:[m[K [01;36m[Knote: [m[K  cannot convert ‘[01m[Kwaypoint_navigator::ROI[m[K’ (type ‘[01m[Kvolatile Rect2d {aka volatile cv::Rect_<double>}[m[K’) to type ‘[01m[Kstd::_Setprecision[m[K’
         std::cout<< "roi    "<<[01;36m[KROI[m[K<<std::endl;
                                [01;36m[K^~~[m[K
In file included from [01m[K/usr/include/boost/math/policies/error_handling.hpp:12:0[m[K,
                 from [01m[K/usr/include/boost/math/special_functions/round.hpp:14[m[K,
                 from [01m[K/opt/ros/indigo/include/ros/time.h:58[m[K,
                 from [01m[K/opt/ros/indigo/include/ros/serialization.h:34[m[K,
                 from [01m[K/opt/ros/indigo/include/visualization_msgs/Marker.h:14[m[K,
                 from [01m[K/home/nuc/yi/vins/vins_catkin_ws/src/waypoint_navigator/src/waypoint_navigator_node.cpp:20[m[K:
[01m[K/usr/include/c++/7/iomanip:178:5:[m[K [01;36m[Knote: [m[Kcandidate: template<class _CharT, class _Traits> std::basic_ostream<_CharT, _Traits>& std::operator<<(std::basic_ostream<_CharT, _Traits>&, std::_Setfill<_CharT>)
     [01;36m[Koperator[m[K<<(basic_ostream<_CharT, _Traits>& __os, _Setfill<_CharT> __f)
     [01;36m[K^~~~~~~~[m[K
[01m[K/usr/include/c++/7/iomanip:178:5:[m[K [01;36m[Knote: [m[K  template argument deduction/substitution failed:
[01m[K/home/nuc/yi/vins/vins_catkin_ws/src/waypoint_navigator/src/waypoint_navigator_node.cpp:494:32:[m[K [01;36m[Knote: [m[K  ‘[01m[Kcv::Rect_<double>[m[K’ is not derived from ‘[01m[Kstd::_Setfill<_CharT>[m[K’
         std::cout<< "roi    "<<[01;36m[KROI[m[K<<std::endl;
                                [01;36m[K^~~[m[K
In file included from [01m[K/usr/include/boost/math/policies/error_handling.hpp:12:0[m[K,
                 from [01m[K/usr/include/boost/math/special_functions/round.hpp:14[m[K,
                 from [01m[K/opt/ros/indigo/include/ros/time.h:58[m[K,
                 from [01m[K/opt/ros/indigo/include/ros/serialization.h:34[m[K,
                 from [01m[K/opt/ros/indigo/include/visualization_msgs/Marker.h:14[m[K,
                 from [01m[K/home/nuc/yi/vins/vins_catkin_ws/src/waypoint_navigator/src/waypoint_navigator_node.cpp:20[m[K:
[01m[K/usr/include/c++/7/iomanip:143:5:[m[K [01;36m[Knote: [m[Kcandidate: template<class _CharT, class _Traits> std::basic_ostream<_CharT, _Traits>& std::operator<<(std::basic_ostream<_CharT, _Traits>&, std::_Setbase)
     [01;36m[Koperator[m[K<<(basic_ostream<_CharT, _Traits>& __os, _Setbase __f)
     [01;36m[K^~~~~~~~[m[K
[01m[K/usr/include/c++/7/iomanip:143:5:[m[K [01;36m[Knote: [m[K  template argument deduction/substitution failed:
[01m[K/home/nuc/yi/vins/vins_catkin_ws/src/waypoint_navigator/src/waypoint_navigator_node.cpp:494:32:[m[K [01;36m[Knote: [m[K  cannot convert ‘[01m[Kwaypoint_navigator::ROI[m[K’ (type ‘[01m[Kvolatile Rect2d {aka volatile cv::Rect_<double>}[m[K’) to type ‘[01m[Kstd::_Setbase[m[K’
         std::cout<< "roi    "<<[01;36m[KROI[m[K<<std::endl;
                                [01;36m[K^~~[m[K
In file included from [01m[K/usr/include/boost/math/policies/error_handling.hpp:12:0[m[K,
                 from [01m[K/usr/include/boost/math/special_functions/round.hpp:14[m[K,
                 from [01m[K/opt/ros/indigo/include/ros/time.h:58[m[K,
                 from [01m[K/opt/ros/indigo/include/ros/serialization.h:34[m[K,
                 from [01m[K/opt/ros/indigo/include/visualization_msgs/Marker.h:14[m[K,
                 from [01m[K/home/nuc/yi/vins/vins_catkin_ws/src/waypoint_navigator/src/waypoint_navigator_node.cpp:20[m[K:
[01m[K/usr/include/c++/7/iomanip:109:5:[m[K [01;36m[Knote: [m[Kcandidate: template<class _CharT, class _Traits> std::basic_ostream<_CharT, _Traits>& std::operator<<(std::basic_ostream<_CharT, _Traits>&, std::_Setiosflags)
     [01;36m[Koperator[m[K<<(basic_ostream<_CharT, _Traits>& __os, _Setiosflags __f)
     [01;36m[K^~~~~~~~[m[K
[01m[K/usr/include/c++/7/iomanip:109:5:[m[K [01;36m[Knote: [m[K  template argument deduction/substitution failed:
[01m[K/home/nuc/yi/vins/vins_catkin_ws/src/waypoint_navigator/src/waypoint_navigator_node.cpp:494:32:[m[K [01;36m[Knote: [m[K  cannot convert ‘[01m[Kwaypoint_navigator::ROI[m[K’ (type ‘[01m[Kvolatile Rect2d {aka volatile cv::Rect_<double>}[m[K’) to type ‘[01m[Kstd::_Setiosflags[m[K’
         std::cout<< "roi    "<<[01;36m[KROI[m[K<<std::endl;
                                [01;36m[K^~~[m[K
In file included from [01m[K/usr/include/boost/math/policies/error_handling.hpp:12:0[m[K,
                 from [01m[K/usr/include/boost/math/special_functions/round.hpp:14[m[K,
                 from [01m[K/opt/ros/indigo/include/ros/time.h:58[m[K,
                 from [01m[K/opt/ros/indigo/include/ros/serialization.h:34[m[K,
                 from [01m[K/opt/ros/indigo/include/visualization_msgs/Marker.h:14[m[K,
                 from [01m[K/home/nuc/yi/vins/vins_catkin_ws/src/waypoint_navigator/src/waypoint_navigator_node.cpp:20[m[K:
[01m[K/usr/include/c++/7/iomanip:79:5:[m[K [01;36m[Knote: [m[Kcandidate: template<class _CharT, class _Traits> std::basic_ostream<_CharT, _Traits>& std::operator<<(std::basic_ostream<_CharT, _Traits>&, std::_Resetiosflags)
     [01;36m[Koperator[m[K<<(basic_ostream<_CharT, _Traits>& __os, _Resetiosflags __f)
     [01;36m[K^~~~~~~~[m[K
[01m[K/usr/include/c++/7/iomanip:79:5:[m[K [01;36m[Knote: [m[K  template argument deduction/substitution failed:
[01m[K/home/nuc/yi/vins/vins_catkin_ws/src/waypoint_navigator/src/waypoint_navigator_node.cpp:494:32:[m[K [01;36m[Knote: [m[K  cannot convert ‘[01m[Kwaypoint_navigator::ROI[m[K’ (type ‘[01m[Kvolatile Rect2d {aka volatile cv::Rect_<double>}[m[K’) to type ‘[01m[Kstd::_Resetiosflags[m[K’
         std::cout<< "roi    "<<[01;36m[KROI[m[K<<std::endl;
                                [01;36m[K^~~[m[K
In file included from [01m[K/usr/include/c++/7/iostream:39:0[m[K,
                 from [01m[K/opt/ros/indigo/include/ros/time.h:54[m[K,
                 from [01m[K/opt/ros/indigo/include/ros/serialization.h:34[m[K,
                 from [01m[K/opt/ros/indigo/include/visualization_msgs/Marker.h:14[m[K,
                 from [01m[K/home/nuc/yi/vins/vins_catkin_ws/src/waypoint_navigator/src/waypoint_navigator_node.cpp:20[m[K:
[01m[K/usr/include/c++/7/ostream:682:5:[m[K [01;36m[Knote: [m[Kcandidate: template<class _Ostream, class _Tp> typename std::enable_if<std::__and_<std::__not_<std::is_lvalue_reference<_Tp> >, std::__is_convertible_to_basic_ostream<_Ostream>, std::__is_insertable<typename std::__is_convertible_to_basic_ostream<_Tp>::__ostream_type, const _Tp&, void> >::value, typename std::__is_convertible_to_basic_ostream<_Tp>::__ostream_type>::type std::operator<<(_Ostream&&, const _Tp&)
     [01;36m[Koperator[m[K<<(_Ostream&& __os, const _Tp& __x)
     [01;36m[K^~~~~~~~[m[K
[01m[K/usr/include/c++/7/ostream:682:5:[m[K [01;36m[Knote: [m[K  template argument deduction/substitution failed:
/usr/include/c++/7/ostream: In substitution of ‘[01m[Ktemplate<class _Ostream, class _Tp> typename std::enable_if<std::__and_<std::__not_<std::is_lvalue_reference<_Tp> >, std::__is_convertible_to_basic_ostream<_Ostream>, std::__is_insertable<typename std::__is_convertible_to_basic_ostream<_Tp>::__ostream_type, const _Tp&, void> >::value, typename std::__is_convertible_to_basic_ostream<_Tp>::__ostream_type>::type std::operator<<(_Ostream&&, const _Tp&) [with _Ostream = std::basic_ostream<char>&; _Tp = volatile cv::Rect_<double>][m[K’:
[01m[K/home/nuc/yi/vins/vins_catkin_ws/src/waypoint_navigator/src/waypoint_navigator_node.cpp:494:32:[m[K   required from here
[01m[K/usr/include/c++/7/ostream:682:5:[m[K [01;31m[Kerror: [m[Kno type named ‘[01m[Ktype[m[K’ in ‘[01m[Kstruct std::enable_if<false, std::basic_ostream<char>&>[m[K’
[01m[K/usr/include/c++/7/ostream:574:5:[m[K [01;36m[Knote: [m[Kcandidate: template<class _Traits> std::basic_ostream<char, _Traits>& std::operator<<(std::basic_ostream<char, _Traits>&, const unsigned char*)
     [01;36m[Koperator[m[K<<(basic_ostream<char, _Traits>& __out, const unsigned char* __s)
     [01;36m[K^~~~~~~~[m[K
[01m[K/usr/include/c++/7/ostream:574:5:[m[K [01;36m[Knote: [m[K  template argument deduction/substitution failed:
[01m[K/home/nuc/yi/vins/vins_catkin_ws/src/waypoint_navigator/src/waypoint_navigator_node.cpp:494:32:[m[K [01;36m[Knote: [m[K  cannot convert ‘[01m[Kwaypoint_navigator::ROI[m[K’ (type ‘[01m[Kvolatile Rect2d {aka volatile cv::Rect_<double>}[m[K’) to type ‘[01m[Kconst unsigned char*[m[K’
         std::cout<< "roi    "<<[01;36m[KROI[m[K<<std::endl;
                                [01;36m[K^~~[m[K
In file included from [01m[K/usr/include/c++/7/iostream:39:0[m[K,
                 from [01m[K/opt/ros/indigo/include/ros/time.h:54[m[K,
                 from [01m[K/opt/ros/indigo/include/ros/serialization.h:34[m[K,
                 from [01m[K/opt/ros/indigo/include/visualization_msgs/Marker.h:14[m[K,
                 from [01m[K/home/nuc/yi/vins/vins_catkin_ws/src/waypoint_navigator/src/waypoint_navigator_node.cpp:20[m[K:
[01m[K/usr/include/c++/7/ostream:569:5:[m[K [01;36m[Knote: [m[Kcandidate: template<class _Traits> std::basic_ostream<char, _Traits>& std::operator<<(std::basic_ostream<char, _Traits>&, const signed char*)
     [01;36m[Koperator[m[K<<(basic_ostream<char, _Traits>& __out, const signed char* __s)
     [01;36m[K^~~~~~~~[m[K
[01m[K/usr/include/c++/7/ostream:569:5:[m[K [01;36m[Knote: [m[K  template argument deduction/substitution failed:
[01m[K/home/nuc/yi/vins/vins_catkin_ws/src/waypoint_navigator/src/waypoint_navigator_node.cpp:494:32:[m[K [01;36m[Knote: [m[K  cannot convert ‘[01m[Kwaypoint_navigator::ROI[m[K’ (type ‘[01m[Kvolatile Rect2d {aka volatile cv::Rect_<double>}[m[K’) to type ‘[01m[Kconst signed char*[m[K’
         std::cout<< "roi    "<<[01;36m[KROI[m[K<<std::endl;
                                [01;36m[K^~~[m[K
In file included from [01m[K/usr/include/c++/7/iostream:39:0[m[K,
                 from [01m[K/opt/ros/indigo/include/ros/time.h:54[m[K,
                 from [01m[K/opt/ros/indigo/include/ros/serialization.h:34[m[K,
                 from [01m[K/opt/ros/indigo/include/visualization_msgs/Marker.h:14[m[K,
                 from [01m[K/home/nuc/yi/vins/vins_catkin_ws/src/waypoint_navigator/src/waypoint_navigator_node.cpp:20[m[K:
[01m[K/usr/include/c++/7/ostream:556:5:[m[K [01;36m[Knote: [m[Kcandidate: template<class _Traits> std::basic_ostream<char, _Traits>& std::operator<<(std::basic_ostream<char, _Traits>&, const char*)
     [01;36m[Koperator[m[K<<(basic_ostream<char, _Traits>& __out, const char* __s)
     [01;36m[K^~~~~~~~[m[K
[01m[K/usr/include/c++/7/ostream:556:5:[m[K [01;36m[Knote: [m[K  template argument deduction/substitution failed:
[01m[K/home/nuc/yi/vins/vins_catkin_ws/src/waypoint_navigator/src/waypoint_navigator_node.cpp:494:32:[m[K [01;36m[Knote: [m[K  cannot convert ‘[01m[Kwaypoint_navigator::ROI[m[K’ (type ‘[01m[Kvolatile Rect2d {aka volatile cv::Rect_<double>}[m[K’) to type ‘[01m[Kconst char*[m[K’
         std::cout<< "roi    "<<[01;36m[KROI[m[K<<std::endl;
                                [01;36m[K^~~[m[K
In file included from [01m[K/usr/include/c++/7/ostream:693:0[m[K,
                 from [01m[K/usr/include/c++/7/iostream:39[m[K,
                 from [01m[K/opt/ros/indigo/include/ros/time.h:54[m[K,
                 from [01m[K/opt/ros/indigo/include/ros/serialization.h:34[m[K,
                 from [01m[K/opt/ros/indigo/include/visualization_msgs/Marker.h:14[m[K,
                 from [01m[K/home/nuc/yi/vins/vins_catkin_ws/src/waypoint_navigator/src/waypoint_navigator_node.cpp:20[m[K:
[01m[K/usr/include/c++/7/bits/ostream.tcc:321:5:[m[K [01;36m[Knote: [m[Kcandidate: template<class _CharT, class _Traits> std::basic_ostream<_CharT, _Traits>& std::operator<<(std::basic_ostream<_CharT, _Traits>&, const char*)
     [01;36m[Koperator[m[K<<(basic_ostream<_CharT, _Traits>& __out, const char* __s)
     [01;36m[K^~~~~~~~[m[K
[01m[K/usr/include/c++/7/bits/ostream.tcc:321:5:[m[K [01;36m[Knote: [m[K  template argument deduction/substitution failed:
[01m[K/home/nuc/yi/vins/vins_catkin_ws/src/waypoint_navigator/src/waypoint_navigator_node.cpp:494:32:[m[K [01;36m[Knote: [m[K  cannot convert ‘[01m[Kwaypoint_navigator::ROI[m[K’ (type ‘[01m[Kvolatile Rect2d {aka volatile cv::Rect_<double>}[m[K’) to type ‘[01m[Kconst char*[m[K’
         std::cout<< "roi    "<<[01;36m[KROI[m[K<<std::endl;
                                [01;36m[K^~~[m[K
In file included from [01m[K/usr/include/c++/7/iostream:39:0[m[K,
                 from [01m[K/opt/ros/indigo/include/ros/time.h:54[m[K,
                 from [01m[K/opt/ros/indigo/include/ros/serialization.h:34[m[K,
                 from [01m[K/opt/ros/indigo/include/visualization_msgs/Marker.h:14[m[K,
                 from [01m[K/home/nuc/yi/vins/vins_catkin_ws/src/waypoint_navigator/src/waypoint_navigator_node.cpp:20[m[K:
[01m[K/usr/include/c++/7/ostream:539:5:[m[K [01;36m[Knote: [m[Kcandidate: template<class _CharT, class _Traits> std::basic_ostream<_CharT, _Traits>& std::operator<<(std::basic_ostream<_CharT, _Traits>&, const _CharT*)
     [01;36m[Koperator[m[K<<(basic_ostream<_CharT, _Traits>& __out, const _CharT* __s)
     [01;36m[K^~~~~~~~[m[K
[01m[K/usr/include/c++/7/ostream:539:5:[m[K [01;36m[Knote: [m[K  template argument deduction/substitution failed:
[01m[K/home/nuc/yi/vins/vins_catkin_ws/src/waypoint_navigator/src/waypoint_navigator_node.cpp:494:32:[m[K [01;36m[Knote: [m[K  mismatched types ‘[01m[Kconst _CharT*[m[K’ and ‘[01m[Kcv::Rect_<double>[m[K’
         std::cout<< "roi    "<<[01;36m[KROI[m[K<<std::endl;
                                [01;36m[K^~~[m[K
In file included from [01m[K/usr/include/c++/7/iostream:39:0[m[K,
                 from [01m[K/opt/ros/indigo/include/ros/time.h:54[m[K,
                 from [01m[K/opt/ros/indigo/include/ros/serialization.h:34[m[K,
                 from [01m[K/opt/ros/indigo/include/visualization_msgs/Marker.h:14[m[K,
                 from [01m[K/home/nuc/yi/vins/vins_catkin_ws/src/waypoint_navigator/src/waypoint_navigator_node.cpp:20[m[K:
[01m[K/usr/include/c++/7/ostream:519:5:[m[K [01;36m[Knote: [m[Kcandidate: template<class _Traits> std::basic_ostream<char, _Traits>& std::operator<<(std::basic_ostream<char, _Traits>&, unsigned char)
     [01;36m[Koperator[m[K<<(basic_ostream<char, _Traits>& __out, unsigned char __c)
     [01;36m[K^~~~~~~~[m[K
[01m[K/usr/include/c++/7/ostream:519:5:[m[K [01;36m[Knote: [m[K  template argument deduction/substitution failed:
[01m[K/home/nuc/yi/vins/vins_catkin_ws/src/waypoint_navigator/src/waypoint_navigator_node.cpp:494:32:[m[K [01;36m[Knote: [m[K  cannot convert ‘[01m[Kwaypoint_navigator::ROI[m[K’ (type ‘[01m[Kvolatile Rect2d {aka volatile cv::Rect_<double>}[m[K’) to type ‘[01m[Kunsigned char[m[K’
         std::cout<< "roi    "<<[01;36m[KROI[m[K<<std::endl;
                                [01;36m[K^~~[m[K
In file included from [01m[K/usr/include/c++/7/iostream:39:0[m[K,
                 from [01m[K/opt/ros/indigo/include/ros/time.h:54[m[K,
                 from [01m[K/opt/ros/indigo/include/ros/serialization.h:34[m[K,
                 from [01m[K/opt/ros/indigo/include/visualization_msgs/Marker.h:14[m[K,
                 from [01m[K/home/nuc/yi/vins/vins_catkin_ws/src/waypoint_navigator/src/waypoint_navigator_node.cpp:20[m[K:
[01m[K/usr/include/c++/7/ostream:514:5:[m[K [01;36m[Knote: [m[Kcandidate: template<class _Traits> std::basic_ostream<char, _Traits>& std::operator<<(std::basic_ostream<char, _Traits>&, signed char)
     [01;36m[Koperator[m[K<<(basic_ostream<char, _Traits>& __out, signed char __c)
     [01;36m[K^~~~~~~~[m[K
[01m[K/usr/include/c++/7/ostream:514:5:[m[K [01;36m[Knote: [m[K  template argument deduction/substitution failed:
[01m[K/home/nuc/yi/vins/vins_catkin_ws/src/waypoint_navigator/src/waypoint_navigator_node.cpp:494:32:[m[K [01;36m[Knote: [m[K  cannot convert ‘[01m[Kwaypoint_navigator::ROI[m[K’ (type ‘[01m[Kvolatile Rect2d {aka volatile cv::Rect_<double>}[m[K’) to type ‘[01m[Ksigned char[m[K’
         std::cout<< "roi    "<<[01;36m[KROI[m[K<<std::endl;
                                [01;36m[K^~~[m[K
In file included from [01m[K/usr/include/c++/7/iostream:39:0[m[K,
                 from [01m[K/opt/ros/indigo/include/ros/time.h:54[m[K,
                 from [01m[K/opt/ros/indigo/include/ros/serialization.h:34[m[K,
                 from [01m[K/opt/ros/indigo/include/visualization_msgs/Marker.h:14[m[K,
                 from [01m[K/home/nuc/yi/vins/vins_catkin_ws/src/waypoint_navigator/src/waypoint_navigator_node.cpp:20[m[K:
[01m[K/usr/include/c++/7/ostream:508:5:[m[K [01;36m[Knote: [m[Kcandidate: template<class _Traits> std::basic_ostream<char, _Traits>& std::operator<<(std::basic_ostream<char, _Traits>&, char)
     [01;36m[Koperator[m[K<<(basic_ostream<char, _Traits>& __out, char __c)
     [01;36m[K^~~~~~~~[m[K
[01m[K/usr/include/c++/7/ostream:508:5:[m[K [01;36m[Knote: [m[K  template argument deduction/substitution failed:
[01m[K/home/nuc/yi/vins/vins_catkin_ws/src/waypoint_navigator/src/waypoint_navigator_node.cpp:494:32:[m[K [01;36m[Knote: [m[K  cannot convert ‘[01m[Kwaypoint_navigator::ROI[m[K’ (type ‘[01m[Kvolatile Rect2d {aka volatile cv::Rect_<double>}[m[K’) to type ‘[01m[Kchar[m[K’
         std::cout<< "roi    "<<[01;36m[KROI[m[K<<std::endl;
                                [01;36m[K^~~[m[K
In file included from [01m[K/usr/include/c++/7/iostream:39:0[m[K,
                 from [01m[K/opt/ros/indigo/include/ros/time.h:54[m[K,
                 from [01m[K/opt/ros/indigo/include/ros/serialization.h:34[m[K,
                 from [01m[K/opt/ros/indigo/include/visualization_msgs/Marker.h:14[m[K,
                 from [01m[K/home/nuc/yi/vins/vins_catkin_ws/src/waypoint_navigator/src/waypoint_navigator_node.cpp:20[m[K:
[01m[K/usr/include/c++/7/ostream:502:5:[m[K [01;36m[Knote: [m[Kcandidate: template<class _CharT, class _Traits> std::basic_ostream<_CharT, _Traits>& std::operator<<(std::basic_ostream<_CharT, _Traits>&, char)
     [01;36m[Koperator[m[K<<(basic_ostream<_CharT, _Traits>& __out, char __c)
     [01;36m[K^~~~~~~~[m[K
[01m[K/usr/include/c++/7/ostream:502:5:[m[K [01;36m[Knote: [m[K  template argument deduction/substitution failed:
[01m[K/home/nuc/yi/vins/vins_catkin_ws/src/waypoint_navigator/src/waypoint_navigator_node.cpp:494:32:[m[K [01;36m[Knote: [m[K  cannot convert ‘[01m[Kwaypoint_navigator::ROI[m[K’ (type ‘[01m[Kvolatile Rect2d {aka volatile cv::Rect_<double>}[m[K’) to type ‘[01m[Kchar[m[K’
         std::cout<< "roi    "<<[01;36m[KROI[m[K<<std::endl;
                                [01;36m[K^~~[m[K
In file included from [01m[K/usr/include/c++/7/iostream:39:0[m[K,
                 from [01m[K/opt/ros/indigo/include/ros/time.h:54[m[K,
                 from [01m[K/opt/ros/indigo/include/ros/serialization.h:34[m[K,
                 from [01m[K/opt/ros/indigo/include/visualization_msgs/Marker.h:14[m[K,
                 from [01m[K/home/nuc/yi/vins/vins_catkin_ws/src/waypoint_navigator/src/waypoint_navigator_node.cpp:20[m[K:
[01m[K/usr/include/c++/7/ostream:497:5:[m[K [01;36m[Knote: [m[Kcandidate: template<class _CharT, class _Traits> std::basic_ostream<_CharT, _Traits>& std::operator<<(std::basic_ostream<_CharT, _Traits>&, _CharT)
     [01;36m[Koperator[m[K<<(basic_ostream<_CharT, _Traits>& __out, _CharT __c)
     [01;36m[K^~~~~~~~[m[K
[01m[K/usr/include/c++/7/ostream:497:5:[m[K [01;36m[Knote: [m[K  template argument deduction/substitution failed:
[01m[K/home/nuc/yi/vins/vins_catkin_ws/src/waypoint_navigator/src/waypoint_navigator_node.cpp:494:32:[m[K [01;36m[Knote: [m[K  deduced conflicting types for parameter ‘[01m[K_CharT[m[K’ (‘[01m[Kchar[m[K’ and ‘[01m[Kcv::Rect_<double>[m[K’)
         std::cout<< "roi    "<<[01;36m[KROI[m[K<<std::endl;
                                [01;36m[K^~~[m[K
In file included from [01m[K/usr/include/c++/7/bits/ios_base.h:46:0[m[K,
                 from [01m[K/usr/include/c++/7/ios:42[m[K,
                 from [01m[K/usr/include/c++/7/ostream:38[m[K,
                 from [01m[K/usr/include/c++/7/iostream:39[m[K,
                 from [01m[K/opt/ros/indigo/include/ros/time.h:54[m[K,
                 from [01m[K/opt/ros/indigo/include/ros/serialization.h:34[m[K,
                 from [01m[K/opt/ros/indigo/include/visualization_msgs/Marker.h:14[m[K,
                 from [01m[K/home/nuc/yi/vins/vins_catkin_ws/src/waypoint_navigator/src/waypoint_navigator_node.cpp:20[m[K:
[01m[K/usr/include/c++/7/system_error:217:5:[m[K [01;36m[Knote: [m[Kcandidate: template<class _CharT, class _Traits> std::basic_ostream<_CharT, _Traits>& std::operator<<(std::basic_ostream<_CharT, _Traits>&, const std::error_code&)
     [01;36m[Koperator[m[K<<(basic_ostream<_CharT, _Traits>& __os, const error_code& __e)
     [01;36m[K^~~~~~~~[m[K
[01m[K/usr/include/c++/7/system_error:217:5:[m[K [01;36m[Knote: [m[K  template argument deduction/substitution failed:
[01m[K/home/nuc/yi/vins/vins_catkin_ws/src/waypoint_navigator/src/waypoint_navigator_node.cpp:494:32:[m[K [01;36m[Knote: [m[K  cannot convert ‘[01m[Kwaypoint_navigator::ROI[m[K’ (type ‘[01m[Kvolatile Rect2d {aka volatile cv::Rect_<double>}[m[K’) to type ‘[01m[Kconst std::error_code&[m[K’
         std::cout<< "roi    "<<[01;36m[KROI[m[K<<std::endl;
                                [01;36m[K^~~[m[K
In file included from [01m[K/usr/include/c++/7/string:52:0[m[K,
                 from [01m[K/opt/ros/indigo/include/visualization_msgs/Marker.h:9[m[K,
                 from [01m[K/home/nuc/yi/vins/vins_catkin_ws/src/waypoint_navigator/src/waypoint_navigator_node.cpp:20[m[K:
[01m[K/usr/include/c++/7/bits/basic_string.h:6284:5:[m[K [01;36m[Knote: [m[Kcandidate: template<class _CharT, class _Traits, class _Alloc> std::basic_ostream<_CharT, _Traits>& std::operator<<(std::basic_ostream<_CharT, _Traits>&, const std::basic_string<_CharT, _Traits, _Alloc>&)
     [01;36m[Koperator[m[K<<(basic_ostream<_CharT, _Traits>& __os,
     [01;36m[K^~~~~~~~[m[K
[01m[K/usr/include/c++/7/bits/basic_string.h:6284:5:[m[K [01;36m[Knote: [m[K  template argument deduction/substitution failed:
[01m[K/home/nuc/yi/vins/vins_catkin_ws/src/waypoint_navigator/src/waypoint_navigator_node.cpp:494:32:[m[K [01;36m[Knote: [m[K  types ‘[01m[Kconst std::basic_string<_CharT, _Traits, _Alloc>[m[K’ and ‘[01m[Kvolatile Rect2d {aka volatile cv::Rect_<double>}[m[K’ have incompatible cv-qualifiers
         std::cout<< "roi    "<<[01;36m[KROI[m[K<<std::endl;
                                [01;36m[K^~~[m[K
In file included from [01m[K/home/nuc/yi/opencv3.4/cmake/include/opencv2/core.hpp:3281:0[m[K,
                 from [01m[K/home/nuc/yi/opencv3.4/cmake/include/opencv2/opencv.hpp:52[m[K,
                 from [01m[K/home/nuc/yi/vins/vins_catkin_ws/src/waypoint_navigator/include/waypoint_navigator/waypoint_navigator_node.h:51[m[K,
                 from [01m[K/home/nuc/yi/vins/vins_catkin_ws/src/waypoint_navigator/src/waypoint_navigator_node.cpp:33[m[K:
[01m[K/home/nuc/yi/opencv3.4/cmake/include/opencv2/core/utility.hpp:425:15:[m[K [01;36m[Knote: [m[Kcandidate: std::ostream& cv::operator<<(std::ostream&, const cv::TickMeter&)
 std::ostream& [01;36m[Koperator[m[K << (std::ostream& out, const TickMeter& tm)
               [01;36m[K^~~~~~~~[m[K
[01m[K/home/nuc/yi/opencv3.4/cmake/include/opencv2/core/utility.hpp:425:15:[m[K [01;36m[Knote: [m[K  no known conversion for argument 2 from ‘[01m[Kvolatile Rect2d {aka volatile cv::Rect_<double>}[m[K’ to ‘[01m[Kconst cv::TickMeter&[m[K’
In file included from [01m[K/home/nuc/yi/opencv3.4/cmake/include/opencv2/core.hpp:3280:0[m[K,
                 from [01m[K/home/nuc/yi/opencv3.4/cmake/include/opencv2/opencv.hpp:52[m[K,
                 from [01m[K/home/nuc/yi/vins/vins_catkin_ws/src/waypoint_navigator/include/waypoint_navigator/waypoint_navigator_node.h:51[m[K,
                 from [01m[K/home/nuc/yi/vins/vins_catkin_ws/src/waypoint_navigator/src/waypoint_navigator_node.cpp:33[m[K:
[01m[K/home/nuc/yi/opencv3.4/cmake/include/opencv2/core/cvstd.inl.hpp:272:29:[m[K [01;36m[Knote: [m[Kcandidate: std::ostream& cv::operator<<(std::ostream&, cv::Range&)
 static inline std::ostream &[01;36m[Koperator[m[K<< (std::ostream &s, cv::Range &r)
                             [01;36m[K^~~~~~~~[m[K
[01m[K/home/nuc/yi/opencv3.4/cmake/include/opencv2/core/cvstd.inl.hpp:272:29:[m[K [01;36m[Knote: [m[K  no known conversion for argument 2 from ‘[01m[Kvolatile Rect2d {aka volatile cv::Rect_<double>}[m[K’ to ‘[01m[Kcv::Range&[m[K’
[01m[K/home/nuc/yi/opencv3.4/cmake/include/opencv2/core/cvstd.inl.hpp:260:29:[m[K [01;36m[Knote: [m[Kcandidate: std::ostream& cv::operator<<(std::ostream&, const cv::MatSize&)
 static inline std::ostream& [01;36m[Koperator[m[K << (std::ostream& out, const MatSize& msize)
                             [01;36m[K^~~~~~~~[m[K
[01m[K/home/nuc/yi/opencv3.4/cmake/include/opencv2/core/cvstd.inl.hpp:260:29:[m[K [01;36m[Knote: [m[K  no known conversion for argument 2 from ‘[01m[Kvolatile Rect2d {aka volatile cv::Rect_<double>}[m[K’ to ‘[01m[Kconst cv::MatSize&[m[K’
[01m[K/home/nuc/yi/opencv3.4/cmake/include/opencv2/core/cvstd.inl.hpp:255:15:[m[K [01;36m[Knote: [m[Kcandidate: template<class _Tp> std::ostream& cv::operator<<(std::ostream&, const cv::Rect_<_Tp>&)
 std::ostream& [01;36m[Koperator[m[K << (std::ostream& out, const Rect_<_Tp>& rect)
               [01;36m[K^~~~~~~~[m[K
[01m[K/home/nuc/yi/opencv3.4/cmake/include/opencv2/core/cvstd.inl.hpp:255:15:[m[K [01;36m[Knote: [m[K  template argument deduction/substitution failed:
[01m[K/home/nuc/yi/vins/vins_catkin_ws/src/waypoint_navigator/src/waypoint_navigator_node.cpp:494:32:[m[K [01;36m[Knote: [m[K  types ‘[01m[Kconst cv::Rect_<_Tp>[m[K’ and ‘[01m[Kvolatile Rect2d {aka volatile cv::Rect_<double>}[m[K’ have incompatible cv-qualifiers
         std::cout<< "roi    "<<[01;36m[KROI[m[K<<std::endl;
                                [01;36m[K^~~[m[K
In file included from [01m[K/home/nuc/yi/opencv3.4/cmake/include/opencv2/core.hpp:3280:0[m[K,
                 from [01m[K/home/nuc/yi/opencv3.4/cmake/include/opencv2/opencv.hpp:52[m[K,
                 from [01m[K/home/nuc/yi/vins/vins_catkin_ws/src/waypoint_navigator/include/waypoint_navigator/waypoint_navigator_node.h:51[m[K,
                 from [01m[K/home/nuc/yi/vins/vins_catkin_ws/src/waypoint_navigator/src/waypoint_navigator_node.cpp:33[m[K:
[01m[K/home/nuc/yi/opencv3.4/cmake/include/opencv2/core/cvstd.inl.hpp:249:15:[m[K [01;36m[Knote: [m[Kcandidate: template<class _Tp> std::ostream& cv::operator<<(std::ostream&, const cv::Size_<_Tp>&)
 std::ostream& [01;36m[Koperator[m[K << (std::ostream& out, const Size_<_Tp>& size)
               [01;36m[K^~~~~~~~[m[K
[01m[K/home/nuc/yi/opencv3.4/cmake/include/opencv2/core/cvstd.inl.hpp:249:15:[m[K [01;36m[Knote: [m[K  template argument deduction/substitution failed:
[01m[K/home/nuc/yi/vins/vins_catkin_ws/src/waypoint_navigator/src/waypoint_navigator_node.cpp:494:32:[m[K [01;36m[Knote: [m[K  types ‘[01m[Kconst cv::Size_<_Tp>[m[K’ and ‘[01m[Kvolatile Rect2d {aka volatile cv::Rect_<double>}[m[K’ have incompatible cv-qualifiers
         std::cout<< "roi    "<<[01;36m[KROI[m[K<<std::endl;
                                [01;36m[K^~~[m[K
In file included from [01m[K/home/nuc/yi/opencv3.4/cmake/include/opencv2/core.hpp:3280:0[m[K,
                 from [01m[K/home/nuc/yi/opencv3.4/cmake/include/opencv2/opencv.hpp:52[m[K,
                 from [01m[K/home/nuc/yi/vins/vins_catkin_ws/src/waypoint_navigator/include/waypoint_navigator/waypoint_navigator_node.h:51[m[K,
                 from [01m[K/home/nuc/yi/vins/vins_catkin_ws/src/waypoint_navigator/src/waypoint_navigator_node.cpp:33[m[K:
[01m[K/home/nuc/yi/opencv3.4/cmake/include/opencv2/core/cvstd.inl.hpp:227:15:[m[K [01;36m[Knote: [m[Kcandidate: template<class _Tp, int n> std::ostream& cv::operator<<(std::ostream&, const cv::Vec<_Tp, m>&)
 std::ostream& [01;36m[Koperator[m[K << (std::ostream& out, const Vec<_Tp, n>& vec)
               [01;36m[K^~~~~~~~[m[K
[01m[K/home/nuc/yi/opencv3.4/cmake/include/opencv2/core/cvstd.inl.hpp:227:15:[m[K [01;36m[Knote: [m[K  template argument deduction/substitution failed:
[01m[K/home/nuc/yi/vins/vins_catkin_ws/src/waypoint_navigator/src/waypoint_navigator_node.cpp:494:32:[m[K [01;36m[Knote: [m[K  types ‘[01m[Kconst cv::Vec<_Tp, m>[m[K’ and ‘[01m[Kvolatile Rect2d {aka volatile cv::Rect_<double>}[m[K’ have incompatible cv-qualifiers
         std::cout<< "roi    "<<[01;36m[KROI[m[K<<std::endl;
                                [01;36m[K^~~[m[K
In file included from [01m[K/home/nuc/yi/opencv3.4/cmake/include/opencv2/core.hpp:3280:0[m[K,
                 from [01m[K/home/nuc/yi/opencv3.4/cmake/include/opencv2/opencv.hpp:52[m[K,
                 from [01m[K/home/nuc/yi/vins/vins_catkin_ws/src/waypoint_navigator/include/waypoint_navigator/waypoint_navigator_node.h:51[m[K,
                 from [01m[K/home/nuc/yi/vins/vins_catkin_ws/src/waypoint_navigator/src/waypoint_navigator_node.cpp:33[m[K:
[01m[K/home/nuc/yi/opencv3.4/cmake/include/opencv2/core/cvstd.inl.hpp:220:15:[m[K [01;36m[Knote: [m[Kcandidate: template<class _Tp> std::ostream& cv::operator<<(std::ostream&, const cv::Point3_<_Tp>&)
 std::ostream& [01;36m[Koperator[m[K << (std::ostream& out, const Point3_<_Tp>& p)
               [01;36m[K^~~~~~~~[m[K
[01m[K/home/nuc/yi/opencv3.4/cmake/include/opencv2/core/cvstd.inl.hpp:220:15:[m[K [01;36m[Knote: [m[K  template argument deduction/substitution failed:
[01m[K/home/nuc/yi/vins/vins_catkin_ws/src/waypoint_navigator/src/waypoint_navigator_node.cpp:494:32:[m[K [01;36m[Knote: [m[K  types ‘[01m[Kconst cv::Point3_<_Tp>[m[K’ and ‘[01m[Kvolatile Rect2d {aka volatile cv::Rect_<double>}[m[K’ have incompatible cv-qualifiers
         std::cout<< "roi    "<<[01;36m[KROI[m[K<<std::endl;
                                [01;36m[K^~~[m[K
In file included from [01m[K/home/nuc/yi/opencv3.4/cmake/include/opencv2/core.hpp:3280:0[m[K,
                 from [01m[K/home/nuc/yi/opencv3.4/cmake/include/opencv2/opencv.hpp:52[m[K,
                 from [01m[K/home/nuc/yi/vins/vins_catkin_ws/src/waypoint_navigator/include/waypoint_navigator/waypoint_navigator_node.h:51[m[K,
                 from [01m[K/home/nuc/yi/vins/vins_catkin_ws/src/waypoint_navigator/src/waypoint_navigator_node.cpp:33[m[K:
[01m[K/home/nuc/yi/opencv3.4/cmake/include/opencv2/core/cvstd.inl.hpp:213:15:[m[K [01;36m[Knote: [m[Kcandidate: template<class _Tp> std::ostream& cv::operator<<(std::ostream&, const cv::Point_<_Tp>&)
 std::ostream& [01;36m[Koperator[m[K << (std::ostream& out, const Point_<_Tp>& p)
               [01;36m[K^~~~~~~~[m[K
[01m[K/home/nuc/yi/opencv3.4/cmake/include/opencv2/core/cvstd.inl.hpp:213:15:[m[K [01;36m[Knote: [m[K  template argument deduction/substitution failed:
[01m[K/home/nuc/yi/vins/vins_catkin_ws/src/waypoint_navigator/src/waypoint_navigator_node.cpp:494:32:[m[K [01;36m[Knote: [m[K  types ‘[01m[Kconst cv::Point_<_Tp>[m[K’ and ‘[01m[Kvolatile Rect2d {aka volatile cv::Rect_<double>}[m[K’ have incompatible cv-qualifiers
         std::cout<< "roi    "<<[01;36m[KROI[m[K<<std::endl;
                                [01;36m[K^~~[m[K
In file included from [01m[K/home/nuc/yi/opencv3.4/cmake/include/opencv2/core.hpp:3280:0[m[K,
                 from [01m[K/home/nuc/yi/opencv3.4/cmake/include/opencv2/opencv.hpp:52[m[K,
                 from [01m[K/home/nuc/yi/vins/vins_catkin_ws/src/waypoint_navigator/include/waypoint_navigator/waypoint_navigator_node.h:51[m[K,
                 from [01m[K/home/nuc/yi/vins/vins_catkin_ws/src/waypoint_navigator/src/waypoint_navigator_node.cpp:33[m[K:
[01m[K/home/nuc/yi/opencv3.4/cmake/include/opencv2/core/cvstd.inl.hpp:207:15:[m[K [01;36m[Knote: [m[Kcandidate: template<class _Tp, int m, int n> std::ostream& cv::operator<<(std::ostream&, const cv::Matx<_Tp, m, n>&)
 std::ostream& [01;36m[Koperator[m[K << (std::ostream& out, const Matx<_Tp, m, n>& matx)
               [01;36m[K^~~~~~~~[m[K
[01m[K/home/nuc/yi/opencv3.4/cmake/include/opencv2/core/cvstd.inl.hpp:207:15:[m[K [01;36m[Knote: [m[K  template argument deduction/substitution failed:
[01m[K/home/nuc/yi/vins/vins_catkin_ws/src/waypoint_navigator/src/waypoint_navigator_node.cpp:494:32:[m[K [01;36m[Knote: [m[K  types ‘[01m[Kconst cv::Matx<_Tp, m, n>[m[K’ and ‘[01m[Kvolatile Rect2d {aka volatile cv::Rect_<double>}[m[K’ have incompatible cv-qualifiers
         std::cout<< "roi    "<<[01;36m[KROI[m[K<<std::endl;
                                [01;36m[K^~~[m[K
In file included from [01m[K/home/nuc/yi/opencv3.4/cmake/include/opencv2/core.hpp:3280:0[m[K,
                 from [01m[K/home/nuc/yi/opencv3.4/cmake/include/opencv2/opencv.hpp:52[m[K,
                 from [01m[K/home/nuc/yi/vins/vins_catkin_ws/src/waypoint_navigator/include/waypoint_navigator/waypoint_navigator_node.h:51[m[K,
                 from [01m[K/home/nuc/yi/vins/vins_catkin_ws/src/waypoint_navigator/src/waypoint_navigator_node.cpp:33[m[K:
[01m[K/home/nuc/yi/opencv3.4/cmake/include/opencv2/core/cvstd.inl.hpp:200:15:[m[K [01;36m[Knote: [m[Kcandidate: template<class _Tp> std::ostream& cv::operator<<(std::ostream&, const std::vector<cv::Point3_<_Tp> >&)
 std::ostream& [01;36m[Koperator[m[K << (std::ostream& out, const std::vector<Point3_<_Tp> >& vec)
               [01;36m[K^~~~~~~~[m[K
[01m[K/home/nuc/yi/opencv3.4/cmake/include/opencv2/core/cvstd.inl.hpp:200:15:[m[K [01;36m[Knote: [m[K  template argument deduction/substitution failed:
[01m[K/home/nuc/yi/vins/vins_catkin_ws/src/waypoint_navigator/src/waypoint_navigator_node.cpp:494:32:[m[K [01;36m[Knote: [m[K  types ‘[01m[Kconst std::vector<cv::Point3_<_Tp> >[m[K’ and ‘[01m[Kvolatile Rect2d {aka volatile cv::Rect_<double>}[m[K’ have incompatible cv-qualifiers
         std::cout<< "roi    "<<[01;36m[KROI[m[K<<std::endl;
                                [01;36m[K^~~[m[K
In file included from [01m[K/home/nuc/yi/opencv3.4/cmake/include/opencv2/core.hpp:3280:0[m[K,
                 from [01m[K/home/nuc/yi/opencv3.4/cmake/include/opencv2/opencv.hpp:52[m[K,
                 from [01m[K/home/nuc/yi/vins/vins_catkin_ws/src/waypoint_navigator/include/waypoint_navigator/waypoint_navigator_node.h:51[m[K,
                 from [01m[K/home/nuc/yi/vins/vins_catkin_ws/src/waypoint_navigator/src/waypoint_navigator_node.cpp:33[m[K:
[01m[K/home/nuc/yi/opencv3.4/cmake/include/opencv2/core/cvstd.inl.hpp:193:15:[m[K [01;36m[Knote: [m[Kcandidate: template<class _Tp> std::ostream& cv::operator<<(std::ostream&, const std::vector<cv::Point_<_Tp> >&)
 std::ostream& [01;36m[Koperator[m[K << (std::ostream& out, const std::vector<Point_<_Tp> >& vec)
               [01;36m[K^~~~~~~~[m[K
[01m[K/home/nuc/yi/opencv3.4/cmake/include/opencv2/core/cvstd.inl.hpp:193:15:[m[K [01;36m[Knote: [m[K  template argument deduction/substitution failed:
[01m[K/home/nuc/yi/vins/vins_catkin_ws/src/waypoint_navigator/src/waypoint_navigator_node.cpp:494:32:[m[K [01;36m[Knote: [m[K  types ‘[01m[Kconst std::vector<cv::Point_<_Tp> >[m[K’ and ‘[01m[Kvolatile Rect2d {aka volatile cv::Rect_<double>}[m[K’ have incompatible cv-qualifiers
         std::cout<< "roi    "<<[01;36m[KROI[m[K<<std::endl;
                                [01;36m[K^~~[m[K
In file included from [01m[K/home/nuc/yi/opencv3.4/cmake/include/opencv2/core.hpp:3280:0[m[K,
                 from [01m[K/home/nuc/yi/opencv3.4/cmake/include/opencv2/opencv.hpp:52[m[K,
                 from [01m[K/home/nuc/yi/vins/vins_catkin_ws/src/waypoint_navigator/include/waypoint_navigator/waypoint_navigator_node.h:51[m[K,
                 from [01m[K/home/nuc/yi/vins/vins_catkin_ws/src/waypoint_navigator/src/waypoint_navigator_node.cpp:33[m[K:
[01m[K/home/nuc/yi/opencv3.4/cmake/include/opencv2/core/cvstd.inl.hpp:187:15:[m[K [01;36m[Knote: [m[Kcandidate: template<class _Tp> std::ostream& cv::operator<<(std::ostream&, const cv::Complex<_Tp>&)
 std::ostream& [01;36m[Koperator[m[K << (std::ostream& out, const Complex<_Tp>& c)
               [01;36m[K^~~~~~~~[m[K
[01m[K/home/nuc/yi/opencv3.4/cmake/include/opencv2/core/cvstd.inl.hpp:187:15:[m[K [01;36m[Knote: [m[K  template argument deduction/substitution failed:
[01m[K/home/nuc/yi/vins/vins_catkin_ws/src/waypoint_navigator/src/waypoint_navigator_node.cpp:494:32:[m[K [01;36m[Knote: [m[K  types ‘[01m[Kconst cv::Complex<_Tp>[m[K’ and ‘[01m[Kvolatile Rect2d {aka volatile cv::Rect_<double>}[m[K’ have incompatible cv-qualifiers
         std::cout<< "roi    "<<[01;36m[KROI[m[K<<std::endl;
                                [01;36m[K^~~[m[K
In file included from [01m[K/home/nuc/yi/opencv3.4/cmake/include/opencv2/core.hpp:3280:0[m[K,
                 from [01m[K/home/nuc/yi/opencv3.4/cmake/include/opencv2/opencv.hpp:52[m[K,
                 from [01m[K/home/nuc/yi/vins/vins_catkin_ws/src/waypoint_navigator/include/waypoint_navigator/waypoint_navigator_node.h:51[m[K,
                 from [01m[K/home/nuc/yi/vins/vins_catkin_ws/src/waypoint_navigator/src/waypoint_navigator_node.cpp:33[m[K:
[01m[K/home/nuc/yi/opencv3.4/cmake/include/opencv2/core/cvstd.inl.hpp:181:15:[m[K [01;36m[Knote: [m[Kcandidate: std::ostream& cv::operator<<(std::ostream&, const cv::UMat&)
 std::ostream& [01;36m[Koperator[m[K << (std::ostream& out, const UMat& m)
               [01;36m[K^~~~~~~~[m[K
[01m[K/home/nuc/yi/opencv3.4/cmake/include/opencv2/core/cvstd.inl.hpp:181:15:[m[K [01;36m[Knote: [m[K  no known conversion for argument 2 from ‘[01m[Kvolatile Rect2d {aka volatile cv::Rect_<double>}[m[K’ to ‘[01m[Kconst cv::UMat&[m[K’
[01m[K/home/nuc/yi/opencv3.4/cmake/include/opencv2/core/cvstd.inl.hpp:175:15:[m[K [01;36m[Knote: [m[Kcandidate: std::ostream& cv::operator<<(std::ostream&, const cv::Mat&)
 std::ostream& [01;36m[Koperator[m[K << (std::ostream& out, const Mat& mtx)
               [01;36m[K^~~~~~~~[m[K
[01m[K/home/nuc/yi/opencv3.4/cmake/include/opencv2/core/cvstd.inl.hpp:175:15:[m[K [01;36m[Knote: [m[K  no known conversion for argument 2 from ‘[01m[Kvolatile Rect2d {aka volatile cv::Rect_<double>}[m[K’ to ‘[01m[Kconst cv::Mat&[m[K’
[01m[K/home/nuc/yi/opencv3.4/cmake/include/opencv2/core/cvstd.inl.hpp:166:15:[m[K [01;36m[Knote: [m[Kcandidate: std::ostream& cv::operator<<(std::ostream&, cv::Ptr<cv::Formatted>)
 std::ostream& [01;36m[Koperator[m[K << (std::ostream& out, Ptr<Formatted> fmtd)
               [01;36m[K^~~~~~~~[m[K
[01m[K/home/nuc/yi/opencv3.4/cmake/include/opencv2/core/cvstd.inl.hpp:166:15:[m[K [01;36m[Knote: [m[K  no known conversion for argument 2 from ‘[01m[Kvolatile Rect2d {aka volatile cv::Rect_<double>}[m[K’ to ‘[01m[Kcv::Ptr<cv::Formatted>[m[K’
[01m[K/home/nuc/yi/opencv3.4/cmake/include/opencv2/core/cvstd.inl.hpp:160:15:[m[K [01;36m[Knote: [m[Kcandidate: std::ostream& cv::operator<<(std::ostream&, const cv::String&)
 std::ostream& [01;36m[Koperator[m[K << (std::ostream& os, const String& str)
               [01;36m[K^~~~~~~~[m[K
[01m[K/home/nuc/yi/opencv3.4/cmake/include/opencv2/core/cvstd.inl.hpp:160:15:[m[K [01;36m[Knote: [m[K  no known conversion for argument 2 from ‘[01m[Kvolatile Rect2d {aka volatile cv::Rect_<double>}[m[K’ to ‘[01m[Kconst cv::String&[m[K’
In file included from [01m[K/home/nuc/yi/opencv3.4/cmake/include/opencv2/opencv.hpp:52:0[m[K,
                 from [01m[K/home/nuc/yi/vins/vins_catkin_ws/src/waypoint_navigator/include/waypoint_navigator/waypoint_navigator_node.h:51[m[K,
                 from [01m[K/home/nuc/yi/vins/vins_catkin_ws/src/waypoint_navigator/src/waypoint_navigator_node.cpp:33[m[K:
[01m[K/home/nuc/yi/opencv3.4/cmake/include/opencv2/core.hpp:3050:9:[m[K [01;36m[Knote: [m[Kcandidate: cv::String& cv::operator<<(cv::String&, const cv::Mat&)
 String& [01;36m[Koperator[m[K << (String& out, const Mat& mtx)
         [01;36m[K^~~~~~~~[m[K
[01m[K/home/nuc/yi/opencv3.4/cmake/include/opencv2/core.hpp:3050:9:[m[K [01;36m[Knote: [m[K  no known conversion for argument 1 from ‘[01m[Kstd::basic_ostream<char>[m[K’ to ‘[01m[Kcv::String&[m[K’
[01m[K/home/nuc/yi/opencv3.4/cmake/include/opencv2/core.hpp:3041:9:[m[K [01;36m[Knote: [m[Kcandidate: cv::String& cv::operator<<(cv::String&, cv::Ptr<cv::Formatted>)
 String& [01;36m[Koperator[m[K << (String& out, Ptr<Formatted> fmtd)
         [01;36m[K^~~~~~~~[m[K
[01m[K/home/nuc/yi/opencv3.4/cmake/include/opencv2/core.hpp:3041:9:[m[K [01;36m[Knote: [m[K  no known conversion for argument 1 from ‘[01m[Kstd::basic_ostream<char>[m[K’ to ‘[01m[Kcv::String&[m[K’
In file included from [01m[K/home/nuc/yi/opencv3.4/cmake/include/opencv2/core.hpp:60:0[m[K,
                 from [01m[K/home/nuc/yi/opencv3.4/cmake/include/opencv2/opencv.hpp:52[m[K,
                 from [01m[K/home/nuc/yi/vins/vins_catkin_ws/src/waypoint_navigator/include/waypoint_navigator/waypoint_navigator_node.h:51[m[K,
                 from [01m[K/home/nuc/yi/vins/vins_catkin_ws/src/waypoint_navigator/src/waypoint_navigator_node.cpp:33[m[K:
[01m[K/home/nuc/yi/opencv3.4/cmake/include/opencv2/core/persistence.hpp:1206:14:[m[K [01;36m[Knote: [m[Kcandidate: cv::FileStorage& cv::operator<<(cv::FileStorage&, char*)
 FileStorage& [01;36m[Koperator[m[K << (FileStorage& fs, char* value)
              [01;36m[K^~~~~~~~[m[K
[01m[K/home/nuc/yi/opencv3.4/cmake/include/opencv2/core/persistence.hpp:1206:14:[m[K [01;36m[Knote: [m[K  no known conversion for argument 1 from ‘[01m[Kstd::basic_ostream<char>[m[K’ to ‘[01m[Kcv::FileStorage&[m[K’
[01m[K/home/nuc/yi/opencv3.4/cmake/include/opencv2/core/persistence.hpp:1198:14:[m[K [01;36m[Knote: [m[Kcandidate: cv::FileStorage& cv::operator<<(cv::FileStorage&, const char*)
 FileStorage& [01;36m[Koperator[m[K << (FileStorage& fs, const char* str)
              [01;36m[K^~~~~~~~[m[K
[01m[K/home/nuc/yi/opencv3.4/cmake/include/opencv2/core/persistence.hpp:1198:14:[m[K [01;36m[Knote: [m[K  no known conversion for argument 1 from ‘[01m[Kstd::basic_ostream<char>[m[K’ to ‘[01m[Kcv::FileStorage&[m[K’
[01m[K/home/nuc/yi/opencv3.4/cmake/include/opencv2/core/persistence.hpp:1183:14:[m[K [01;36m[Knote: [m[Kcandidate: template<class _Tp> cv::FileStorage& cv::operator<<(cv::FileStorage&, const _Tp&)
 FileStorage& [01;36m[Koperator[m[K << (FileStorage& fs, const _Tp& value)
              [01;36m[K^~~~~~~~[m[K
[01m[K/home/nuc/yi/opencv3.4/cmake/include/opencv2/core/persistence.hpp:1183:14:[m[K [01;36m[Knote: [m[K  template argument deduction/substitution failed:
[01m[K/home/nuc/yi/vins/vins_catkin_ws/src/waypoint_navigator/src/waypoint_navigator_node.cpp:494:18:[m[K [01;36m[Knote: [m[K  cannot convert ‘[01m[Kstd::operator<< <std::char_traits<char> >(std::cout, ((const char*)"roi    "))[m[K’ (type ‘[01m[Kstd::basic_ostream<char>[m[K’) to type ‘[01m[Kcv::FileStorage&[m[K’
         [01;36m[Kstd::cout<< "roi    "[m[K<<ROI<<std::endl;
         [01;36m[K~~~~~~~~~^~~~~~~~~~~~[m[K
In file included from [01m[K/home/nuc/yi/opencv3.4/cmake/include/opencv2/core.hpp:60:0[m[K,
                 from [01m[K/home/nuc/yi/opencv3.4/cmake/include/opencv2/opencv.hpp:52[m[K,
                 from [01m[K/home/nuc/yi/vins/vins_catkin_ws/src/waypoint_navigator/include/waypoint_navigator/waypoint_navigator_node.h:51[m[K,
                 from [01m[K/home/nuc/yi/vins/vins_catkin_ws/src/waypoint_navigator/src/waypoint_navigator_node.cpp:33[m[K:
[01m[K/home/nuc/yi/opencv3.4/cmake/include/opencv2/core/persistence.hpp:794:25:[m[K [01;36m[Knote: [m[Kcandidate: cv::FileStorage& cv::operator<<(cv::FileStorage&, const cv::String&)
 CV_EXPORTS FileStorage& [01;36m[Koperator[m[K << (FileStorage& fs, const String& str);
                         [01;36m[K^~~~~~~~[m[K
[01m[K/home/nuc/yi/opencv3.4/cmake/include/opencv2/core/persistence.hpp:794:25:[m[K [01;36m[Knote: [m[K  no known conversion for argument 1 from ‘[01m[Kstd::basic_ostream<char>[m[K’ to ‘[01m[Kcv::FileStorage&[m[K’
In file included from [01m[K/home/nuc/yi/opencv3.4/cmake/include/opencv2/core/mat.hpp:3759:0[m[K,
                 from [01m[K/home/nuc/yi/opencv3.4/cmake/include/opencv2/core.hpp:59[m[K,
                 from [01m[K/home/nuc/yi/opencv3.4/cmake/include/opencv2/opencv.hpp:52[m[K,
                 from [01m[K/home/nuc/yi/vins/vins_catkin_ws/src/waypoint_navigator/include/waypoint_navigator/waypoint_navigator_node.h:51[m[K,
                 from [01m[K/home/nuc/yi/vins/vins_catkin_ws/src/waypoint_navigator/src/waypoint_navigator_node.cpp:33[m[K:
[01m[K/home/nuc/yi/opencv3.4/cmake/include/opencv2/core/mat.inl.hpp:3385:27:[m[K [01;36m[Knote: [m[Kcandidate: template<class _Tp, class T2> cv::MatCommaInitializer_<_Tp> cv::operator<<(const cv::Mat_<_Tp>&, T2)
 MatCommaInitializer_<_Tp> [01;36m[Koperator[m[K << (const Mat_<_Tp>& m, T2 val)
                           [01;36m[K^~~~~~~~[m[K
[01m[K/home/nuc/yi/opencv3.4/cmake/include/opencv2/core/mat.inl.hpp:3385:27:[m[K [01;36m[Knote: [m[K  template argument deduction/substitution failed:
[01m[K/home/nuc/yi/vins/vins_catkin_ws/src/waypoint_navigator/src/waypoint_navigator_node.cpp:494:32:[m[K [01;36m[Knote: [m[K  ‘[01m[Kstd::basic_ostream<char>[m[K’ is not derived from ‘[01m[Kconst cv::Mat_<_Tp>[m[K’
         std::cout<< "roi    "<<[01;36m[KROI[m[K<<std::endl;
                                [01;36m[K^~~[m[K
In file included from [01m[K/home/nuc/yi/opencv3.4/cmake/include/opencv2/core.hpp:57:0[m[K,
                 from [01m[K/home/nuc/yi/opencv3.4/cmake/include/opencv2/opencv.hpp:52[m[K,
                 from [01m[K/home/nuc/yi/vins/vins_catkin_ws/src/waypoint_navigator/include/waypoint_navigator/waypoint_navigator_node.h:51[m[K,
                 from [01m[K/home/nuc/yi/vins/vins_catkin_ws/src/waypoint_navigator/src/waypoint_navigator_node.cpp:33[m[K:
[01m[K/home/nuc/yi/opencv3.4/cmake/include/opencv2/core/matx.hpp:1157:30:[m[K [01;36m[Knote: [m[Kcandidate: template<class _Tp, class _T2, int cn> cv::VecCommaInitializer<_Tp, cn> cv::operator<<(const cv::Vec<_Tp, n>&, _T2)
 VecCommaInitializer<_Tp, cn> [01;36m[Koperator[m[K << (const Vec<_Tp, cn>& vec, _T2 val)
                              [01;36m[K^~~~~~~~[m[K
[01m[K/home/nuc/yi/opencv3.4/cmake/include/opencv2/core/matx.hpp:1157:30:[m[K [01;36m[Knote: [m[K  template argument deduction/substitution failed:
[01m[K/home/nuc/yi/vins/vins_catkin_ws/src/waypoint_navigator/src/waypoint_navigator_node.cpp:494:32:[m[K [01;36m[Knote: [m[K  ‘[01m[Kstd::basic_ostream<char>[m[K’ is not derived from ‘[01m[Kconst cv::Vec<_Tp, n>[m[K’
         std::cout<< "roi    "<<[01;36m[KROI[m[K<<std::endl;
                                [01;36m[K^~~[m[K
In file included from [01m[K/home/nuc/yi/opencv3.4/cmake/include/opencv2/core.hpp:57:0[m[K,
                 from [01m[K/home/nuc/yi/opencv3.4/cmake/include/opencv2/opencv.hpp:52[m[K,
                 from [01m[K/home/nuc/yi/vins/vins_catkin_ws/src/waypoint_navigator/include/waypoint_navigator/waypoint_navigator_node.h:51[m[K,
                 from [01m[K/home/nuc/yi/vins/vins_catkin_ws/src/waypoint_navigator/src/waypoint_navigator_node.cpp:33[m[K:
[01m[K/home/nuc/yi/opencv3.4/cmake/include/opencv2/core/matx.hpp:942:33:[m[K [01;36m[Knote: [m[Kcandidate: template<class _Tp, class _T2, int m, int n> cv::MatxCommaInitializer<_Tp, m, n> cv::operator<<(const cv::Matx<_Tp, m, n>&, _T2)
 MatxCommaInitializer<_Tp, m, n> [01;36m[Koperator[m[K << (const Matx<_Tp, m, n>& mtx, _T2 val)
                                 [01;36m[K^~~~~~~~[m[K
[01m[K/home/nuc/yi/opencv3.4/cmake/include/opencv2/core/matx.hpp:942:33:[m[K [01;36m[Knote: [m[K  template argument deduction/substitution failed:
[01m[K/home/nuc/yi/vins/vins_catkin_ws/src/waypoint_navigator/src/waypoint_navigator_node.cpp:494:32:[m[K [01;36m[Knote: [m[K  ‘[01m[Kstd::basic_ostream<char>[m[K’ is not derived from ‘[01m[Kconst cv::Matx<_Tp, m, n>[m[K’
         std::cout<< "roi    "<<[01;36m[KROI[m[K<<std::endl;
                                [01;36m[K^~~[m[K
make[2]: *** [CMakeFiles/waypoint_navigator_node.dir/src/waypoint_navigator_node.cpp.o] 错误 1
make[1]: *** [CMakeFiles/waypoint_navigator_node.dir/all] 错误 2
make: *** [all] 错误 2
