Determining if the pthread_create exist failed with the following output:
Change Dir: /home/nuc/yi/vins/vins_catkin_ws/build/yaml_cpp_catkin/yaml_cpp_src-prefix/src/yaml_cpp_src-build/CMakeFiles/CMakeTmp

Run Build Command:"/usr/bin/make" "cmTC_26742/fast"
make[3]: 正在进入目录 `/home/nuc/yi/vins/vins_catkin_ws/build/yaml_cpp_catkin/yaml_cpp_src-prefix/src/yaml_cpp_src-build/CMakeFiles/CMakeTmp'
/usr/bin/make -f CMakeFiles/cmTC_26742.dir/build.make CMakeFiles/cmTC_26742.dir/build
make[4]: 正在进入目录 `/home/nuc/yi/vins/vins_catkin_ws/build/yaml_cpp_catkin/yaml_cpp_src-prefix/src/yaml_cpp_src-build/CMakeFiles/CMakeTmp'
Building C object CMakeFiles/cmTC_26742.dir/CheckSymbolExists.c.o
/usr/bin/cc    -o CMakeFiles/cmTC_26742.dir/CheckSymbolExists.c.o   -c /home/nuc/yi/vins/vins_catkin_ws/build/yaml_cpp_catkin/yaml_cpp_src-prefix/src/yaml_cpp_src-build/CMakeFiles/CMakeTmp/CheckSymbolExists.c
Linking C executable cmTC_26742
/usr/local/bin/cmake -E cmake_link_script CMakeFiles/cmTC_26742.dir/link.txt --verbose=1
/usr/bin/cc      -rdynamic CMakeFiles/cmTC_26742.dir/CheckSymbolExists.c.o  -o cmTC_26742 
CMakeFiles/cmTC_26742.dir/CheckSymbolExists.c.o：在函数‘main’中：
CheckSymbolExists.c:(.text+0x16)：对‘pthread_create’未定义的引用
collect2: error: ld returned 1 exit status
make[4]: *** [cmTC_26742] 错误 1
make[4]:正在离开目录 `/home/nuc/yi/vins/vins_catkin_ws/build/yaml_cpp_catkin/yaml_cpp_src-prefix/src/yaml_cpp_src-build/CMakeFiles/CMakeTmp'
make[3]: *** [cmTC_26742/fast] 错误 2
make[3]:正在离开目录 `/home/nuc/yi/vins/vins_catkin_ws/build/yaml_cpp_catkin/yaml_cpp_src-prefix/src/yaml_cpp_src-build/CMakeFiles/CMakeTmp'

File /home/nuc/yi/vins/vins_catkin_ws/build/yaml_cpp_catkin/yaml_cpp_src-prefix/src/yaml_cpp_src-build/CMakeFiles/CMakeTmp/CheckSymbolExists.c:
/* */
#include <pthread.h>

int main(int argc, char** argv)
{
  (void)argv;
#ifndef pthread_create
  return ((int*)(&pthread_create))[argc];
#else
  (void)argc;
  return 0;
#endif
}

Determining if the function pthread_create exists in the pthreads failed with the following output:
Change Dir: /home/nuc/yi/vins/vins_catkin_ws/build/yaml_cpp_catkin/yaml_cpp_src-prefix/src/yaml_cpp_src-build/CMakeFiles/CMakeTmp

Run Build Command:"/usr/bin/make" "cmTC_9eb43/fast"
make[3]: 正在进入目录 `/home/nuc/yi/vins/vins_catkin_ws/build/yaml_cpp_catkin/yaml_cpp_src-prefix/src/yaml_cpp_src-build/CMakeFiles/CMakeTmp'
/usr/bin/make -f CMakeFiles/cmTC_9eb43.dir/build.make CMakeFiles/cmTC_9eb43.dir/build
make[4]: 正在进入目录 `/home/nuc/yi/vins/vins_catkin_ws/build/yaml_cpp_catkin/yaml_cpp_src-prefix/src/yaml_cpp_src-build/CMakeFiles/CMakeTmp'
Building C object CMakeFiles/cmTC_9eb43.dir/CheckFunctionExists.c.o
/usr/bin/cc   -DCHECK_FUNCTION_EXISTS=pthread_create   -o CMakeFiles/cmTC_9eb43.dir/CheckFunctionExists.c.o   -c /usr/local/share/cmake-3.9/Modules/CheckFunctionExists.c
Linking C executable cmTC_9eb43
/usr/local/bin/cmake -E cmake_link_script CMakeFiles/cmTC_9eb43.dir/link.txt --verbose=1
/usr/bin/cc  -DCHECK_FUNCTION_EXISTS=pthread_create    -rdynamic CMakeFiles/cmTC_9eb43.dir/CheckFunctionExists.c.o  -o cmTC_9eb43 -lpthreads 
/usr/bin/ld: 找不到 -lpthreads
collect2: error: ld returned 1 exit status
make[4]: *** [cmTC_9eb43] 错误 1
make[4]:正在离开目录 `/home/nuc/yi/vins/vins_catkin_ws/build/yaml_cpp_catkin/yaml_cpp_src-prefix/src/yaml_cpp_src-build/CMakeFiles/CMakeTmp'
make[3]: *** [cmTC_9eb43/fast] 错误 2
make[3]:正在离开目录 `/home/nuc/yi/vins/vins_catkin_ws/build/yaml_cpp_catkin/yaml_cpp_src-prefix/src/yaml_cpp_src-build/CMakeFiles/CMakeTmp'


