[  0%] Built target geometry_msgs_generate_messages_cpp
[  0%] Built target actionlib_msgs_generate_messages_py
[  0%] Built target nav_msgs_generate_messages_lisp
[  0%] Built target nav_msgs_generate_messages_cpp
[  0%] Built target geometry_msgs_generate_messages_py
[  0%] Built target std_msgs_generate_messages_lisp
[  0%] Built target roscpp_generate_messages_cpp
[  0%] Built target std_msgs_generate_messages_py
[  0%] Built target _rovio_generate_messages_check_deps_SrvResetToPose
[  0%] Built target roscpp_generate_messages_lisp
[  0%] Built target actionlib_msgs_generate_messages_cpp
[  0%] Built target std_msgs_generate_messages_cpp
[  0%] Built target rosgraph_msgs_generate_messages_cpp
[  0%] Built target tf2_msgs_generate_messages_cpp
[  0%] Built target roscpp_generate_messages_py
[  0%] Built target tf_generate_messages_cpp
[  0%] Built target actionlib_msgs_generate_messages_lisp
[  0%] Built target rosgraph_msgs_generate_messages_lisp
[  0%] Built target tf_generate_messages_lisp
[  0%] Built target rosgraph_msgs_generate_messages_py
[  6%] Built target rovio_generate_messages_cpp
[  6%] Built target sensor_msgs_generate_messages_cpp
[  6%] Built target sensor_msgs_generate_messages_lisp
[  6%] Built target tf2_msgs_generate_messages_lisp
[  6%] Built target nav_msgs_generate_messages_py
[  6%] Built target tf_generate_messages_py
[  6%] Built target geometry_msgs_generate_messages_lisp
[ 40%] Built target rovio
[ 40%] Built target sensor_msgs_generate_messages_py
[ 40%] Built target actionlib_generate_messages_cpp
[ 40%] Built target actionlib_generate_messages_lisp
[ 40%] Built target actionlib_generate_messages_py
[ 40%] Built target topic_tools_generate_messages_lisp
[ 40%] Built target tf2_msgs_generate_messages_py
[ 40%] Built target topic_tools_generate_messages_py
[ 40%] Built target topic_tools_generate_messages_cpp
[ 46%] Built target rovio_generate_messages_lisp
[ 60%] Built target rovio_generate_messages_py
[ 73%] Built target feature_tracker_node
[ 73%] Built target rovio_generate_messages
[ 86%] Built target rovio_rosbag_loader
[100%] Built target rovio_node
