[  0%] Built target tf2_msgs_generate_messages_py
[ 14%] Built target mav_disturbance_observer_gencfg
[ 14%] Built target mav_msgs_generate_messages_lisp
[ 14%] Built target _mav_disturbance_observer_generate_messages_check_deps_ObserverState
[ 14%] Built target dynamic_reconfigure_generate_messages_lisp
[ 14%] Built target roscpp_generate_messages_lisp
[ 14%] Built target tf_generate_messages_lisp
[ 14%] Built target trajectory_msgs_generate_messages_lisp
[ 14%] Built target roscpp_generate_messages_py
[ 14%] Built target tf_generate_messages_py
[ 14%] Built target mav_msgs_generate_messages_py
[ 14%] Built target dynamic_reconfigure_generate_messages_py
[ 14%] Built target geometry_msgs_generate_messages_lisp
[ 14%] Built target std_msgs_generate_messages_lisp
[ 14%] Built target geometry_msgs_generate_messages_py
[ 14%] Built target std_msgs_generate_messages_py
[ 14%] Built target trajectory_msgs_generate_messages_cpp
[ 14%] Built target geometry_msgs_generate_messages_cpp
[ 14%] Built target tf2_msgs_generate_messages_cpp
[ 14%] Built target rosgraph_msgs_generate_messages_lisp
[ 14%] Built target dynamic_reconfigure_generate_messages_cpp
[ 14%] Built target roscpp_generate_messages_cpp
[ 14%] Built target trajectory_msgs_generate_messages_py
[ 14%] Built target mav_msgs_generate_messages_cpp
[ 14%] Built target tf_generate_messages_cpp
[ 14%] Built target rosgraph_msgs_generate_messages_cpp
[ 14%] Built target dynamic_reconfigure_gencfg
[ 14%] Built target rosgraph_msgs_generate_messages_py
[ 14%] Built target actionlib_msgs_generate_messages_py
[ 14%] Built target sensor_msgs_generate_messages_cpp
[ 14%] Built target sensor_msgs_generate_messages_lisp
[ 14%] Built target tf2_msgs_generate_messages_lisp
[ 14%] Built target sensor_msgs_generate_messages_py
[ 14%] Built target actionlib_generate_messages_cpp
[ 14%] Built target actionlib_generate_messages_lisp
[ 14%] Built target actionlib_generate_messages_py
[ 14%] Built target std_msgs_generate_messages_cpp
[ 14%] Built target actionlib_msgs_generate_messages_cpp
[ 14%] Built target actionlib_msgs_generate_messages_lisp
[ 28%] Built target mav_disturbance_observer_generate_messages_lisp
[ 57%] Built target mav_disturbance_observer_generate_messages_py
[ 71%] Built target mav_disturbance_observer_generate_messages_cpp
[ 71%] Built target mav_disturbance_observer_generate_messages
[100%] Built target KFDisturbanceObserverLibrary
