Not searching for unused variables given on the command line.
[36m--[0m The C compiler identification is GNU 5.5.0
[36m--[0m The CXX compiler identification is GNU 5.5.0
[36m--[0m Check for working C compiler: /usr/bin/cc
[36m--[0m Check for working C compiler: /usr/bin/cc -- works
[36m--[0m Detecting C compiler ABI info
[36m--[0m Detecting C compiler ABI info - done
[36m--[0m Detecting C compile features
[36m--[0m Detecting C compile features - done
[36m--[0m Check for working CXX compiler: /usr/bin/c++
[36m--[0m Check for working CXX compiler: /usr/bin/c++ -- works
[36m--[0m Detecting CXX compiler ABI info
[36m--[0m Detecting CXX compiler ABI info - done
[36m--[0m Detecting CXX compile features
[36m--[0m Detecting CXX compile features - done
[33m[1mCMake Warning[0m at /home/nuc/wangl/vins_catkin_ws/src/mav_control_rw/mav_nonlinear_mpc/cmake/FindOpenBLAS.cmake:34 (message):
  Openblas not found.  Please try specifying Openblas_ROOT
[36mCall Stack (most recent call first):[0m
  CMakeLists.txt:9 (find_package)


[36m--[0m Openblas not found, trying to use lapacke
[36m--[0m Looking for sgemm_
[36m--[0m Looking for sgemm_ - found
[36m--[0m Looking for pthread.h
[36m--[0m Looking for pthread.h - found
[36m--[0m Looking for pthread_create
[36m--[0m Looking for pthread_create - not found
[36m--[0m Looking for pthread_create in pthreads
[36m--[0m Looking for pthread_create in pthreads - not found
[36m--[0m Looking for pthread_create in pthread
[36m--[0m Looking for pthread_create in pthread - found
[36m--[0m Found Threads: TRUE
[36m--[0m A library with BLAS API found.
[36m--[0m Looking for cheev_
[36m--[0m Looking for cheev_ - found
[36m--[0m A library with LAPACK API found.
[36m--[0m Using CATKIN_DEVEL_PREFIX: /home/nuc/wangl/vins_catkin_ws/devel
[36m--[0m Using CMAKE_PREFIX_PATH: /home/nuc/wangl/vins_catkin_ws/devel;/opt/ros/indigo
[36m--[0m This workspace overlays: /home/nuc/wangl/vins_catkin_ws/devel;/opt/ros/indigo
[36m--[0m Found PythonInterp: /usr/bin/python (found version "2.7.6")
[36m--[0m Using PYTHON_EXECUTABLE: /usr/bin/python
[36m--[0m Using Debian Python package layout
[36m--[0m Using empy: /usr/bin/empy
[36m--[0m Using CATKIN_ENABLE_TESTING: ON
[36m--[0m Call enable_testing()
[36m--[0m Using CATKIN_TEST_RESULTS_DIR: /home/nuc/wangl/vins_catkin_ws/build/mav_nonlinear_mpc/test_results
[36m--[0m Found gtest sources under '/usr/src/gtest': gtests will be built
[36m--[0m Using Python nosetests: /usr/bin/nosetests-2.7
[36m--[0m catkin 0.6.19
[36m--[0m Using these message generators: gencpp;genlisp;genpy
[36m--[0m Found PkgConfig: /usr/bin/pkg-config (found version "0.26")
[36m--[0m Checking for module 'eigen3'
[36m--[0m   Found eigen3, version 3.2.10
[36m--[0m Found Eigen: /usr/local/include/eigen3
[36m--[0m Eigen found (include: /usr/local/include/eigen3)
[36m--[0m Marking SHARED_LIBRARY "mav_nonlinear_mpc_lib" of package "mav_nonlinear_mpc" for installation
[36m--[0m Marking EXECUTABLE "nonlinear_mpc_node" of package "mav_nonlinear_mpc" for installation
[36m--[0m Marking HEADER FILES in "include" folder of package "mav_nonlinear_mpc" for installation
[36m--[0m Marking SHARED CONTENT FOLDER "launch" of package "mav_nonlinear_mpc" for installation
[36m--[0m Configuring done
[36m--[0m Generating done
[36m--[0m Build files have been written to: /home/nuc/wangl/vins_catkin_ws/build/mav_nonlinear_mpc
