Determining if the pthread_create exist failed with the following output:
Change Dir: /home/nuc/yi/vins/vins_catkin_ws/build/hector_gazebo_plugins/CMakeFiles/CMakeTmp

Run Build Command:"/usr/bin/make" "cmTC_a8174/fast"
/usr/bin/make -f CMakeFiles/cmTC_a8174.dir/build.make CMakeFiles/cmTC_a8174.dir/build
make[1]: 正在进入目录 `/home/nuc/yi/vins/vins_catkin_ws/build/hector_gazebo_plugins/CMakeFiles/CMakeTmp'
Building C object CMakeFiles/cmTC_a8174.dir/CheckSymbolExists.c.o
/usr/bin/cc    -o CMakeFiles/cmTC_a8174.dir/CheckSymbolExists.c.o   -c /home/nuc/yi/vins/vins_catkin_ws/build/hector_gazebo_plugins/CMakeFiles/CMakeTmp/CheckSymbolExists.c
Linking C executable cmTC_a8174
/usr/local/bin/cmake -E cmake_link_script CMakeFiles/cmTC_a8174.dir/link.txt --verbose=1
/usr/bin/cc      -rdynamic CMakeFiles/cmTC_a8174.dir/CheckSymbolExists.c.o  -o cmTC_a8174 
CMakeFiles/cmTC_a8174.dir/CheckSymbolExists.c.o：在函数‘main’中：
CheckSymbolExists.c:(.text+0x16)：对‘pthread_create’未定义的引用
collect2: error: ld returned 1 exit status
make[1]: *** [cmTC_a8174] 错误 1
make[1]:正在离开目录 `/home/nuc/yi/vins/vins_catkin_ws/build/hector_gazebo_plugins/CMakeFiles/CMakeTmp'
make: *** [cmTC_a8174/fast] 错误 2

File /home/nuc/yi/vins/vins_catkin_ws/build/hector_gazebo_plugins/CMakeFiles/CMakeTmp/CheckSymbolExists.c:
/* */
#include <pthread.h>

int main(int argc, char** argv)
{
  (void)argv;
#ifndef pthread_create
  return ((int*)(&pthread_create))[argc];
#else
  (void)argc;
  return 0;
#endif
}

Determining if the function pthread_create exists in the pthreads failed with the following output:
Change Dir: /home/nuc/yi/vins/vins_catkin_ws/build/hector_gazebo_plugins/CMakeFiles/CMakeTmp

Run Build Command:"/usr/bin/make" "cmTC_6c3a5/fast"
/usr/bin/make -f CMakeFiles/cmTC_6c3a5.dir/build.make CMakeFiles/cmTC_6c3a5.dir/build
make[1]: 正在进入目录 `/home/nuc/yi/vins/vins_catkin_ws/build/hector_gazebo_plugins/CMakeFiles/CMakeTmp'
Building C object CMakeFiles/cmTC_6c3a5.dir/CheckFunctionExists.c.o
/usr/bin/cc   -DCHECK_FUNCTION_EXISTS=pthread_create   -o CMakeFiles/cmTC_6c3a5.dir/CheckFunctionExists.c.o   -c /usr/local/share/cmake-3.9/Modules/CheckFunctionExists.c
Linking C executable cmTC_6c3a5
/usr/local/bin/cmake -E cmake_link_script CMakeFiles/cmTC_6c3a5.dir/link.txt --verbose=1
/usr/bin/cc  -DCHECK_FUNCTION_EXISTS=pthread_create    -rdynamic CMakeFiles/cmTC_6c3a5.dir/CheckFunctionExists.c.o  -o cmTC_6c3a5 -lpthreads 
/usr/bin/ld: 找不到 -lpthreads
collect2: error: ld returned 1 exit status
make[1]: *** [cmTC_6c3a5] 错误 1
make[1]:正在离开目录 `/home/nuc/yi/vins/vins_catkin_ws/build/hector_gazebo_plugins/CMakeFiles/CMakeTmp'
make: *** [cmTC_6c3a5/fast] 错误 2


