Not searching for unused variables given on the command line.
[36m--[0m The C compiler identification is GNU 5.5.0
[36m--[0m The CXX compiler identification is GNU 5.5.0
[36m--[0m Check for working C compiler: /usr/bin/cc
[36m--[0m Check for working C compiler: /usr/bin/cc -- works
[36m--[0m Detecting C compiler ABI info
[36m--[0m Detecting C compiler ABI info - done
[36m--[0m Detecting C compile features
[36m--[0m Detecting C compile features - done
[36m--[0m Check for working CXX compiler: /usr/bin/c++
[36m--[0m Check for working CXX compiler: /usr/bin/c++ -- works
[36m--[0m Detecting CXX compiler ABI info
[36m--[0m Detecting CXX compiler ABI info - done
[36m--[0m Detecting CXX compile features
[36m--[0m Detecting CXX compile features - done
[36m--[0m Using CATKIN_DEVEL_PREFIX: /home/nuc/wangl/vins_catkin_ws/devel
[36m--[0m Using CMAKE_PREFIX_PATH: /home/nuc/wangl/vins_catkin_ws/devel;/opt/ros/indigo
[36m--[0m This workspace overlays: /home/nuc/wangl/vins_catkin_ws/devel;/opt/ros/indigo
[36m--[0m Found PythonInterp: /usr/bin/python (found version "2.7.6")
[36m--[0m Using PYTHON_EXECUTABLE: /usr/bin/python
[36m--[0m Using Debian Python package layout
[36m--[0m Using empy: /usr/bin/empy
[36m--[0m Using CATKIN_ENABLE_TESTING: ON
[36m--[0m Call enable_testing()
[36m--[0m Using CATKIN_TEST_RESULTS_DIR: /home/nuc/wangl/vins_catkin_ws/build/loop_fusion/test_results
[36m--[0m Looking for pthread.h
[36m--[0m Looking for pthread.h - found
[36m--[0m Looking for pthread_create
[36m--[0m Looking for pthread_create - not found
[36m--[0m Looking for pthread_create in pthreads
[36m--[0m Looking for pthread_create in pthreads - not found
[36m--[0m Looking for pthread_create in pthread
[36m--[0m Looking for pthread_create in pthread - found
[36m--[0m Found Threads: TRUE
[36m--[0m Found gtest sources under '/usr/src/gtest': gtests will be built
[36m--[0m Using Python nosetests: /usr/bin/nosetests-2.7
[36m--[0m catkin 0.6.19
[36m--[0m Using these message generators: gencpp;genlisp;genpy
[36m--[0m Found required Ceres dependency: Eigen version 3.2.10 in /usr/local/include/eigen3
[36m--[0m Found required Ceres dependency: Glog in /usr/include
[36m--[0m Found Ceres version: 1.12.0 installed in: /usr/local with components: [LAPACK, SuiteSparse, SparseLinearAlgebraLibrary, SchurSpecializations, OpenMP]
[36m--[0m Found Eigen3: /usr/local/include/eigen3 (Required is at least version "2.91.0")
[36m--[0m Configuring done
[36m--[0m Generating done
[36m--[0m Build files have been written to: /home/nuc/wangl/vins_catkin_ws/build/loop_fusion
