[01m[K/home/nuc/yi/vins/vins_catkin_ws/src/VINS-Fusion/loop_fusion/src/pose_graph.cpp:[m[K In member function ‘[01m[Kint PoseGraph::detectLoop(KeyFrame*, int)[m[K’:
[01m[K/home/nuc/yi/vins/vins_catkin_ws/src/VINS-Fusion/loop_fusion/src/pose_graph.cpp:409:47:[m[K [01;35m[Kwarning: [m[Kcomparison between signed and unsigned integer expressions [[01;35m[K-Wsign-compare[m[K]
             if (min_index == -1 || (ret[i].Id < min_index && ret[i].Score > 0.015))
In file included from [01m[K/home/nuc/yi/vins/vins_catkin_ws/src/VINS-Fusion/loop_fusion/src/ThirdParty/DBoW/DBoW2.h:63:0[m[K,
                 from [01m[K/home/nuc/yi/vins/vins_catkin_ws/src/VINS-Fusion/loop_fusion/src/keyframe.h:24[m[K,
                 from [01m[K/home/nuc/yi/vins/vins_catkin_ws/src/VINS-Fusion/loop_fusion/src/pose_graph.h:28[m[K,
                 from [01m[K/home/nuc/yi/vins/vins_catkin_ws/src/VINS-Fusion/loop_fusion/src/pose_graph.cpp:12[m[K:
/home/nuc/yi/vins/vins_catkin_ws/src/VINS-Fusion/loop_fusion/src/ThirdParty/DBoW/TemplatedVocabulary.h: In instantiation of ‘[01m[Kvoid DBoW2::TemplatedVocabulary<TDescriptor, F>::loadBin(const string&) [with TDescriptor = boost::dynamic_bitset<>; F = DBoW2::FBrief; std::string = std::basic_string<char>][m[K’:
[01m[K/home/nuc/yi/vins/vins_catkin_ws/src/VINS-Fusion/loop_fusion/src/ThirdParty/DBoW/TemplatedVocabulary.h:439:12:[m[K   required from ‘[01m[KDBoW2::TemplatedVocabulary<TDescriptor, F>::TemplatedVocabulary(const string&) [with TDescriptor = boost::dynamic_bitset<>; F = DBoW2::FBrief; std::string = std::basic_string<char>][m[K’
[01m[K/home/nuc/yi/vins/vins_catkin_ws/src/VINS-Fusion/loop_fusion/src/pose_graph.cpp:64:39:[m[K   required from here
[01m[K/home/nuc/yi/vins/vins_catkin_ws/src/VINS-Fusion/loop_fusion/src/ThirdParty/DBoW/TemplatedVocabulary.h:1529:29:[m[K [01;35m[Kwarning: [m[Kcomparison between signed and unsigned integer expressions [[01;35m[K-Wsign-compare[m[K]
   for(unsigned int i = 0; [01;35m[Ki < voc.nNodes[m[K; ++i)
                           [01;35m[K~~^~~~~~~~~~~~[m[K
[01m[K/home/nuc/yi/vins/vins_catkin_ws/src/VINS-Fusion/loop_fusion/src/ThirdParty/DBoW/TemplatedVocabulary.h:1553:29:[m[K [01;35m[Kwarning: [m[Kcomparison between signed and unsigned integer expressions [[01;35m[K-Wsign-compare[m[K]
   for(unsigned int i = 0; [01;35m[Ki < voc.nWords[m[K; ++i)
                           [01;35m[K~~^~~~~~~~~~~~[m[K
In file included from [01m[K/usr/local/include/eigen3/Eigen/Core:326:0[m[K,
                 from [01m[K/usr/local/include/eigen3/Eigen/Dense:1[m[K,
                 from [01m[K/home/nuc/yi/vins/vins_catkin_ws/src/VINS-Fusion/loop_fusion/src/utility/CameraPoseVisualization.h:16[m[K,
                 from [01m[K/home/nuc/yi/vins/vins_catkin_ws/src/VINS-Fusion/loop_fusion/src/utility/CameraPoseVisualization.cpp:10[m[K:
[01m[K/usr/local/include/eigen3/Eigen/src/Core/products/GeneralBlockPanelKernel.h:[m[K In member function ‘[01m[Kvoid Eigen::internal::gebp_kernel<LhsScalar, RhsScalar, Index, mr, nr, ConjugateLhs, ConjugateRhs>::operator()(Eigen::internal::gebp_kernel<LhsScalar, RhsScalar, Index, mr, nr, ConjugateLhs, ConjugateRhs>::ResScalar*, Index, const LhsScalar*, const RhsScalar*, Index, Index, Index, Eigen::internal::gebp_kernel<LhsScalar, RhsScalar, Index, mr, nr, ConjugateLhs, ConjugateRhs>::ResScalar, Index, Index, Index, Index, RhsScalar*)[m[K’:
[01m[K/usr/local/include/eigen3/Eigen/src/Core/products/GeneralBlockPanelKernel.h:574:9:[m[K [01;35m[Kwarning: [m[Kthis ‘[01m[Kif[m[K’ clause does not guard... [[01;35m[K-Wmisleading-indentation[m[K]
         [01;35m[Kif[m[K(nr==4) traits.initAcc(C3);
         [01;35m[K^~[m[K
[01m[K/usr/local/include/eigen3/Eigen/src/Core/products/GeneralBlockPanelKernel.h:575:19:[m[K [01;36m[Knote: [m[K...this statement, but the latter is misleadingly indented as if it were guarded by the ‘[01m[Kif[m[K’
                   [01;36m[Ktraits[m[K.initAcc(C4);
                   [01;36m[K^~~~~~[m[K
[01m[K/usr/local/include/eigen3/Eigen/src/Core/products/GeneralBlockPanelKernel.h:946:9:[m[K [01;35m[Kwarning: [m[Kthis ‘[01m[Kif[m[K’ clause does not guard... [[01;35m[K-Wmisleading-indentation[m[K]
         [01;35m[Kif[m[K(nr==4) R3 = ploadu<ResPacket>(r3);
         [01;35m[K^~[m[K
[01m[K/usr/local/include/eigen3/Eigen/src/Core/products/GeneralBlockPanelKernel.h:948:19:[m[K [01;36m[Knote: [m[K...this statement, but the latter is misleadingly indented as if it were guarded by the ‘[01m[Kif[m[K’
                   [01;36m[Ktraits[m[K.acc(C0, alphav, R0);
                   [01;36m[K^~~~~~[m[K
[01m[K/usr/local/include/eigen3/Eigen/src/Core/products/GeneralBlockPanelKernel.h:951:9:[m[K [01;35m[Kwarning: [m[Kthis ‘[01m[Kif[m[K’ clause does not guard... [[01;35m[K-Wmisleading-indentation[m[K]
         [01;35m[Kif[m[K(nr==4) traits.acc(C3, alphav, R3);
         [01;35m[K^~[m[K
[01m[K/usr/local/include/eigen3/Eigen/src/Core/products/GeneralBlockPanelKernel.h:953:19:[m[K [01;36m[Knote: [m[K...this statement, but the latter is misleadingly indented as if it were guarded by the ‘[01m[Kif[m[K’
                   [01;36m[Kpstoreu[m[K(r0, R0);
                   [01;36m[K^~~~~~~[m[K
In file included from [01m[K/usr/local/include/eigen3/Eigen/Core:284:0[m[K,
                 from [01m[K/usr/local/include/eigen3/Eigen/Dense:1[m[K,
                 from [01m[K/home/nuc/yi/vins/vins_catkin_ws/src/VINS-Fusion/loop_fusion/src/utility/CameraPoseVisualization.h:16[m[K,
                 from [01m[K/home/nuc/yi/vins/vins_catkin_ws/src/VINS-Fusion/loop_fusion/src/utility/CameraPoseVisualization.cpp:10[m[K:
/usr/local/include/eigen3/Eigen/src/Core/Assign.h: In instantiation of ‘[01m[Kstruct Eigen::internal::assign_traits<Eigen::Matrix<double, 3, 1>, Eigen::Matrix<double, 3, 1> >[m[K’:
[01m[K/usr/local/include/eigen3/Eigen/src/Core/Assign.h:506:64:[m[K   required from ‘[01m[KDerived& Eigen::DenseBase<Derived>::lazyAssign(const Eigen::DenseBase<OtherDerived>&) [with OtherDerived = Eigen::Matrix<double, 3, 1>; Derived = Eigen::Matrix<double, 3, 1>][m[K’
[01m[K/usr/local/include/eigen3/Eigen/src/Core/PlainObjectBase.h:414:30:[m[K   required from ‘[01m[KDerived& Eigen::PlainObjectBase<Derived>::lazyAssign(const Eigen::DenseBase<OtherDerived>&) [with OtherDerived = Eigen::Matrix<double, 3, 1>; Derived = Eigen::Matrix<double, 3, 1>][m[K’
[01m[K/usr/local/include/eigen3/Eigen/src/Core/Assign.h:527:123:[m[K   required from ‘[01m[Kstatic Derived& Eigen::internal::assign_selector<Derived, OtherDerived, false, false>::run(Derived&, const OtherDerived&) [with Derived = Eigen::Matrix<double, 3, 1>; OtherDerived = Eigen::Matrix<double, 3, 1>][m[K’
[01m[K/usr/local/include/eigen3/Eigen/src/Core/PlainObjectBase.h:653:72:[m[K   required from ‘[01m[KDerived& Eigen::PlainObjectBase<Derived>::_set_noalias(const Eigen::DenseBase<OtherDerived>&) [with OtherDerived = Eigen::Matrix<double, 3, 1>; Derived = Eigen::Matrix<double, 3, 1>][m[K’
[01m[K/usr/local/include/eigen3/Eigen/src/Core/Matrix.h:220:27:[m[K   required from ‘[01m[KEigen::Matrix<_Scalar, _Rows, _Cols, _Options, _MaxRows, _MaxCols>::Matrix(Eigen::Matrix<_Scalar, _Rows, _Cols, _Options, _MaxRows, _MaxCols>&&) [with _Scalar = double; int _Rows = 3; int _Cols = 1; int _Options = 0; int _MaxRows = 3; int _MaxCols = 1][m[K’
[01m[K/home/nuc/yi/vins/vins_catkin_ws/src/VINS-Fusion/loop_fusion/src/utility/CameraPoseVisualization.cpp:12:86:[m[K   required from here
[01m[K/usr/local/include/eigen3/Eigen/src/Core/Assign.h:53:57:[m[K [01;35m[Kwarning: [m[Kenum constant in boolean context [[01;35m[K-Wint-in-bool-context[m[K]
     MayLinearVectorize = [01;35m[KMightVectorize && MayLinearize && DstHasDirectAccess[m[K
                          [01;35m[K~~~~~~~~~~~~~~~~~~~~~~~~~~~~~~~^~~~~~~~~~~~~~~~~~~~~[m[K
[01m[K/usr/local/include/eigen3/Eigen/src/Core/Assign.h:57:41:[m[K [01;35m[Kwarning: [m[Kenum constant in boolean context [[01;35m[K-Wint-in-bool-context[m[K]
     MaySliceVectorize  = [01;35m[KMightVectorize && DstHasDirectAccess[m[K
                          [01;35m[K~~~~~~~~~~~~~~~^~~~~~~~~~~~~~~~~~~~~[m[K
/usr/local/include/eigen3/Eigen/src/Core/Assign.h: In instantiation of ‘[01m[Kstruct Eigen::internal::assign_traits<Eigen::Matrix<double, 3, 1>, Eigen::CwiseBinaryOp<Eigen::internal::scalar_sum_op<double>, const Eigen::Matrix<double, 3, 1>, const Eigen::Matrix<double, 3, 1> > >[m[K’:
[01m[K/usr/local/include/eigen3/Eigen/src/Core/Assign.h:506:64:[m[K   required from ‘[01m[KDerived& Eigen::DenseBase<Derived>::lazyAssign(const Eigen::DenseBase<OtherDerived>&) [with OtherDerived = Eigen::CwiseBinaryOp<Eigen::internal::scalar_sum_op<double>, const Eigen::Matrix<double, 3, 1>, const Eigen::Matrix<double, 3, 1> >; Derived = Eigen::Matrix<double, 3, 1>][m[K’
[01m[K/usr/local/include/eigen3/Eigen/src/Core/PlainObjectBase.h:414:30:[m[K   required from ‘[01m[KDerived& Eigen::PlainObjectBase<Derived>::lazyAssign(const Eigen::DenseBase<OtherDerived>&) [with OtherDerived = Eigen::CwiseBinaryOp<Eigen::internal::scalar_sum_op<double>, const Eigen::Matrix<double, 3, 1>, const Eigen::Matrix<double, 3, 1> >; Derived = Eigen::Matrix<double, 3, 1>][m[K’
[01m[K/usr/local/include/eigen3/Eigen/src/Core/Assign.h:527:123:[m[K   required from ‘[01m[Kstatic Derived& Eigen::internal::assign_selector<Derived, OtherDerived, false, false>::run(Derived&, const OtherDerived&) [with Derived = Eigen::Matrix<double, 3, 1>; OtherDerived = Eigen::CwiseBinaryOp<Eigen::internal::scalar_sum_op<double>, const Eigen::Matrix<double, 3, 1>, const Eigen::Matrix<double, 3, 1> >][m[K’
[01m[K/usr/local/include/eigen3/Eigen/src/Core/PlainObjectBase.h:653:72:[m[K   required from ‘[01m[KDerived& Eigen::PlainObjectBase<Derived>::_set_noalias(const Eigen::DenseBase<OtherDerived>&) [with OtherDerived = Eigen::CwiseBinaryOp<Eigen::internal::scalar_sum_op<double>, const Eigen::Matrix<double, 3, 1>, const Eigen::Matrix<double, 3, 1> >; Derived = Eigen::Matrix<double, 3, 1>][m[K’
[01m[K/usr/local/include/eigen3/Eigen/src/Core/Matrix.h:296:25:[m[K   required from ‘[01m[KEigen::Matrix<_Scalar, _Rows, _Cols, _Options, _MaxRows, _MaxCols>::Matrix(const Eigen::MatrixBase<OtherDerived>&) [with OtherDerived = Eigen::CwiseBinaryOp<Eigen::internal::scalar_sum_op<double>, const Eigen::Matrix<double, 3, 1>, const Eigen::Matrix<double, 3, 1> >; _Scalar = double; int _Rows = 3; int _Cols = 1; int _Options = 0; int _MaxRows = 3; int _MaxCols = 1][m[K’
[01m[K/home/nuc/yi/vins/vins_catkin_ws/src/VINS-Fusion/loop_fusion/src/utility/CameraPoseVisualization.cpp:135:47:[m[K   required from here
[01m[K/usr/local/include/eigen3/Eigen/src/Core/Assign.h:53:57:[m[K [01;35m[Kwarning: [m[Kenum constant in boolean context [[01;35m[K-Wint-in-bool-context[m[K]
     MayLinearVectorize = [01;35m[KMightVectorize && MayLinearize && DstHasDirectAccess[m[K
                          [01;35m[K~~~~~~~~~~~~~~~~~~~~~~~~~~~~~~~^~~~~~~~~~~~~~~~~~~~~[m[K
[01m[K/usr/local/include/eigen3/Eigen/src/Core/Assign.h:57:41:[m[K [01;35m[Kwarning: [m[Kenum constant in boolean context [[01;35m[K-Wint-in-bool-context[m[K]
     MaySliceVectorize  = [01;35m[KMightVectorize && DstHasDirectAccess[m[K
                          [01;35m[K~~~~~~~~~~~~~~~^~~~~~~~~~~~~~~~~~~~~[m[K
/usr/local/include/eigen3/Eigen/src/Core/Assign.h: In instantiation of ‘[01m[Kstruct Eigen::internal::assign_traits<Eigen::Matrix<double, 3, 1>, Eigen::CwiseUnaryOp<Eigen::internal::scalar_multiple_op<double>, const Eigen::Matrix<double, 3, 1> > >[m[K’:
[01m[K/usr/local/include/eigen3/Eigen/src/Core/Assign.h:506:64:[m[K   required from ‘[01m[KDerived& Eigen::DenseBase<Derived>::lazyAssign(const Eigen::DenseBase<OtherDerived>&) [with OtherDerived = Eigen::CwiseUnaryOp<Eigen::internal::scalar_multiple_op<double>, const Eigen::Matrix<double, 3, 1> >; Derived = Eigen::Matrix<double, 3, 1>][m[K’
[01m[K/usr/local/include/eigen3/Eigen/src/Core/PlainObjectBase.h:414:30:[m[K   required from ‘[01m[KDerived& Eigen::PlainObjectBase<Derived>::lazyAssign(const Eigen::DenseBase<OtherDerived>&) [with OtherDerived = Eigen::CwiseUnaryOp<Eigen::internal::scalar_multiple_op<double>, const Eigen::Matrix<double, 3, 1> >; Derived = Eigen::Matrix<double, 3, 1>][m[K’
[01m[K/usr/local/include/eigen3/Eigen/src/Core/Assign.h:527:123:[m[K   required from ‘[01m[Kstatic Derived& Eigen::internal::assign_selector<Derived, OtherDerived, false, false>::run(Derived&, const OtherDerived&) [with Derived = Eigen::Matrix<double, 3, 1>; OtherDerived = Eigen::CwiseUnaryOp<Eigen::internal::scalar_multiple_op<double>, const Eigen::Matrix<double, 3, 1> >][m[K’
[01m[K/usr/local/include/eigen3/Eigen/src/Core/PlainObjectBase.h:653:72:[m[K   required from ‘[01m[KDerived& Eigen::PlainObjectBase<Derived>::_set_noalias(const Eigen::DenseBase<OtherDerived>&) [with OtherDerived = Eigen::CwiseUnaryOp<Eigen::internal::scalar_multiple_op<double>, const Eigen::Matrix<double, 3, 1> >; Derived = Eigen::Matrix<double, 3, 1>][m[K’
[01m[K/usr/local/include/eigen3/Eigen/src/Core/Matrix.h:296:25:[m[K   required from ‘[01m[KEigen::Matrix<_Scalar, _Rows, _Cols, _Options, _MaxRows, _MaxCols>::Matrix(const Eigen::MatrixBase<OtherDerived>&) [with OtherDerived = Eigen::CwiseUnaryOp<Eigen::internal::scalar_multiple_op<double>, const Eigen::Matrix<double, 3, 1> >; _Scalar = double; int _Rows = 3; int _Cols = 1; int _Options = 0; int _MaxRows = 3; int _MaxCols = 1][m[K’
[01m[K/usr/local/include/eigen3/Eigen/src/Geometry/RotationBase.h:128:32:[m[K   required from ‘[01m[Kstatic Eigen::internal::rotation_base_generic_product_selector<RotationDerived, OtherVectorType, true>::ReturnType Eigen::internal::rotation_base_generic_product_selector<RotationDerived, OtherVectorType, true>::run(const RotationDerived&, const OtherVectorType&) [with RotationDerived = Eigen::Quaternion<double>; OtherVectorType = Eigen::CwiseUnaryOp<Eigen::internal::scalar_multiple_op<double>, const Eigen::Matrix<double, 3, 1> >; Eigen::internal::rotation_base_generic_product_selector<RotationDerived, OtherVectorType, true>::ReturnType = Eigen::Matrix<double, 3, 1>; typename RotationDerived::Scalar = double][m[K’
[01m[K/usr/local/include/eigen3/Eigen/src/Geometry/RotationBase.h:72:89:[m[K   required from ‘[01m[Ktypename Eigen::internal::rotation_base_generic_product_selector<Derived, OtherDerived, OtherDerived:: IsVectorAtCompileTime>::ReturnType Eigen::RotationBase<Derived, _Dim>::operator*(const Eigen::EigenBase<OtherDerived>&) const [with OtherDerived = Eigen::CwiseUnaryOp<Eigen::internal::scalar_multiple_op<double>, const Eigen::Matrix<double, 3, 1> >; Derived = Eigen::Quaternion<double>; int _Dim = 3; typename Eigen::internal::rotation_base_generic_product_selector<Derived, OtherDerived, OtherDerived:: IsVectorAtCompileTime>::ReturnType = Eigen::Matrix<double, 3, 1>][m[K’
[01m[K/home/nuc/yi/vins/vins_catkin_ws/src/VINS-Fusion/loop_fusion/src/utility/CameraPoseVisualization.cpp:135:35:[m[K   required from here
[01m[K/usr/local/include/eigen3/Eigen/src/Core/Assign.h:53:57:[m[K [01;35m[Kwarning: [m[Kenum constant in boolean context [[01;35m[K-Wint-in-bool-context[m[K]
     MayLinearVectorize = [01;35m[KMightVectorize && MayLinearize && DstHasDirectAccess[m[K
                          [01;35m[K~~~~~~~~~~~~~~~~~~~~~~~~~~~~~~~^~~~~~~~~~~~~~~~~~~~~[m[K
[01m[K/usr/local/include/eigen3/Eigen/src/Core/Assign.h:57:41:[m[K [01;35m[Kwarning: [m[Kenum constant in boolean context [[01;35m[K-Wint-in-bool-context[m[K]
     MaySliceVectorize  = [01;35m[KMightVectorize && DstHasDirectAccess[m[K
                          [01;35m[K~~~~~~~~~~~~~~~^~~~~~~~~~~~~~~~~~~~~[m[K
/usr/local/include/eigen3/Eigen/src/Core/Assign.h: In instantiation of ‘[01m[Kstruct Eigen::internal::assign_traits<Eigen::SelfCwiseBinaryOp<Eigen::internal::scalar_sum_op<double>, Eigen::Matrix<double, 3, 1>, Eigen::Matrix<double, 3, 1> >, Eigen::Matrix<double, 3, 1> >[m[K’:
[01m[K/usr/local/include/eigen3/Eigen/src/Core/SelfCwiseBinaryOp.h:137:64:[m[K   required from ‘[01m[KEigen::SelfCwiseBinaryOp<BinOp, Lhs, Rhs>& Eigen::SelfCwiseBinaryOp<BinOp, Lhs, Rhs>::lazyAssign(const Eigen::DenseBase<OtherDerived>&) [with RhsDerived = Eigen::Matrix<double, 3, 1>; BinaryOp = Eigen::internal::scalar_sum_op<double>; Lhs = Eigen::Matrix<double, 3, 1>; Rhs = Eigen::Matrix<double, 3, 1>][m[K’
[01m[K/usr/local/include/eigen3/Eigen/src/Core/Assign.h:527:123:[m[K   required from ‘[01m[Kstatic Derived& Eigen::internal::assign_selector<Derived, OtherDerived, false, false>::run(Derived&, const OtherDerived&) [with Derived = Eigen::SelfCwiseBinaryOp<Eigen::internal::scalar_sum_op<double>, Eigen::Matrix<double, 3, 1>, Eigen::Matrix<double, 3, 1> >; OtherDerived = Eigen::Matrix<double, 3, 1>][m[K’
[01m[K/usr/local/include/eigen3/Eigen/src/Core/Assign.h:571:62:[m[K   required from ‘[01m[KDerived& Eigen::MatrixBase<Derived>::operator=(const Eigen::DenseBase<OtherDerived>&) [with OtherDerived = Eigen::Matrix<double, 3, 1>; Derived = Eigen::SelfCwiseBinaryOp<Eigen::internal::scalar_sum_op<double>, Eigen::Matrix<double, 3, 1>, Eigen::Matrix<double, 3, 1> >][m[K’
[01m[K/usr/local/include/eigen3/Eigen/src/Core/SelfCwiseBinaryOp.h:150:29:[m[K   required from ‘[01m[KEigen::SelfCwiseBinaryOp<BinOp, Lhs, Rhs>& Eigen::SelfCwiseBinaryOp<BinOp, Lhs, Rhs>::operator=(const Rhs&) [with BinaryOp = Eigen::internal::scalar_sum_op<double>; Lhs = Eigen::Matrix<double, 3, 1>; Rhs = Eigen::Matrix<double, 3, 1>][m[K’
[01m[K/usr/local/include/eigen3/Eigen/src/Core/CwiseBinaryOp.h:224:7:[m[K   required from ‘[01m[KDerived& Eigen::MatrixBase<Derived>::operator+=(const Eigen::MatrixBase<OtherDerived>&) [with OtherDerived = Eigen::Matrix<double, 3, 1>; Derived = Eigen::Matrix<double, 3, 1>][m[K’
[01m[K/usr/local/include/eigen3/Eigen/src/Geometry/Quaternion.h:472:8:[m[K   required from ‘[01m[KEigen::QuaternionBase<Derived>::Vector3 Eigen::QuaternionBase<Derived>::_transformVector(const Vector3&) const [with Derived = Eigen::Quaternion<double>; Eigen::QuaternionBase<Derived>::Vector3 = Eigen::Matrix<double, 3, 1>; typename Eigen::internal::traits<T>::Scalar = double][m[K’
[01m[K/usr/local/include/eigen3/Eigen/src/Geometry/RotationBase.h:128:32:[m[K   required from ‘[01m[Kstatic Eigen::internal::rotation_base_generic_product_selector<RotationDerived, OtherVectorType, true>::ReturnType Eigen::internal::rotation_base_generic_product_selector<RotationDerived, OtherVectorType, true>::run(const RotationDerived&, const OtherVectorType&) [with RotationDerived = Eigen::Quaternion<double>; OtherVectorType = Eigen::CwiseUnaryOp<Eigen::internal::scalar_multiple_op<double>, const Eigen::Matrix<double, 3, 1> >; Eigen::internal::rotation_base_generic_product_selector<RotationDerived, OtherVectorType, true>::ReturnType = Eigen::Matrix<double, 3, 1>; typename RotationDerived::Scalar = double][m[K’
[01m[K/usr/local/include/eigen3/Eigen/src/Geometry/RotationBase.h:72:89:[m[K   required from ‘[01m[Ktypename Eigen::internal::rotation_base_generic_product_selector<Derived, OtherDerived, OtherDerived:: IsVectorAtCompileTime>::ReturnType Eigen::RotationBase<Derived, _Dim>::operator*(const Eigen::EigenBase<OtherDerived>&) const [with OtherDerived = Eigen::CwiseUnaryOp<Eigen::internal::scalar_multiple_op<double>, const Eigen::Matrix<double, 3, 1> >; Derived = Eigen::Quaternion<double>; int _Dim = 3; typename Eigen::internal::rotation_base_generic_product_selector<Derived, OtherDerived, OtherDerived:: IsVectorAtCompileTime>::ReturnType = Eigen::Matrix<double, 3, 1>][m[K’
[01m[K/home/nuc/yi/vins/vins_catkin_ws/src/VINS-Fusion/loop_fusion/src/utility/CameraPoseVisualization.cpp:135:35:[m[K   required from here
[01m[K/usr/local/include/eigen3/Eigen/src/Core/Assign.h:53:57:[m[K [01;35m[Kwarning: [m[Kenum constant in boolean context [[01;35m[K-Wint-in-bool-context[m[K]
     MayLinearVectorize = [01;35m[KMightVectorize && MayLinearize && DstHasDirectAccess[m[K
                          [01;35m[K~~~~~~~~~~~~~~~~~~~~~~~~~~~~~~~^~~~~~~~~~~~~~~~~~~~~[m[K
[01m[K/usr/local/include/eigen3/Eigen/src/Core/Assign.h:57:41:[m[K [01;35m[Kwarning: [m[Kenum constant in boolean context [[01;35m[K-Wint-in-bool-context[m[K]
     MaySliceVectorize  = [01;35m[KMightVectorize && DstHasDirectAccess[m[K
                          [01;35m[K~~~~~~~~~~~~~~~^~~~~~~~~~~~~~~~~~~~~[m[K
/usr/local/include/eigen3/Eigen/src/Core/Assign.h: In instantiation of ‘[01m[Kstruct Eigen::internal::assign_traits<Eigen::Matrix<double, 3, 1>, Eigen::CwiseBinaryOp<Eigen::internal::scalar_sum_op<double>, const Eigen::CwiseBinaryOp<Eigen::internal::scalar_sum_op<double>, const Eigen::Matrix<double, 3, 1>, const Eigen::CwiseUnaryOp<Eigen::internal::scalar_multiple_op<double>, const Eigen::Matrix<double, 3, 1> > >, const Eigen::Matrix<double, 3, 1> > >[m[K’:
[01m[K/usr/local/include/eigen3/Eigen/src/Core/Assign.h:506:64:[m[K   required from ‘[01m[KDerived& Eigen::DenseBase<Derived>::lazyAssign(const Eigen::DenseBase<OtherDerived>&) [with OtherDerived = Eigen::CwiseBinaryOp<Eigen::internal::scalar_sum_op<double>, const Eigen::CwiseBinaryOp<Eigen::internal::scalar_sum_op<double>, const Eigen::Matrix<double, 3, 1>, const Eigen::CwiseUnaryOp<Eigen::internal::scalar_multiple_op<double>, const Eigen::Matrix<double, 3, 1> > >, const Eigen::Matrix<double, 3, 1> >; Derived = Eigen::Matrix<double, 3, 1>][m[K’
[01m[K/usr/local/include/eigen3/Eigen/src/Core/PlainObjectBase.h:414:30:[m[K   required from ‘[01m[KDerived& Eigen::PlainObjectBase<Derived>::lazyAssign(const Eigen::DenseBase<OtherDerived>&) [with OtherDerived = Eigen::CwiseBinaryOp<Eigen::internal::scalar_sum_op<double>, const Eigen::CwiseBinaryOp<Eigen::internal::scalar_sum_op<double>, const Eigen::Matrix<double, 3, 1>, const Eigen::CwiseUnaryOp<Eigen::internal::scalar_multiple_op<double>, const Eigen::Matrix<double, 3, 1> > >, const Eigen::Matrix<double, 3, 1> >; Derived = Eigen::Matrix<double, 3, 1>][m[K’
[01m[K/usr/local/include/eigen3/Eigen/src/Core/Assign.h:527:123:[m[K   required from ‘[01m[Kstatic Derived& Eigen::internal::assign_selector<Derived, OtherDerived, false, false>::run(Derived&, const OtherDerived&) [with Derived = Eigen::Matrix<double, 3, 1>; OtherDerived = Eigen::CwiseBinaryOp<Eigen::internal::scalar_sum_op<double>, const Eigen::CwiseBinaryOp<Eigen::internal::scalar_sum_op<double>, const Eigen::Matrix<double, 3, 1>, const Eigen::CwiseUnaryOp<Eigen::internal::scalar_multiple_op<double>, const Eigen::Matrix<double, 3, 1> > >, const Eigen::Matrix<double, 3, 1> >][m[K’
[01m[K/usr/local/include/eigen3/Eigen/src/Core/PlainObjectBase.h:653:72:[m[K   required from ‘[01m[KDerived& Eigen::PlainObjectBase<Derived>::_set_noalias(const Eigen::DenseBase<OtherDerived>&) [with OtherDerived = Eigen::CwiseBinaryOp<Eigen::internal::scalar_sum_op<double>, const Eigen::CwiseBinaryOp<Eigen::internal::scalar_sum_op<double>, const Eigen::Matrix<double, 3, 1>, const Eigen::CwiseUnaryOp<Eigen::internal::scalar_multiple_op<double>, const Eigen::Matrix<double, 3, 1> > >, const Eigen::Matrix<double, 3, 1> >; Derived = Eigen::Matrix<double, 3, 1>][m[K’
[01m[K/usr/local/include/eigen3/Eigen/src/Core/Matrix.h:296:25:[m[K   required from ‘[01m[KEigen::Matrix<_Scalar, _Rows, _Cols, _Options, _MaxRows, _MaxCols>::Matrix(const Eigen::MatrixBase<OtherDerived>&) [with OtherDerived = Eigen::CwiseBinaryOp<Eigen::internal::scalar_sum_op<double>, const Eigen::CwiseBinaryOp<Eigen::internal::scalar_sum_op<double>, const Eigen::Matrix<double, 3, 1>, const Eigen::CwiseUnaryOp<Eigen::internal::scalar_multiple_op<double>, const Eigen::Matrix<double, 3, 1> > >, const Eigen::Matrix<double, 3, 1> >; _Scalar = double; int _Rows = 3; int _Cols = 1; int _Options = 0; int _MaxRows = 3; int _MaxCols = 1][m[K’
[01m[K/usr/local/include/eigen3/Eigen/src/Geometry/Quaternion.h:473:53:[m[K   required from ‘[01m[KEigen::QuaternionBase<Derived>::Vector3 Eigen::QuaternionBase<Derived>::_transformVector(const Vector3&) const [with Derived = Eigen::Quaternion<double>; Eigen::QuaternionBase<Derived>::Vector3 = Eigen::Matrix<double, 3, 1>; typename Eigen::internal::traits<T>::Scalar = double][m[K’
[01m[K/usr/local/include/eigen3/Eigen/src/Geometry/RotationBase.h:128:32:[m[K   required from ‘[01m[Kstatic Eigen::internal::rotation_base_generic_product_selector<RotationDerived, OtherVectorType, true>::ReturnType Eigen::internal::rotation_base_generic_product_selector<RotationDerived, OtherVectorType, true>::run(const RotationDerived&, const OtherVectorType&) [with RotationDerived = Eigen::Quaternion<double>; OtherVectorType = Eigen::CwiseUnaryOp<Eigen::internal::scalar_multiple_op<double>, const Eigen::Matrix<double, 3, 1> >; Eigen::internal::rotation_base_generic_product_selector<RotationDerived, OtherVectorType, true>::ReturnType = Eigen::Matrix<double, 3, 1>; typename RotationDerived::Scalar = double][m[K’
[01m[K/usr/local/include/eigen3/Eigen/src/Geometry/RotationBase.h:72:89:[m[K   required from ‘[01m[Ktypename Eigen::internal::rotation_base_generic_product_selector<Derived, OtherDerived, OtherDerived:: IsVectorAtCompileTime>::ReturnType Eigen::RotationBase<Derived, _Dim>::operator*(const Eigen::EigenBase<OtherDerived>&) const [with OtherDerived = Eigen::CwiseUnaryOp<Eigen::internal::scalar_multiple_op<double>, const Eigen::Matrix<double, 3, 1> >; Derived = Eigen::Quaternion<double>; int _Dim = 3; typename Eigen::internal::rotation_base_generic_product_selector<Derived, OtherDerived, OtherDerived:: IsVectorAtCompileTime>::ReturnType = Eigen::Matrix<double, 3, 1>][m[K’
[01m[K/home/nuc/yi/vins/vins_catkin_ws/src/VINS-Fusion/loop_fusion/src/utility/CameraPoseVisualization.cpp:135:35:[m[K   required from here
[01m[K/usr/local/include/eigen3/Eigen/src/Core/Assign.h:53:57:[m[K [01;35m[Kwarning: [m[Kenum constant in boolean context [[01;35m[K-Wint-in-bool-context[m[K]
     MayLinearVectorize = [01;35m[KMightVectorize && MayLinearize && DstHasDirectAccess[m[K
                          [01;35m[K~~~~~~~~~~~~~~~~~~~~~~~~~~~~~~~^~~~~~~~~~~~~~~~~~~~~[m[K
[01m[K/usr/local/include/eigen3/Eigen/src/Core/Assign.h:57:41:[m[K [01;35m[Kwarning: [m[Kenum constant in boolean context [[01;35m[K-Wint-in-bool-context[m[K]
     MaySliceVectorize  = [01;35m[KMightVectorize && DstHasDirectAccess[m[K
                          [01;35m[K~~~~~~~~~~~~~~~^~~~~~~~~~~~~~~~~~~~~[m[K
In file included from [01m[K/home/nuc/yi/vins/vins_catkin_ws/src/VINS-Fusion/loop_fusion/src/ThirdParty/VocabularyBinary.cpp:1:0[m[K:
[01m[K/home/nuc/yi/vins/vins_catkin_ws/src/VINS-Fusion/loop_fusion/src/ThirdParty/VocabularyBinary.hpp:[m[K In constructor ‘[01m[KVINSLoop::Vocabulary::Vocabulary()[m[K’:
[01m[K/home/nuc/yi/vins/vins_catkin_ws/src/VINS-Fusion/loop_fusion/src/ThirdParty/VocabularyBinary.hpp:31:11:[m[K [01;35m[Kwarning: [m[K‘[01m[KVINSLoop::Vocabulary::nodes[m[K’ will be initialized after [[01;35m[K-Wreorder[m[K]
     Node* [01;35m[Knodes[m[K;
           [01;35m[K^~~~~[m[K
[01m[K/home/nuc/yi/vins/vins_catkin_ws/src/VINS-Fusion/loop_fusion/src/ThirdParty/VocabularyBinary.hpp:29:13:[m[K [01;35m[Kwarning: [m[K  ‘[01m[Kint32_t VINSLoop::Vocabulary::nWords[m[K’ [[01;35m[K-Wreorder[m[K]
     int32_t [01;35m[KnWords[m[K;
             [01;35m[K^~~~~~[m[K
[01m[K/home/nuc/yi/vins/vins_catkin_ws/src/VINS-Fusion/loop_fusion/src/ThirdParty/VocabularyBinary.cpp:5:1:[m[K [01;35m[Kwarning: [m[K  when initialized here [[01;35m[K-Wreorder[m[K]
 [01;35m[KVINSLoop[m[K::Vocabulary::Vocabulary()
 [01;35m[K^~~~~~~~[m[K
